REQUEST TIME: 16:06:17+00:00
POST /gas/api/taxproducts/options HTTP/1.1

HTTP headers:
Authorization: Bearer MTo1M2E1NjQ3MWZkYmU=
Host: localhost
Connection: keep-alive
Sec-Ch-Ua: "Google Chrome";v="87", " Not;A Brand";v="99", "Chromium";v="87"
Accept: application/json, text/plain, */*
Sec-Ch-Ua-Mobile: ?0
User-Agent: Mozilla/5.0 (Windows NT 10.0; Win64; x64) AppleWebKit/537.36 (KHTML, like Gecko) Chrome/87.0.4280.88 Safari/537.36
Origin: https://auditshub.com
Sec-Fetch-Site: cross-site
Sec-Fetch-Mode: cors
Sec-Fetch-Dest: empty
Accept-Encoding: gzip, deflate, br
Accept-Language: en-GB,en-US;q=0.9,en;q=0.8

Request body:
{"request_madeby_name":"Daniel Vincent Johnson","request_madeby_id":"1","request_madeby_access_level":"admin"}

REQUEST TIME: 16:06:19+00:00
POST /gas/api/taxtype/ HTTP/1.1

HTTP headers:
Authorization: Bearer MTo1M2E1NjQ3MWZkYmU=
Host: localhost
Connection: keep-alive
Sec-Ch-Ua: "Google Chrome";v="87", " Not;A Brand";v="99", "Chromium";v="87"
Accept: application/json, text/plain, */*
Sec-Ch-Ua-Mobile: ?0
User-Agent: Mozilla/5.0 (Windows NT 10.0; Win64; x64) AppleWebKit/537.36 (KHTML, like Gecko) Chrome/87.0.4280.88 Safari/537.36
Origin: https://auditshub.com
Sec-Fetch-Site: cross-site
Sec-Fetch-Mode: cors
Sec-Fetch-Dest: empty
Accept-Encoding: gzip, deflate, br
Accept-Language: en-GB,en-US;q=0.9,en;q=0.8

Request body:
{"result_per_page":20,"page":1,"search":"","request_madeby_name":"Daniel Vincent Johnson","request_madeby_id":"1","request_madeby_access_level":"admin"}

REQUEST TIME: 16:07:00+00:00
POST /gas/api/taxproducts/options HTTP/1.1

HTTP headers:
Authorization: Bearer MTo1M2E1NjQ3MWZkYmU=
Host: localhost
Connection: keep-alive
Sec-Ch-Ua: "Google Chrome";v="87", " Not;A Brand";v="99", "Chromium";v="87"
Accept: application/json, text/plain, */*
Sec-Ch-Ua-Mobile: ?0
User-Agent: Mozilla/5.0 (Windows NT 10.0; Win64; x64) AppleWebKit/537.36 (KHTML, like Gecko) Chrome/87.0.4280.88 Safari/537.36
Origin: https://auditshub.com
Sec-Fetch-Site: cross-site
Sec-Fetch-Mode: cors
Sec-Fetch-Dest: empty
Accept-Encoding: gzip, deflate, br
Accept-Language: en-GB,en-US;q=0.9,en;q=0.8

Request body:
{"request_madeby_name":"Daniel Vincent Johnson","request_madeby_id":"1","request_madeby_access_level":"admin"}

REQUEST TIME: 16:07:05+00:00
POST /gas/api/taxproducts/options HTTP/1.1

HTTP headers:
Authorization: Bearer MTo1M2E1NjQ3MWZkYmU=
Host: localhost
Connection: keep-alive
Sec-Ch-Ua: "Google Chrome";v="87", " Not;A Brand";v="99", "Chromium";v="87"
Accept: application/json, text/plain, */*
Sec-Ch-Ua-Mobile: ?0
User-Agent: Mozilla/5.0 (Windows NT 10.0; Win64; x64) AppleWebKit/537.36 (KHTML, like Gecko) Chrome/87.0.4280.88 Safari/537.36
Origin: https://auditshub.com
Sec-Fetch-Site: cross-site
Sec-Fetch-Mode: cors
Sec-Fetch-Dest: empty
Accept-Encoding: gzip, deflate, br
Accept-Language: en-GB,en-US;q=0.9,en;q=0.8

Request body:
{"request_madeby_name":"Daniel Vincent Johnson","request_madeby_id":"1","request_madeby_access_level":"admin"}

