REQUEST TIME: 10:08:40+00:00
GET /gas/api/ HTTP/1.1

HTTP headers:
Authorization: 
Host: localhost
Connection: keep-alive
Dnt: 1
Upgrade-Insecure-Requests: 1
User-Agent: Mozilla/5.0 (Windows NT 10.0; Win64; x64) AppleWebKit/537.36 (KHTML, like Gecko) Chrome/87.0.4280.88 Safari/537.36 Edg/87.0.664.66
Accept: text/html,application/xhtml+xml,application/xml;q=0.9,image/webp,image/apng,*/*;q=0.8,application/signed-exchange;v=b3;q=0.9
Sec-Fetch-Site: none
Sec-Fetch-Mode: navigate
Sec-Fetch-User: ?1
Sec-Fetch-Dest: document
Accept-Encoding: gzip, deflate, br
Accept-Language: en-US,en;q=0.9
Cookie: __tawkuuid=e::localhost::61zb1OVtKNA+YBG0aPg/VCpjbWXWAfw0zXZkctzbVOBgA7F7tFYDK7JUx3aao7RV::2; PHPSESSID=t21oop1660t1es6tpoi39diq0t; _ga=GA1.1.722967207.1609759735; seen-cookie-message=yes

Request body:


REQUEST TIME: 10:10:21+00:00
GET /gas/api/ HTTP/1.1

HTTP headers:
Authorization: 
Host: localhost
Connection: keep-alive
Cache-Control: max-age=0
Dnt: 1
Upgrade-Insecure-Requests: 1
User-Agent: Mozilla/5.0 (Windows NT 10.0; Win64; x64) AppleWebKit/537.36 (KHTML, like Gecko) Chrome/87.0.4280.88 Safari/537.36 Edg/87.0.664.66
Accept: text/html,application/xhtml+xml,application/xml;q=0.9,image/webp,image/apng,*/*;q=0.8,application/signed-exchange;v=b3;q=0.9
Sec-Fetch-Site: none
Sec-Fetch-Mode: navigate
Sec-Fetch-User: ?1
Sec-Fetch-Dest: document
Accept-Encoding: gzip, deflate, br
Accept-Language: en-US,en;q=0.9
Cookie: __tawkuuid=e::localhost::61zb1OVtKNA+YBG0aPg/VCpjbWXWAfw0zXZkctzbVOBgA7F7tFYDK7JUx3aao7RV::2; PHPSESSID=t21oop1660t1es6tpoi39diq0t; _ga=GA1.1.722967207.1609759735; seen-cookie-message=yes

Request body:


REQUEST TIME: 10:10:31+00:00
GET /gas/api/ HTTP/1.1

HTTP headers:
Authorization: 
Host: localhost
Connection: keep-alive
Cache-Control: max-age=0
Dnt: 1
Upgrade-Insecure-Requests: 1
User-Agent: Mozilla/5.0 (Windows NT 10.0; Win64; x64) AppleWebKit/537.36 (KHTML, like Gecko) Chrome/87.0.4280.88 Safari/537.36 Edg/87.0.664.66
Accept: text/html,application/xhtml+xml,application/xml;q=0.9,image/webp,image/apng,*/*;q=0.8,application/signed-exchange;v=b3;q=0.9
Sec-Fetch-Site: none
Sec-Fetch-Mode: navigate
Sec-Fetch-User: ?1
Sec-Fetch-Dest: document
Accept-Encoding: gzip, deflate, br
Accept-Language: en-US,en;q=0.9
Cookie: __tawkuuid=e::localhost::61zb1OVtKNA+YBG0aPg/VCpjbWXWAfw0zXZkctzbVOBgA7F7tFYDK7JUx3aao7RV::2; PHPSESSID=t21oop1660t1es6tpoi39diq0t; _ga=GA1.1.722967207.1609759735; seen-cookie-message=yes

Request body:


REQUEST TIME: 10:27:09+00:00
GET /gas/api/ HTTP/1.1

HTTP headers:
Authorization: 
Host: localhost
Connection: keep-alive
Cache-Control: max-age=0
Dnt: 1
Upgrade-Insecure-Requests: 1
User-Agent: Mozilla/5.0 (Windows NT 10.0; Win64; x64) AppleWebKit/537.36 (KHTML, like Gecko) Chrome/87.0.4280.88 Safari/537.36 Edg/87.0.664.66
Accept: text/html,application/xhtml+xml,application/xml;q=0.9,image/webp,image/apng,*/*;q=0.8,application/signed-exchange;v=b3;q=0.9
Sec-Fetch-Site: none
Sec-Fetch-Mode: navigate
Sec-Fetch-User: ?1
Sec-Fetch-Dest: document
Accept-Encoding: gzip, deflate, br
Accept-Language: en-US,en;q=0.9
Cookie: __tawkuuid=e::localhost::61zb1OVtKNA+YBG0aPg/VCpjbWXWAfw0zXZkctzbVOBgA7F7tFYDK7JUx3aao7RV::2; PHPSESSID=t21oop1660t1es6tpoi39diq0t; _ga=GA1.1.722967207.1609759735; seen-cookie-message=yes

Request body:


REQUEST TIME: 11:00:29+00:00
POST /gas/api/omc/ HTTP/1.1

HTTP headers:
Authorization: Bearer MTo4YWVmYjE5MjQ1MjU=
Host: localhost
Connection: keep-alive
Accept: application/json, text/plain, */*
User-Agent: Mozilla/5.0 (Windows NT 10.0; Win64; x64) AppleWebKit/537.36 (KHTML, like Gecko) GAS/1.0.0 Chrome/83.0.4103.122 Electron/9.4.0 Safari/537.36
Origin: http://localhost:8080
Sec-Fetch-Site: same-site
Sec-Fetch-Mode: cors
Sec-Fetch-Dest: empty
Referer: http://localhost:8080/petroleume/omc
Accept-Encoding: gzip, deflate, br
Accept-Language: en-US

Request body:
{"result_per_page":20,"page":1,"search":"","request_madeby_name":"Daniel Vincent Johnson","request_madeby_id":"1","request_madeby_access_level":"admin"}

REQUEST TIME: 11:00:36+00:00
POST /gas/api/taxproducts/options HTTP/1.1

HTTP headers:
Authorization: Bearer MTo4YWVmYjE5MjQ1MjU=
Host: localhost
Connection: keep-alive
Accept: application/json, text/plain, */*
User-Agent: Mozilla/5.0 (Windows NT 10.0; Win64; x64) AppleWebKit/537.36 (KHTML, like Gecko) GAS/1.0.0 Chrome/83.0.4103.122 Electron/9.4.0 Safari/537.36
Origin: http://localhost:8080
Sec-Fetch-Site: same-site
Sec-Fetch-Mode: cors
Sec-Fetch-Dest: empty
Referer: http://localhost:8080/petroleume/compute
Accept-Encoding: gzip, deflate, br
Accept-Language: en-US

Request body:
{"request_madeby_name":"Daniel Vincent Johnson","request_madeby_id":"1","request_madeby_access_level":"admin"}

REQUEST TIME: 11:07:01+00:00
POST /gas/api/omc/ HTTP/1.1

HTTP headers:
Authorization: Bearer MTo2YTBmMzBjM2E3ZmY=
Host: localhost
Connection: keep-alive
Accept: application/json, text/plain, */*
User-Agent: Mozilla/5.0 (Windows NT 10.0; Win64; x64) AppleWebKit/537.36 (KHTML, like Gecko) GAS/1.0.0 Chrome/83.0.4103.122 Electron/9.4.0 Safari/537.36
Origin: app://.
Sec-Fetch-Site: cross-site
Sec-Fetch-Mode: cors
Sec-Fetch-Dest: empty
Accept-Encoding: gzip, deflate, br
Accept-Language: en-US

Request body:
{"result_per_page":20,"page":1,"search":"","request_madeby_name":"Daniel Vincent Johnson","request_madeby_id":"1","request_madeby_access_level":"admin"}

REQUEST TIME: 11:07:19+00:00
POST /gas/api/omc/ HTTP/1.1

HTTP headers:
Authorization: Bearer MTo4YTA4Mjg4MzBkYjQ=
Host: localhost
Connection: keep-alive
Accept: application/json, text/plain, */*
User-Agent: Mozilla/5.0 (Windows NT 10.0; Win64; x64) AppleWebKit/537.36 (KHTML, like Gecko) GAS/1.0.0 Chrome/83.0.4103.122 Electron/9.4.0 Safari/537.36
Origin: app://.
Sec-Fetch-Site: cross-site
Sec-Fetch-Mode: cors
Sec-Fetch-Dest: empty
Accept-Encoding: gzip, deflate, br
Accept-Language: en-US

Request body:
{"result_per_page":20,"page":1,"search":"","request_madeby_name":"Daniel Vincent Johnson","request_madeby_id":"1","request_madeby_access_level":"admin"}

REQUEST TIME: 11:07:22+00:00
POST /gas/api/omc/get HTTP/1.1

HTTP headers:
Authorization: Bearer MTo4YTA4Mjg4MzBkYjQ=
Host: localhost
Connection: keep-alive
Accept: application/json, text/plain, */*
User-Agent: Mozilla/5.0 (Windows NT 10.0; Win64; x64) AppleWebKit/537.36 (KHTML, like Gecko) GAS/1.0.0 Chrome/83.0.4103.122 Electron/9.4.0 Safari/537.36
Origin: app://.
Sec-Fetch-Site: cross-site
Sec-Fetch-Mode: cors
Sec-Fetch-Dest: empty
Accept-Encoding: gzip, deflate, br
Accept-Language: en-US

Request body:
{"id":"2","request_madeby_name":"Daniel Vincent Johnson","request_madeby_id":"1","request_madeby_access_level":"admin"}

REQUEST TIME: 11:07:22+00:00
POST /gas/api/receipts/ HTTP/1.1

HTTP headers:
Authorization: Bearer MTo4YTA4Mjg4MzBkYjQ=
Host: localhost
Connection: keep-alive
Accept: application/json, text/plain, */*
User-Agent: Mozilla/5.0 (Windows NT 10.0; Win64; x64) AppleWebKit/537.36 (KHTML, like Gecko) GAS/1.0.0 Chrome/83.0.4103.122 Electron/9.4.0 Safari/537.36
Origin: app://.
Sec-Fetch-Site: cross-site
Sec-Fetch-Mode: cors
Sec-Fetch-Dest: empty
Accept-Encoding: gzip, deflate, br
Accept-Language: en-US

Request body:
{"result_per_page":20,"page":1,"search":"","id":"2","request_madeby_name":"Daniel Vincent Johnson","request_madeby_id":"1","request_madeby_access_level":"admin"}

REQUEST TIME: 11:07:53+00:00
POST /gas/api/omc/import/ HTTP/1.1

HTTP headers:
Authorization: Bearer MTo4YTA4Mjg4MzBkYjQ=
Host: localhost
Connection: keep-alive
Accept: application/json, text/plain, */*
User-Agent: Mozilla/5.0 (Windows NT 10.0; Win64; x64) AppleWebKit/537.36 (KHTML, like Gecko) GAS/1.0.0 Chrome/83.0.4103.122 Electron/9.4.0 Safari/537.36
Origin: app://.
Sec-Fetch-Site: cross-site
Sec-Fetch-Mode: cors
Sec-Fetch-Dest: empty
Accept-Encoding: gzip, deflate, br
Accept-Language: en-US

Request body:


REQUEST TIME: 11:07:55+00:00
POST /gas/api/omc/import_status HTTP/1.1

HTTP headers:
Authorization: Bearer MTo4YTA4Mjg4MzBkYjQ=
Host: localhost
Connection: keep-alive
Accept: application/json, text/plain, */*
User-Agent: Mozilla/5.0 (Windows NT 10.0; Win64; x64) AppleWebKit/537.36 (KHTML, like Gecko) GAS/1.0.0 Chrome/83.0.4103.122 Electron/9.4.0 Safari/537.36
Origin: app://.
Sec-Fetch-Site: cross-site
Sec-Fetch-Mode: cors
Sec-Fetch-Dest: empty
Accept-Encoding: gzip, deflate, br
Accept-Language: en-US

Request body:
{"jobid":"18","request_madeby_name":"Daniel Vincent Johnson","request_madeby_id":"1","request_madeby_access_level":"admin"}

REQUEST TIME: 11:07:59+00:00
POST /gas/api/omc/import_status HTTP/1.1

HTTP headers:
Authorization: Bearer MTo4YTA4Mjg4MzBkYjQ=
Host: localhost
Connection: keep-alive
Accept: application/json, text/plain, */*
User-Agent: Mozilla/5.0 (Windows NT 10.0; Win64; x64) AppleWebKit/537.36 (KHTML, like Gecko) GAS/1.0.0 Chrome/83.0.4103.122 Electron/9.4.0 Safari/537.36
Origin: app://.
Sec-Fetch-Site: cross-site
Sec-Fetch-Mode: cors
Sec-Fetch-Dest: empty
Accept-Encoding: gzip, deflate, br
Accept-Language: en-US

Request body:
{"jobid":"18","request_madeby_name":"Daniel Vincent Johnson","request_madeby_id":"1","request_madeby_access_level":"admin"}

REQUEST TIME: 11:07:59+00:00
POST /gas/api/omc/import_status HTTP/1.1

HTTP headers:
Authorization: Bearer MTo4YTA4Mjg4MzBkYjQ=
Host: localhost
Connection: keep-alive
Accept: application/json, text/plain, */*
User-Agent: Mozilla/5.0 (Windows NT 10.0; Win64; x64) AppleWebKit/537.36 (KHTML, like Gecko) GAS/1.0.0 Chrome/83.0.4103.122 Electron/9.4.0 Safari/537.36
Origin: app://.
Sec-Fetch-Site: cross-site
Sec-Fetch-Mode: cors
Sec-Fetch-Dest: empty
Accept-Encoding: gzip, deflate, br
Accept-Language: en-US

Request body:
{"jobid":"18","request_madeby_name":"Daniel Vincent Johnson","request_madeby_id":"1","request_madeby_access_level":"admin"}

REQUEST TIME: 11:07:59+00:00
POST /gas/api/omc/import_status HTTP/1.1

HTTP headers:
Authorization: Bearer MTo4YTA4Mjg4MzBkYjQ=
Host: localhost
Connection: keep-alive
Accept: application/json, text/plain, */*
User-Agent: Mozilla/5.0 (Windows NT 10.0; Win64; x64) AppleWebKit/537.36 (KHTML, like Gecko) GAS/1.0.0 Chrome/83.0.4103.122 Electron/9.4.0 Safari/537.36
Origin: app://.
Sec-Fetch-Site: cross-site
Sec-Fetch-Mode: cors
Sec-Fetch-Dest: empty
Accept-Encoding: gzip, deflate, br
Accept-Language: en-US

Request body:
{"jobid":"18","request_madeby_name":"Daniel Vincent Johnson","request_madeby_id":"1","request_madeby_access_level":"admin"}

REQUEST TIME: 11:15:38+00:00
POST /gas/api/omc/import/ HTTP/1.1

HTTP headers:
Authorization: Bearer MTo4YTA4Mjg4MzBkYjQ=
Host: localhost
Connection: keep-alive
Accept: application/json, text/plain, */*
User-Agent: Mozilla/5.0 (Windows NT 10.0; Win64; x64) AppleWebKit/537.36 (KHTML, like Gecko) GAS/1.0.0 Chrome/83.0.4103.122 Electron/9.4.0 Safari/537.36
Origin: app://.
Sec-Fetch-Site: cross-site
Sec-Fetch-Mode: cors
Sec-Fetch-Dest: empty
Accept-Encoding: gzip, deflate, br
Accept-Language: en-US

Request body:


REQUEST TIME: 11:15:40+00:00
POST /gas/api/omc/import_status HTTP/1.1

HTTP headers:
Authorization: Bearer MTo4YTA4Mjg4MzBkYjQ=
Host: localhost
Connection: keep-alive
Accept: application/json, text/plain, */*
User-Agent: Mozilla/5.0 (Windows NT 10.0; Win64; x64) AppleWebKit/537.36 (KHTML, like Gecko) GAS/1.0.0 Chrome/83.0.4103.122 Electron/9.4.0 Safari/537.36
Origin: app://.
Sec-Fetch-Site: cross-site
Sec-Fetch-Mode: cors
Sec-Fetch-Dest: empty
Accept-Encoding: gzip, deflate, br
Accept-Language: en-US

Request body:
{"jobid":"19","request_madeby_name":"Daniel Vincent Johnson","request_madeby_id":"1","request_madeby_access_level":"admin"}

REQUEST TIME: 11:15:41+00:00
POST /gas/api/omc/import_status HTTP/1.1

HTTP headers:
Authorization: Bearer MTo4YTA4Mjg4MzBkYjQ=
Host: localhost
Connection: keep-alive
Accept: application/json, text/plain, */*
User-Agent: Mozilla/5.0 (Windows NT 10.0; Win64; x64) AppleWebKit/537.36 (KHTML, like Gecko) GAS/1.0.0 Chrome/83.0.4103.122 Electron/9.4.0 Safari/537.36
Origin: app://.
Sec-Fetch-Site: cross-site
Sec-Fetch-Mode: cors
Sec-Fetch-Dest: empty
Accept-Encoding: gzip, deflate, br
Accept-Language: en-US

Request body:
{"jobid":"19","request_madeby_name":"Daniel Vincent Johnson","request_madeby_id":"1","request_madeby_access_level":"admin"}

REQUEST TIME: 11:15:42+00:00
POST /gas/api/omc/import_status HTTP/1.1

HTTP headers:
Authorization: Bearer MTo4YTA4Mjg4MzBkYjQ=
Host: localhost
Connection: keep-alive
Accept: application/json, text/plain, */*
User-Agent: Mozilla/5.0 (Windows NT 10.0; Win64; x64) AppleWebKit/537.36 (KHTML, like Gecko) GAS/1.0.0 Chrome/83.0.4103.122 Electron/9.4.0 Safari/537.36
Origin: app://.
Sec-Fetch-Site: cross-site
Sec-Fetch-Mode: cors
Sec-Fetch-Dest: empty
Accept-Encoding: gzip, deflate, br
Accept-Language: en-US

Request body:
{"jobid":"19","request_madeby_name":"Daniel Vincent Johnson","request_madeby_id":"1","request_madeby_access_level":"admin"}

REQUEST TIME: 11:15:42+00:00
POST /gas/api/receipts/ HTTP/1.1

HTTP headers:
Authorization: Bearer MTo4YTA4Mjg4MzBkYjQ=
Host: localhost
Connection: keep-alive
Accept: application/json, text/plain, */*
User-Agent: Mozilla/5.0 (Windows NT 10.0; Win64; x64) AppleWebKit/537.36 (KHTML, like Gecko) GAS/1.0.0 Chrome/83.0.4103.122 Electron/9.4.0 Safari/537.36
Origin: app://.
Sec-Fetch-Site: cross-site
Sec-Fetch-Mode: cors
Sec-Fetch-Dest: empty
Accept-Encoding: gzip, deflate, br
Accept-Language: en-US

Request body:
{"result_per_page":20,"page":1,"search":"","id":"2","request_madeby_name":"Daniel Vincent Johnson","request_madeby_id":"1","request_madeby_access_level":"admin"}

REQUEST TIME: 11:41:53+00:00
POST /gas/api/omc/ HTTP/1.1

HTTP headers:
Authorization: Bearer MTo4YTA4Mjg4MzBkYjQ=
Host: localhost
Connection: keep-alive
Accept: application/json, text/plain, */*
User-Agent: Mozilla/5.0 (Windows NT 10.0; Win64; x64) AppleWebKit/537.36 (KHTML, like Gecko) GAS/1.0.0 Chrome/83.0.4103.122 Electron/9.4.0 Safari/537.36
Origin: app://.
Sec-Fetch-Site: cross-site
Sec-Fetch-Mode: cors
Sec-Fetch-Dest: empty
Accept-Encoding: gzip, deflate, br
Accept-Language: en-US

Request body:
{"result_per_page":20,"page":1,"search":"","request_madeby_name":"Daniel Vincent Johnson","request_madeby_id":"1","request_madeby_access_level":"admin"}

REQUEST TIME: 11:42:22+00:00
POST /gas/api/home/ HTTP/1.1

HTTP headers:
Authorization: Bearer MTo1YTU2MDNjMjIzMDU=
Host: localhost
Connection: keep-alive
Accept: application/json, text/plain, */*
User-Agent: Mozilla/5.0 (Windows NT 10.0; Win64; x64) AppleWebKit/537.36 (KHTML, like Gecko) GAS/1.0.0 Chrome/83.0.4103.122 Electron/9.4.0 Safari/537.36
Origin: app://.
Sec-Fetch-Site: cross-site
Sec-Fetch-Mode: cors
Sec-Fetch-Dest: empty
Accept-Encoding: gzip, deflate, br
Accept-Language: en-US

Request body:
{"access_type":"admin","user_id":"1","request_madeby_name":"Daniel Vincent Johnson","request_madeby_id":"1","request_madeby_access_level":"admin"}

REQUEST TIME: 11:42:47+00:00
POST /gas/api/home/ HTTP/1.1

HTTP headers:
Authorization: Bearer MTo1YTU2MDNjMjIzMDU=
Host: localhost
Connection: keep-alive
Accept: application/json, text/plain, */*
User-Agent: Mozilla/5.0 (Windows NT 10.0; Win64; x64) AppleWebKit/537.36 (KHTML, like Gecko) GAS/1.0.0 Chrome/83.0.4103.122 Electron/9.4.0 Safari/537.36
Origin: app://.
Sec-Fetch-Site: cross-site
Sec-Fetch-Mode: cors
Sec-Fetch-Dest: empty
Accept-Encoding: gzip, deflate, br
Accept-Language: en-US

Request body:
{"access_type":"admin","user_id":"1","request_madeby_name":"Daniel Vincent Johnson","request_madeby_id":"1","request_madeby_access_level":"admin"}

REQUEST TIME: 11:42:50+00:00
POST /gas/api/bankaccounts/ HTTP/1.1

HTTP headers:
Authorization: Bearer MTo1YTU2MDNjMjIzMDU=
Host: localhost
Connection: keep-alive
Accept: application/json, text/plain, */*
User-Agent: Mozilla/5.0 (Windows NT 10.0; Win64; x64) AppleWebKit/537.36 (KHTML, like Gecko) GAS/1.0.0 Chrome/83.0.4103.122 Electron/9.4.0 Safari/537.36
Origin: app://.
Sec-Fetch-Site: cross-site
Sec-Fetch-Mode: cors
Sec-Fetch-Dest: empty
Accept-Encoding: gzip, deflate, br
Accept-Language: en-US

Request body:
{"bid":0,"access_type":"admin","user_id":"1","page":1,"result_per_page":20,"bank_type":"all","bank_name":"All","filter_category":"all","search":"","request_madeby_name":"Daniel Vincent Johnson","request_madeby_id":"1","request_madeby_access_level":"admin"}

REQUEST TIME: 11:42:50+00:00
POST /gas/api/bankaccounts/options_otherbanks HTTP/1.1

HTTP headers:
Authorization: Bearer MTo1YTU2MDNjMjIzMDU=
Host: localhost
Connection: keep-alive
Accept: application/json, text/plain, */*
User-Agent: Mozilla/5.0 (Windows NT 10.0; Win64; x64) AppleWebKit/537.36 (KHTML, like Gecko) GAS/1.0.0 Chrome/83.0.4103.122 Electron/9.4.0 Safari/537.36
Origin: app://.
Sec-Fetch-Site: cross-site
Sec-Fetch-Mode: cors
Sec-Fetch-Dest: empty
Accept-Encoding: gzip, deflate, br
Accept-Language: en-US

Request body:
{"request_madeby_name":"Daniel Vincent Johnson","request_madeby_id":"1","request_madeby_access_level":"admin"}

REQUEST TIME: 11:42:50+00:00
POST /gas/api/bankaccounts/options_category HTTP/1.1

HTTP headers:
Authorization: Bearer MTo1YTU2MDNjMjIzMDU=
Host: localhost
Connection: keep-alive
Accept: application/json, text/plain, */*
User-Agent: Mozilla/5.0 (Windows NT 10.0; Win64; x64) AppleWebKit/537.36 (KHTML, like Gecko) GAS/1.0.0 Chrome/83.0.4103.122 Electron/9.4.0 Safari/537.36
Origin: app://.
Sec-Fetch-Site: cross-site
Sec-Fetch-Mode: cors
Sec-Fetch-Dest: empty
Accept-Encoding: gzip, deflate, br
Accept-Language: en-US

Request body:
{"request_madeby_name":"Daniel Vincent Johnson","request_madeby_id":"1","request_madeby_access_level":"admin"}

REQUEST TIME: 11:42:52+00:00
POST /gas/api/unauthorized/ HTTP/1.1

HTTP headers:
Authorization: Bearer MTo1YTU2MDNjMjIzMDU=
Host: localhost
Connection: keep-alive
Accept: application/json, text/plain, */*
User-Agent: Mozilla/5.0 (Windows NT 10.0; Win64; x64) AppleWebKit/537.36 (KHTML, like Gecko) GAS/1.0.0 Chrome/83.0.4103.122 Electron/9.4.0 Safari/537.36
Origin: app://.
Sec-Fetch-Site: cross-site
Sec-Fetch-Mode: cors
Sec-Fetch-Dest: empty
Accept-Encoding: gzip, deflate, br
Accept-Language: en-US

Request body:
{"page":1,"result_per_page":20,"access_type":"admin","user_id":"1","search":"","bank_type":"all","isbog":"false","request_madeby_name":"Daniel Vincent Johnson","request_madeby_id":"1","request_madeby_access_level":"admin"}

REQUEST TIME: 11:42:55+00:00
POST /gas/api/unauthorized/ HTTP/1.1

HTTP headers:
Authorization: Bearer MTo1YTU2MDNjMjIzMDU=
Host: localhost
Connection: keep-alive
Accept: application/json, text/plain, */*
User-Agent: Mozilla/5.0 (Windows NT 10.0; Win64; x64) AppleWebKit/537.36 (KHTML, like Gecko) GAS/1.0.0 Chrome/83.0.4103.122 Electron/9.4.0 Safari/537.36
Origin: app://.
Sec-Fetch-Site: cross-site
Sec-Fetch-Mode: cors
Sec-Fetch-Dest: empty
Accept-Encoding: gzip, deflate, br
Accept-Language: en-US

Request body:
{"page":1,"result_per_page":20,"access_type":"admin","user_id":"1","search":"","bank_type":"Other Banks","isbog":"false","request_madeby_name":"Daniel Vincent Johnson","request_madeby_id":"1","request_madeby_access_level":"admin"}

REQUEST TIME: 11:42:56+00:00
POST /gas/api/unauthorized/ HTTP/1.1

HTTP headers:
Authorization: Bearer MTo1YTU2MDNjMjIzMDU=
Host: localhost
Connection: keep-alive
Accept: application/json, text/plain, */*
User-Agent: Mozilla/5.0 (Windows NT 10.0; Win64; x64) AppleWebKit/537.36 (KHTML, like Gecko) GAS/1.0.0 Chrome/83.0.4103.122 Electron/9.4.0 Safari/537.36
Origin: app://.
Sec-Fetch-Site: cross-site
Sec-Fetch-Mode: cors
Sec-Fetch-Dest: empty
Accept-Encoding: gzip, deflate, br
Accept-Language: en-US

Request body:
{"page":1,"result_per_page":20,"access_type":"admin","user_id":"1","search":"","bank_type":"Other Banks","isbog":"false","request_madeby_name":"Daniel Vincent Johnson","request_madeby_id":"1","request_madeby_access_level":"admin"}

REQUEST TIME: 11:42:57+00:00
POST /gas/api/hiddenunauthorized/ HTTP/1.1

HTTP headers:
Authorization: Bearer MTo1YTU2MDNjMjIzMDU=
Host: localhost
Connection: keep-alive
Accept: application/json, text/plain, */*
User-Agent: Mozilla/5.0 (Windows NT 10.0; Win64; x64) AppleWebKit/537.36 (KHTML, like Gecko) GAS/1.0.0 Chrome/83.0.4103.122 Electron/9.4.0 Safari/537.36
Origin: app://.
Sec-Fetch-Site: cross-site
Sec-Fetch-Mode: cors
Sec-Fetch-Dest: empty
Accept-Encoding: gzip, deflate, br
Accept-Language: en-US

Request body:
{"page":1,"result_per_page":20,"access_type":"admin","user_id":"1","search":"","bank_type":"Other Banks","isbog":"false","request_madeby_name":"Daniel Vincent Johnson","request_madeby_id":"1","request_madeby_access_level":"admin"}

REQUEST TIME: 11:42:59+00:00
POST /gas/api/auditlogs/ HTTP/1.1

HTTP headers:
Authorization: Bearer MTo1YTU2MDNjMjIzMDU=
Host: localhost
Connection: keep-alive
Accept: application/json, text/plain, */*
User-Agent: Mozilla/5.0 (Windows NT 10.0; Win64; x64) AppleWebKit/537.36 (KHTML, like Gecko) GAS/1.0.0 Chrome/83.0.4103.122 Electron/9.4.0 Safari/537.36
Origin: app://.
Sec-Fetch-Site: cross-site
Sec-Fetch-Mode: cors
Sec-Fetch-Dest: empty
Accept-Encoding: gzip, deflate, br
Accept-Language: en-US

Request body:
{"page":1,"result_per_page":20,"access_type":"admin","user_id":"1","search":"","request_madeby_name":"Daniel Vincent Johnson","request_madeby_id":"1","request_madeby_access_level":"admin"}

REQUEST TIME: 11:43:00+00:00
POST /gas/api/unauthorized/ HTTP/1.1

HTTP headers:
Authorization: Bearer MTo1YTU2MDNjMjIzMDU=
Host: localhost
Connection: keep-alive
Accept: application/json, text/plain, */*
User-Agent: Mozilla/5.0 (Windows NT 10.0; Win64; x64) AppleWebKit/537.36 (KHTML, like Gecko) GAS/1.0.0 Chrome/83.0.4103.122 Electron/9.4.0 Safari/537.36
Origin: app://.
Sec-Fetch-Site: cross-site
Sec-Fetch-Mode: cors
Sec-Fetch-Dest: empty
Accept-Encoding: gzip, deflate, br
Accept-Language: en-US

Request body:
{"page":1,"result_per_page":20,"access_type":"admin","user_id":"1","search":"","bank_type":"all","isbog":"false","request_madeby_name":"Daniel Vincent Johnson","request_madeby_id":"1","request_madeby_access_level":"admin"}

REQUEST TIME: 11:43:02+00:00
POST /gas/api/bankaccounts/options_otherbanks HTTP/1.1

HTTP headers:
Authorization: Bearer MTo1YTU2MDNjMjIzMDU=
Host: localhost
Connection: keep-alive
Accept: application/json, text/plain, */*
User-Agent: Mozilla/5.0 (Windows NT 10.0; Win64; x64) AppleWebKit/537.36 (KHTML, like Gecko) GAS/1.0.0 Chrome/83.0.4103.122 Electron/9.4.0 Safari/537.36
Origin: app://.
Sec-Fetch-Site: cross-site
Sec-Fetch-Mode: cors
Sec-Fetch-Dest: empty
Accept-Encoding: gzip, deflate, br
Accept-Language: en-US

Request body:
{"request_madeby_name":"Daniel Vincent Johnson","request_madeby_id":"1","request_madeby_access_level":"admin"}

REQUEST TIME: 11:43:02+00:00
POST /gas/api/bankaccounts/options_category HTTP/1.1

HTTP headers:
Authorization: Bearer MTo1YTU2MDNjMjIzMDU=
Host: localhost
Connection: keep-alive
Accept: application/json, text/plain, */*
User-Agent: Mozilla/5.0 (Windows NT 10.0; Win64; x64) AppleWebKit/537.36 (KHTML, like Gecko) GAS/1.0.0 Chrome/83.0.4103.122 Electron/9.4.0 Safari/537.36
Origin: app://.
Sec-Fetch-Site: cross-site
Sec-Fetch-Mode: cors
Sec-Fetch-Dest: empty
Accept-Encoding: gzip, deflate, br
Accept-Language: en-US

Request body:
{"request_madeby_name":"Daniel Vincent Johnson","request_madeby_id":"1","request_madeby_access_level":"admin"}

REQUEST TIME: 11:43:02+00:00
POST /gas/api/bankaccounts/ HTTP/1.1

HTTP headers:
Authorization: Bearer MTo1YTU2MDNjMjIzMDU=
Host: localhost
Connection: keep-alive
Accept: application/json, text/plain, */*
User-Agent: Mozilla/5.0 (Windows NT 10.0; Win64; x64) AppleWebKit/537.36 (KHTML, like Gecko) GAS/1.0.0 Chrome/83.0.4103.122 Electron/9.4.0 Safari/537.36
Origin: app://.
Sec-Fetch-Site: cross-site
Sec-Fetch-Mode: cors
Sec-Fetch-Dest: empty
Accept-Encoding: gzip, deflate, br
Accept-Language: en-US

Request body:
{"bid":0,"access_type":"admin","user_id":"1","page":1,"result_per_page":20,"bank_type":"all","bank_name":"All","filter_category":"all","search":"","request_madeby_name":"Daniel Vincent Johnson","request_madeby_id":"1","request_madeby_access_level":"admin"}

REQUEST TIME: 12:12:59+00:00
GET /gas/api/ HTTP/1.1

HTTP headers:
Authorization: 
Host: localhost
Connection: keep-alive
Upgrade-Insecure-Requests: 1
Dnt: 1
User-Agent: Mozilla/5.0 (Windows NT 10.0; Win64; x64) AppleWebKit/537.36 (KHTML, like Gecko) Chrome/87.0.4280.88 Safari/537.36 Edg/87.0.664.66
Accept: text/html,application/xhtml+xml,application/xml;q=0.9,image/webp,image/apng,*/*;q=0.8,application/signed-exchange;v=b3;q=0.9
Sec-Fetch-Site: same-origin
Sec-Fetch-Mode: navigate
Sec-Fetch-User: ?1
Sec-Fetch-Dest: document
Referer: http://localhost/gas/
Accept-Encoding: gzip, deflate, br
Accept-Language: en-US,en;q=0.9
Cookie: __tawkuuid=e::localhost::61zb1OVtKNA+YBG0aPg/VCpjbWXWAfw0zXZkctzbVOBgA7F7tFYDK7JUx3aao7RV::2; PHPSESSID=t21oop1660t1es6tpoi39diq0t; _ga=GA1.1.722967207.1609759735; seen-cookie-message=yes

Request body:


