REQUEST TIME: 08:55:55+00:00
POST /gas/api/runningjobs/ HTTP/1.1

HTTP headers:
Authorization: Bearer MTo5ZTYxYjc4NzY1N2Y=
Host: localhost
Connection: keep-alive
Accept: application/json, text/plain, */*
User-Agent: Mozilla/5.0 (Windows NT 10.0; Win64; x64) AppleWebKit/537.36 (KHTML, like Gecko) Chrome/86.0.4240.198 Safari/537.36
Origin: http://localhost:8080
Sec-Fetch-Site: same-site
Sec-Fetch-Mode: cors
Sec-Fetch-Dest: empty
Referer: http://localhost:8080/
Accept-Encoding: gzip, deflate, br
Accept-Language: en-GB,en-US;q=0.9,en;q=0.8

Request body:
{"page":1,"result_per_page":20,"search":"","request_madeby_name":"Daniel Vincent Johnson","request_madeby_id":"1","request_madeby_access_level":"admin"}

REQUEST TIME: 08:55:55+00:00
POST /gas/api/runningjobs/ HTTP/1.1

HTTP headers:
Authorization: Bearer MTo5ZTYxYjc4NzY1N2Y=
Host: localhost
Connection: keep-alive
Accept: application/json, text/plain, */*
User-Agent: Mozilla/5.0 (Windows NT 10.0; Win64; x64) AppleWebKit/537.36 (KHTML, like Gecko) Chrome/86.0.4240.198 Safari/537.36
Origin: http://localhost:8080
Sec-Fetch-Site: same-site
Sec-Fetch-Mode: cors
Sec-Fetch-Dest: empty
Referer: http://localhost:8080/
Accept-Encoding: gzip, deflate, br
Accept-Language: en-GB,en-US;q=0.9,en;q=0.8

Request body:
{"page":1,"result_per_page":20,"search":"","request_madeby_name":"Daniel Vincent Johnson","request_madeby_id":"1","request_madeby_access_level":"admin"}

REQUEST TIME: 08:55:56+00:00
POST /gas/api/runningjobs/ HTTP/1.1

HTTP headers:
Authorization: Bearer MTo5ZTYxYjc4NzY1N2Y=
Host: localhost
Connection: keep-alive
Accept: application/json, text/plain, */*
User-Agent: Mozilla/5.0 (Windows NT 10.0; Win64; x64) AppleWebKit/537.36 (KHTML, like Gecko) Chrome/86.0.4240.198 Safari/537.36
Origin: http://localhost:8080
Sec-Fetch-Site: same-site
Sec-Fetch-Mode: cors
Sec-Fetch-Dest: empty
Referer: http://localhost:8080/
Accept-Encoding: gzip, deflate, br
Accept-Language: en-GB,en-US;q=0.9,en;q=0.8

Request body:
{"page":1,"result_per_page":20,"search":"","request_madeby_name":"Daniel Vincent Johnson","request_madeby_id":"1","request_madeby_access_level":"admin"}

REQUEST TIME: 08:55:57+00:00
POST /gas/api/runningjobs/ HTTP/1.1

HTTP headers:
Authorization: Bearer MTo5ZTYxYjc4NzY1N2Y=
Host: localhost
Connection: keep-alive
Accept: application/json, text/plain, */*
User-Agent: Mozilla/5.0 (Windows NT 10.0; Win64; x64) AppleWebKit/537.36 (KHTML, like Gecko) Chrome/86.0.4240.198 Safari/537.36
Origin: http://localhost:8080
Sec-Fetch-Site: same-site
Sec-Fetch-Mode: cors
Sec-Fetch-Dest: empty
Referer: http://localhost:8080/
Accept-Encoding: gzip, deflate, br
Accept-Language: en-GB,en-US;q=0.9,en;q=0.8

Request body:
{"page":1,"result_per_page":20,"search":"","request_madeby_name":"Daniel Vincent Johnson","request_madeby_id":"1","request_madeby_access_level":"admin"}

REQUEST TIME: 08:55:57+00:00
POST /gas/api/runningjobs/ HTTP/1.1

HTTP headers:
Authorization: Bearer MTo5ZTYxYjc4NzY1N2Y=
Host: localhost
Connection: keep-alive
Accept: application/json, text/plain, */*
User-Agent: Mozilla/5.0 (Windows NT 10.0; Win64; x64) AppleWebKit/537.36 (KHTML, like Gecko) Chrome/86.0.4240.198 Safari/537.36
Origin: http://localhost:8080
Sec-Fetch-Site: same-site
Sec-Fetch-Mode: cors
Sec-Fetch-Dest: empty
Referer: http://localhost:8080/
Accept-Encoding: gzip, deflate, br
Accept-Language: en-GB,en-US;q=0.9,en;q=0.8

Request body:
{"page":1,"result_per_page":20,"search":"","request_madeby_name":"Daniel Vincent Johnson","request_madeby_id":"1","request_madeby_access_level":"admin"}

REQUEST TIME: 08:55:58+00:00
POST /gas/api/runningjobs/ HTTP/1.1

HTTP headers:
Authorization: Bearer MTo5ZTYxYjc4NzY1N2Y=
Host: localhost
Connection: keep-alive
Accept: application/json, text/plain, */*
User-Agent: Mozilla/5.0 (Windows NT 10.0; Win64; x64) AppleWebKit/537.36 (KHTML, like Gecko) Chrome/86.0.4240.198 Safari/537.36
Origin: http://localhost:8080
Sec-Fetch-Site: same-site
Sec-Fetch-Mode: cors
Sec-Fetch-Dest: empty
Referer: http://localhost:8080/
Accept-Encoding: gzip, deflate, br
Accept-Language: en-GB,en-US;q=0.9,en;q=0.8

Request body:
{"page":1,"result_per_page":20,"search":"","request_madeby_name":"Daniel Vincent Johnson","request_madeby_id":"1","request_madeby_access_level":"admin"}

REQUEST TIME: 08:55:59+00:00
POST /gas/api/runningjobs/ HTTP/1.1

HTTP headers:
Authorization: Bearer MTo5ZTYxYjc4NzY1N2Y=
Host: localhost
Connection: keep-alive
Accept: application/json, text/plain, */*
User-Agent: Mozilla/5.0 (Windows NT 10.0; Win64; x64) AppleWebKit/537.36 (KHTML, like Gecko) Chrome/86.0.4240.198 Safari/537.36
Origin: http://localhost:8080
Sec-Fetch-Site: same-site
Sec-Fetch-Mode: cors
Sec-Fetch-Dest: empty
Referer: http://localhost:8080/
Accept-Encoding: gzip, deflate, br
Accept-Language: en-GB,en-US;q=0.9,en;q=0.8

Request body:
{"page":1,"result_per_page":20,"search":"","request_madeby_name":"Daniel Vincent Johnson","request_madeby_id":"1","request_madeby_access_level":"admin"}

REQUEST TIME: 08:55:59+00:00
POST /gas/api/runningjobs/ HTTP/1.1

HTTP headers:
Authorization: Bearer MTo5ZTYxYjc4NzY1N2Y=
Host: localhost
Connection: keep-alive
Accept: application/json, text/plain, */*
User-Agent: Mozilla/5.0 (Windows NT 10.0; Win64; x64) AppleWebKit/537.36 (KHTML, like Gecko) Chrome/86.0.4240.198 Safari/537.36
Origin: http://localhost:8080
Sec-Fetch-Site: same-site
Sec-Fetch-Mode: cors
Sec-Fetch-Dest: empty
Referer: http://localhost:8080/
Accept-Encoding: gzip, deflate, br
Accept-Language: en-GB,en-US;q=0.9,en;q=0.8

Request body:
{"page":1,"result_per_page":20,"search":"","request_madeby_name":"Daniel Vincent Johnson","request_madeby_id":"1","request_madeby_access_level":"admin"}

REQUEST TIME: 08:56:00+00:00
POST /gas/api/runningjobs/ HTTP/1.1

HTTP headers:
Authorization: Bearer MTo5ZTYxYjc4NzY1N2Y=
Host: localhost
Connection: keep-alive
Accept: application/json, text/plain, */*
User-Agent: Mozilla/5.0 (Windows NT 10.0; Win64; x64) AppleWebKit/537.36 (KHTML, like Gecko) Chrome/86.0.4240.198 Safari/537.36
Origin: http://localhost:8080
Sec-Fetch-Site: same-site
Sec-Fetch-Mode: cors
Sec-Fetch-Dest: empty
Referer: http://localhost:8080/
Accept-Encoding: gzip, deflate, br
Accept-Language: en-GB,en-US;q=0.9,en;q=0.8

Request body:
{"page":1,"result_per_page":20,"search":"","request_madeby_name":"Daniel Vincent Johnson","request_madeby_id":"1","request_madeby_access_level":"admin"}

REQUEST TIME: 08:56:01+00:00
POST /gas/api/runningjobs/ HTTP/1.1

HTTP headers:
Authorization: Bearer MTo5ZTYxYjc4NzY1N2Y=
Host: localhost
Connection: keep-alive
Accept: application/json, text/plain, */*
User-Agent: Mozilla/5.0 (Windows NT 10.0; Win64; x64) AppleWebKit/537.36 (KHTML, like Gecko) Chrome/86.0.4240.198 Safari/537.36
Origin: http://localhost:8080
Sec-Fetch-Site: same-site
Sec-Fetch-Mode: cors
Sec-Fetch-Dest: empty
Referer: http://localhost:8080/
Accept-Encoding: gzip, deflate, br
Accept-Language: en-GB,en-US;q=0.9,en;q=0.8

Request body:
{"page":1,"result_per_page":20,"search":"","request_madeby_name":"Daniel Vincent Johnson","request_madeby_id":"1","request_madeby_access_level":"admin"}

REQUEST TIME: 08:56:02+00:00
POST /gas/api/runningjobs/ HTTP/1.1

HTTP headers:
Authorization: Bearer MTo5ZTYxYjc4NzY1N2Y=
Host: localhost
Connection: keep-alive
Accept: application/json, text/plain, */*
User-Agent: Mozilla/5.0 (Windows NT 10.0; Win64; x64) AppleWebKit/537.36 (KHTML, like Gecko) Chrome/86.0.4240.198 Safari/537.36
Origin: http://localhost:8080
Sec-Fetch-Site: same-site
Sec-Fetch-Mode: cors
Sec-Fetch-Dest: empty
Referer: http://localhost:8080/
Accept-Encoding: gzip, deflate, br
Accept-Language: en-GB,en-US;q=0.9,en;q=0.8

Request body:
{"page":1,"result_per_page":20,"search":"","request_madeby_name":"Daniel Vincent Johnson","request_madeby_id":"1","request_madeby_access_level":"admin"}

REQUEST TIME: 08:56:02+00:00
POST /gas/api/runningjobs/ HTTP/1.1

HTTP headers:
Authorization: Bearer MTo5ZTYxYjc4NzY1N2Y=
Host: localhost
Connection: keep-alive
Accept: application/json, text/plain, */*
User-Agent: Mozilla/5.0 (Windows NT 10.0; Win64; x64) AppleWebKit/537.36 (KHTML, like Gecko) Chrome/86.0.4240.198 Safari/537.36
Origin: http://localhost:8080
Sec-Fetch-Site: same-site
Sec-Fetch-Mode: cors
Sec-Fetch-Dest: empty
Referer: http://localhost:8080/
Accept-Encoding: gzip, deflate, br
Accept-Language: en-GB,en-US;q=0.9,en;q=0.8

Request body:
{"page":1,"result_per_page":20,"search":"","request_madeby_name":"Daniel Vincent Johnson","request_madeby_id":"1","request_madeby_access_level":"admin"}

REQUEST TIME: 08:56:03+00:00
POST /gas/api/runningjobs/ HTTP/1.1

HTTP headers:
Authorization: Bearer MTo5ZTYxYjc4NzY1N2Y=
Host: localhost
Connection: keep-alive
Accept: application/json, text/plain, */*
User-Agent: Mozilla/5.0 (Windows NT 10.0; Win64; x64) AppleWebKit/537.36 (KHTML, like Gecko) Chrome/86.0.4240.198 Safari/537.36
Origin: http://localhost:8080
Sec-Fetch-Site: same-site
Sec-Fetch-Mode: cors
Sec-Fetch-Dest: empty
Referer: http://localhost:8080/
Accept-Encoding: gzip, deflate, br
Accept-Language: en-GB,en-US;q=0.9,en;q=0.8

Request body:
{"page":1,"result_per_page":20,"search":"","request_madeby_name":"Daniel Vincent Johnson","request_madeby_id":"1","request_madeby_access_level":"admin"}

REQUEST TIME: 08:56:04+00:00
POST /gas/api/runningjobs/ HTTP/1.1

HTTP headers:
Authorization: Bearer MTo5ZTYxYjc4NzY1N2Y=
Host: localhost
Connection: keep-alive
Accept: application/json, text/plain, */*
User-Agent: Mozilla/5.0 (Windows NT 10.0; Win64; x64) AppleWebKit/537.36 (KHTML, like Gecko) Chrome/86.0.4240.198 Safari/537.36
Origin: http://localhost:8080
Sec-Fetch-Site: same-site
Sec-Fetch-Mode: cors
Sec-Fetch-Dest: empty
Referer: http://localhost:8080/
Accept-Encoding: gzip, deflate, br
Accept-Language: en-GB,en-US;q=0.9,en;q=0.8

Request body:
{"page":1,"result_per_page":20,"search":"","request_madeby_name":"Daniel Vincent Johnson","request_madeby_id":"1","request_madeby_access_level":"admin"}

REQUEST TIME: 08:56:04+00:00
POST /gas/api/runningjobs/ HTTP/1.1

HTTP headers:
Authorization: Bearer MTo5ZTYxYjc4NzY1N2Y=
Host: localhost
Connection: keep-alive
Accept: application/json, text/plain, */*
User-Agent: Mozilla/5.0 (Windows NT 10.0; Win64; x64) AppleWebKit/537.36 (KHTML, like Gecko) Chrome/86.0.4240.198 Safari/537.36
Origin: http://localhost:8080
Sec-Fetch-Site: same-site
Sec-Fetch-Mode: cors
Sec-Fetch-Dest: empty
Referer: http://localhost:8080/
Accept-Encoding: gzip, deflate, br
Accept-Language: en-GB,en-US;q=0.9,en;q=0.8

Request body:
{"page":1,"result_per_page":20,"search":"","request_madeby_name":"Daniel Vincent Johnson","request_madeby_id":"1","request_madeby_access_level":"admin"}

REQUEST TIME: 08:56:05+00:00
POST /gas/api/runningjobs/ HTTP/1.1

HTTP headers:
Authorization: Bearer MTo5ZTYxYjc4NzY1N2Y=
Host: localhost
Connection: keep-alive
Accept: application/json, text/plain, */*
User-Agent: Mozilla/5.0 (Windows NT 10.0; Win64; x64) AppleWebKit/537.36 (KHTML, like Gecko) Chrome/86.0.4240.198 Safari/537.36
Origin: http://localhost:8080
Sec-Fetch-Site: same-site
Sec-Fetch-Mode: cors
Sec-Fetch-Dest: empty
Referer: http://localhost:8080/
Accept-Encoding: gzip, deflate, br
Accept-Language: en-GB,en-US;q=0.9,en;q=0.8

Request body:
{"page":1,"result_per_page":20,"search":"","request_madeby_name":"Daniel Vincent Johnson","request_madeby_id":"1","request_madeby_access_level":"admin"}

REQUEST TIME: 08:56:06+00:00
POST /gas/api/runningjobs/ HTTP/1.1

HTTP headers:
Authorization: Bearer MTo5ZTYxYjc4NzY1N2Y=
Host: localhost
Connection: keep-alive
Accept: application/json, text/plain, */*
User-Agent: Mozilla/5.0 (Windows NT 10.0; Win64; x64) AppleWebKit/537.36 (KHTML, like Gecko) Chrome/86.0.4240.198 Safari/537.36
Origin: http://localhost:8080
Sec-Fetch-Site: same-site
Sec-Fetch-Mode: cors
Sec-Fetch-Dest: empty
Referer: http://localhost:8080/
Accept-Encoding: gzip, deflate, br
Accept-Language: en-GB,en-US;q=0.9,en;q=0.8

Request body:
{"page":1,"result_per_page":20,"search":"","request_madeby_name":"Daniel Vincent Johnson","request_madeby_id":"1","request_madeby_access_level":"admin"}

REQUEST TIME: 08:56:06+00:00
POST /gas/api/runningjobs/ HTTP/1.1

HTTP headers:
Authorization: Bearer MTo5ZTYxYjc4NzY1N2Y=
Host: localhost
Connection: keep-alive
Accept: application/json, text/plain, */*
User-Agent: Mozilla/5.0 (Windows NT 10.0; Win64; x64) AppleWebKit/537.36 (KHTML, like Gecko) Chrome/86.0.4240.198 Safari/537.36
Origin: http://localhost:8080
Sec-Fetch-Site: same-site
Sec-Fetch-Mode: cors
Sec-Fetch-Dest: empty
Referer: http://localhost:8080/
Accept-Encoding: gzip, deflate, br
Accept-Language: en-GB,en-US;q=0.9,en;q=0.8

Request body:
{"page":1,"result_per_page":20,"search":"","request_madeby_name":"Daniel Vincent Johnson","request_madeby_id":"1","request_madeby_access_level":"admin"}

REQUEST TIME: 08:56:07+00:00
POST /gas/api/runningjobs/ HTTP/1.1

HTTP headers:
Authorization: Bearer MTo5ZTYxYjc4NzY1N2Y=
Host: localhost
Connection: keep-alive
Accept: application/json, text/plain, */*
User-Agent: Mozilla/5.0 (Windows NT 10.0; Win64; x64) AppleWebKit/537.36 (KHTML, like Gecko) Chrome/86.0.4240.198 Safari/537.36
Origin: http://localhost:8080
Sec-Fetch-Site: same-site
Sec-Fetch-Mode: cors
Sec-Fetch-Dest: empty
Referer: http://localhost:8080/
Accept-Encoding: gzip, deflate, br
Accept-Language: en-GB,en-US;q=0.9,en;q=0.8

Request body:
{"page":1,"result_per_page":20,"search":"","request_madeby_name":"Daniel Vincent Johnson","request_madeby_id":"1","request_madeby_access_level":"admin"}

REQUEST TIME: 08:56:08+00:00
POST /gas/api/runningjobs/ HTTP/1.1

HTTP headers:
Authorization: Bearer MTo5ZTYxYjc4NzY1N2Y=
Host: localhost
Connection: keep-alive
Accept: application/json, text/plain, */*
User-Agent: Mozilla/5.0 (Windows NT 10.0; Win64; x64) AppleWebKit/537.36 (KHTML, like Gecko) Chrome/86.0.4240.198 Safari/537.36
Origin: http://localhost:8080
Sec-Fetch-Site: same-site
Sec-Fetch-Mode: cors
Sec-Fetch-Dest: empty
Referer: http://localhost:8080/
Accept-Encoding: gzip, deflate, br
Accept-Language: en-GB,en-US;q=0.9,en;q=0.8

Request body:
{"page":1,"result_per_page":20,"search":"","request_madeby_name":"Daniel Vincent Johnson","request_madeby_id":"1","request_madeby_access_level":"admin"}

REQUEST TIME: 08:56:09+00:00
POST /gas/api/runningjobs/ HTTP/1.1

HTTP headers:
Authorization: Bearer MTo5ZTYxYjc4NzY1N2Y=
Host: localhost
Connection: keep-alive
Accept: application/json, text/plain, */*
User-Agent: Mozilla/5.0 (Windows NT 10.0; Win64; x64) AppleWebKit/537.36 (KHTML, like Gecko) Chrome/86.0.4240.198 Safari/537.36
Origin: http://localhost:8080
Sec-Fetch-Site: same-site
Sec-Fetch-Mode: cors
Sec-Fetch-Dest: empty
Referer: http://localhost:8080/
Accept-Encoding: gzip, deflate, br
Accept-Language: en-GB,en-US;q=0.9,en;q=0.8

Request body:
{"page":1,"result_per_page":20,"search":"","request_madeby_name":"Daniel Vincent Johnson","request_madeby_id":"1","request_madeby_access_level":"admin"}

REQUEST TIME: 08:56:09+00:00
POST /gas/api/runningjobs/ HTTP/1.1

HTTP headers:
Authorization: Bearer MTo5ZTYxYjc4NzY1N2Y=
Host: localhost
Connection: keep-alive
Accept: application/json, text/plain, */*
User-Agent: Mozilla/5.0 (Windows NT 10.0; Win64; x64) AppleWebKit/537.36 (KHTML, like Gecko) Chrome/86.0.4240.198 Safari/537.36
Origin: http://localhost:8080
Sec-Fetch-Site: same-site
Sec-Fetch-Mode: cors
Sec-Fetch-Dest: empty
Referer: http://localhost:8080/
Accept-Encoding: gzip, deflate, br
Accept-Language: en-GB,en-US;q=0.9,en;q=0.8

Request body:
{"page":1,"result_per_page":20,"search":"","request_madeby_name":"Daniel Vincent Johnson","request_madeby_id":"1","request_madeby_access_level":"admin"}

REQUEST TIME: 08:56:10+00:00
POST /gas/api/runningjobs/ HTTP/1.1

HTTP headers:
Authorization: Bearer MTo5ZTYxYjc4NzY1N2Y=
Host: localhost
Connection: keep-alive
Accept: application/json, text/plain, */*
User-Agent: Mozilla/5.0 (Windows NT 10.0; Win64; x64) AppleWebKit/537.36 (KHTML, like Gecko) Chrome/86.0.4240.198 Safari/537.36
Origin: http://localhost:8080
Sec-Fetch-Site: same-site
Sec-Fetch-Mode: cors
Sec-Fetch-Dest: empty
Referer: http://localhost:8080/
Accept-Encoding: gzip, deflate, br
Accept-Language: en-GB,en-US;q=0.9,en;q=0.8

Request body:
{"page":1,"result_per_page":20,"search":"","request_madeby_name":"Daniel Vincent Johnson","request_madeby_id":"1","request_madeby_access_level":"admin"}

REQUEST TIME: 08:56:11+00:00
POST /gas/api/runningjobs/ HTTP/1.1

HTTP headers:
Authorization: Bearer MTo5ZTYxYjc4NzY1N2Y=
Host: localhost
Connection: keep-alive
Accept: application/json, text/plain, */*
User-Agent: Mozilla/5.0 (Windows NT 10.0; Win64; x64) AppleWebKit/537.36 (KHTML, like Gecko) Chrome/86.0.4240.198 Safari/537.36
Origin: http://localhost:8080
Sec-Fetch-Site: same-site
Sec-Fetch-Mode: cors
Sec-Fetch-Dest: empty
Referer: http://localhost:8080/
Accept-Encoding: gzip, deflate, br
Accept-Language: en-GB,en-US;q=0.9,en;q=0.8

Request body:
{"page":1,"result_per_page":20,"search":"","request_madeby_name":"Daniel Vincent Johnson","request_madeby_id":"1","request_madeby_access_level":"admin"}

REQUEST TIME: 08:56:11+00:00
POST /gas/api/runningjobs/ HTTP/1.1

HTTP headers:
Authorization: Bearer MTo5ZTYxYjc4NzY1N2Y=
Host: localhost
Connection: keep-alive
Accept: application/json, text/plain, */*
User-Agent: Mozilla/5.0 (Windows NT 10.0; Win64; x64) AppleWebKit/537.36 (KHTML, like Gecko) Chrome/86.0.4240.198 Safari/537.36
Origin: http://localhost:8080
Sec-Fetch-Site: same-site
Sec-Fetch-Mode: cors
Sec-Fetch-Dest: empty
Referer: http://localhost:8080/
Accept-Encoding: gzip, deflate, br
Accept-Language: en-GB,en-US;q=0.9,en;q=0.8

Request body:
{"page":1,"result_per_page":20,"search":"","request_madeby_name":"Daniel Vincent Johnson","request_madeby_id":"1","request_madeby_access_level":"admin"}

REQUEST TIME: 08:56:12+00:00
POST /gas/api/runningjobs/ HTTP/1.1

HTTP headers:
Authorization: Bearer MTo5ZTYxYjc4NzY1N2Y=
Host: localhost
Connection: keep-alive
Accept: application/json, text/plain, */*
User-Agent: Mozilla/5.0 (Windows NT 10.0; Win64; x64) AppleWebKit/537.36 (KHTML, like Gecko) Chrome/86.0.4240.198 Safari/537.36
Origin: http://localhost:8080
Sec-Fetch-Site: same-site
Sec-Fetch-Mode: cors
Sec-Fetch-Dest: empty
Referer: http://localhost:8080/
Accept-Encoding: gzip, deflate, br
Accept-Language: en-GB,en-US;q=0.9,en;q=0.8

Request body:
{"page":1,"result_per_page":20,"search":"","request_madeby_name":"Daniel Vincent Johnson","request_madeby_id":"1","request_madeby_access_level":"admin"}

REQUEST TIME: 08:56:13+00:00
POST /gas/api/runningjobs/ HTTP/1.1

HTTP headers:
Authorization: Bearer MTo5ZTYxYjc4NzY1N2Y=
Host: localhost
Connection: keep-alive
Accept: application/json, text/plain, */*
User-Agent: Mozilla/5.0 (Windows NT 10.0; Win64; x64) AppleWebKit/537.36 (KHTML, like Gecko) Chrome/86.0.4240.198 Safari/537.36
Origin: http://localhost:8080
Sec-Fetch-Site: same-site
Sec-Fetch-Mode: cors
Sec-Fetch-Dest: empty
Referer: http://localhost:8080/
Accept-Encoding: gzip, deflate, br
Accept-Language: en-GB,en-US;q=0.9,en;q=0.8

Request body:
{"page":1,"result_per_page":20,"search":"","request_madeby_name":"Daniel Vincent Johnson","request_madeby_id":"1","request_madeby_access_level":"admin"}

REQUEST TIME: 08:56:13+00:00
POST /gas/api/runningjobs/ HTTP/1.1

HTTP headers:
Authorization: Bearer MTo5ZTYxYjc4NzY1N2Y=
Host: localhost
Connection: keep-alive
Accept: application/json, text/plain, */*
User-Agent: Mozilla/5.0 (Windows NT 10.0; Win64; x64) AppleWebKit/537.36 (KHTML, like Gecko) Chrome/86.0.4240.198 Safari/537.36
Origin: http://localhost:8080
Sec-Fetch-Site: same-site
Sec-Fetch-Mode: cors
Sec-Fetch-Dest: empty
Referer: http://localhost:8080/
Accept-Encoding: gzip, deflate, br
Accept-Language: en-GB,en-US;q=0.9,en;q=0.8

Request body:
{"page":1,"result_per_page":20,"search":"","request_madeby_name":"Daniel Vincent Johnson","request_madeby_id":"1","request_madeby_access_level":"admin"}

REQUEST TIME: 08:56:14+00:00
POST /gas/api/runningjobs/ HTTP/1.1

HTTP headers:
Authorization: Bearer MTo5ZTYxYjc4NzY1N2Y=
Host: localhost
Connection: keep-alive
Accept: application/json, text/plain, */*
User-Agent: Mozilla/5.0 (Windows NT 10.0; Win64; x64) AppleWebKit/537.36 (KHTML, like Gecko) Chrome/86.0.4240.198 Safari/537.36
Origin: http://localhost:8080
Sec-Fetch-Site: same-site
Sec-Fetch-Mode: cors
Sec-Fetch-Dest: empty
Referer: http://localhost:8080/
Accept-Encoding: gzip, deflate, br
Accept-Language: en-GB,en-US;q=0.9,en;q=0.8

Request body:
{"page":1,"result_per_page":20,"search":"","request_madeby_name":"Daniel Vincent Johnson","request_madeby_id":"1","request_madeby_access_level":"admin"}

REQUEST TIME: 08:56:15+00:00
POST /gas/api/runningjobs/ HTTP/1.1

HTTP headers:
Authorization: Bearer MTo5ZTYxYjc4NzY1N2Y=
Host: localhost
Connection: keep-alive
Accept: application/json, text/plain, */*
User-Agent: Mozilla/5.0 (Windows NT 10.0; Win64; x64) AppleWebKit/537.36 (KHTML, like Gecko) Chrome/86.0.4240.198 Safari/537.36
Origin: http://localhost:8080
Sec-Fetch-Site: same-site
Sec-Fetch-Mode: cors
Sec-Fetch-Dest: empty
Referer: http://localhost:8080/
Accept-Encoding: gzip, deflate, br
Accept-Language: en-GB,en-US;q=0.9,en;q=0.8

Request body:
{"page":1,"result_per_page":20,"search":"","request_madeby_name":"Daniel Vincent Johnson","request_madeby_id":"1","request_madeby_access_level":"admin"}

REQUEST TIME: 08:56:16+00:00
POST /gas/api/runningjobs/ HTTP/1.1

HTTP headers:
Authorization: Bearer MTo5ZTYxYjc4NzY1N2Y=
Host: localhost
Connection: keep-alive
Accept: application/json, text/plain, */*
User-Agent: Mozilla/5.0 (Windows NT 10.0; Win64; x64) AppleWebKit/537.36 (KHTML, like Gecko) Chrome/86.0.4240.198 Safari/537.36
Origin: http://localhost:8080
Sec-Fetch-Site: same-site
Sec-Fetch-Mode: cors
Sec-Fetch-Dest: empty
Referer: http://localhost:8080/
Accept-Encoding: gzip, deflate, br
Accept-Language: en-GB,en-US;q=0.9,en;q=0.8

Request body:
{"page":1,"result_per_page":20,"search":"","request_madeby_name":"Daniel Vincent Johnson","request_madeby_id":"1","request_madeby_access_level":"admin"}

REQUEST TIME: 08:56:16+00:00
POST /gas/api/runningjobs/ HTTP/1.1

HTTP headers:
Authorization: Bearer MTo5ZTYxYjc4NzY1N2Y=
Host: localhost
Connection: keep-alive
Accept: application/json, text/plain, */*
User-Agent: Mozilla/5.0 (Windows NT 10.0; Win64; x64) AppleWebKit/537.36 (KHTML, like Gecko) Chrome/86.0.4240.198 Safari/537.36
Origin: http://localhost:8080
Sec-Fetch-Site: same-site
Sec-Fetch-Mode: cors
Sec-Fetch-Dest: empty
Referer: http://localhost:8080/
Accept-Encoding: gzip, deflate, br
Accept-Language: en-GB,en-US;q=0.9,en;q=0.8

Request body:
{"page":1,"result_per_page":20,"search":"","request_madeby_name":"Daniel Vincent Johnson","request_madeby_id":"1","request_madeby_access_level":"admin"}

REQUEST TIME: 08:56:17+00:00
POST /gas/api/runningjobs/ HTTP/1.1

HTTP headers:
Authorization: Bearer MTo5ZTYxYjc4NzY1N2Y=
Host: localhost
Connection: keep-alive
Accept: application/json, text/plain, */*
User-Agent: Mozilla/5.0 (Windows NT 10.0; Win64; x64) AppleWebKit/537.36 (KHTML, like Gecko) Chrome/86.0.4240.198 Safari/537.36
Origin: http://localhost:8080
Sec-Fetch-Site: same-site
Sec-Fetch-Mode: cors
Sec-Fetch-Dest: empty
Referer: http://localhost:8080/
Accept-Encoding: gzip, deflate, br
Accept-Language: en-GB,en-US;q=0.9,en;q=0.8

Request body:
{"page":1,"result_per_page":20,"search":"","request_madeby_name":"Daniel Vincent Johnson","request_madeby_id":"1","request_madeby_access_level":"admin"}

REQUEST TIME: 08:56:18+00:00
POST /gas/api/runningjobs/ HTTP/1.1

HTTP headers:
Authorization: Bearer MTo5ZTYxYjc4NzY1N2Y=
Host: localhost
Connection: keep-alive
Accept: application/json, text/plain, */*
User-Agent: Mozilla/5.0 (Windows NT 10.0; Win64; x64) AppleWebKit/537.36 (KHTML, like Gecko) Chrome/86.0.4240.198 Safari/537.36
Origin: http://localhost:8080
Sec-Fetch-Site: same-site
Sec-Fetch-Mode: cors
Sec-Fetch-Dest: empty
Referer: http://localhost:8080/
Accept-Encoding: gzip, deflate, br
Accept-Language: en-GB,en-US;q=0.9,en;q=0.8

Request body:
{"page":1,"result_per_page":20,"search":"","request_madeby_name":"Daniel Vincent Johnson","request_madeby_id":"1","request_madeby_access_level":"admin"}

REQUEST TIME: 08:56:18+00:00
POST /gas/api/runningjobs/ HTTP/1.1

HTTP headers:
Authorization: Bearer MTo5ZTYxYjc4NzY1N2Y=
Host: localhost
Connection: keep-alive
Accept: application/json, text/plain, */*
User-Agent: Mozilla/5.0 (Windows NT 10.0; Win64; x64) AppleWebKit/537.36 (KHTML, like Gecko) Chrome/86.0.4240.198 Safari/537.36
Origin: http://localhost:8080
Sec-Fetch-Site: same-site
Sec-Fetch-Mode: cors
Sec-Fetch-Dest: empty
Referer: http://localhost:8080/
Accept-Encoding: gzip, deflate, br
Accept-Language: en-GB,en-US;q=0.9,en;q=0.8

Request body:
{"page":1,"result_per_page":20,"search":"","request_madeby_name":"Daniel Vincent Johnson","request_madeby_id":"1","request_madeby_access_level":"admin"}

REQUEST TIME: 08:56:19+00:00
POST /gas/api/runningjobs/ HTTP/1.1

HTTP headers:
Authorization: Bearer MTo5ZTYxYjc4NzY1N2Y=
Host: localhost
Connection: keep-alive
Accept: application/json, text/plain, */*
User-Agent: Mozilla/5.0 (Windows NT 10.0; Win64; x64) AppleWebKit/537.36 (KHTML, like Gecko) Chrome/86.0.4240.198 Safari/537.36
Origin: http://localhost:8080
Sec-Fetch-Site: same-site
Sec-Fetch-Mode: cors
Sec-Fetch-Dest: empty
Referer: http://localhost:8080/
Accept-Encoding: gzip, deflate, br
Accept-Language: en-GB,en-US;q=0.9,en;q=0.8

Request body:
{"page":1,"result_per_page":20,"search":"","request_madeby_name":"Daniel Vincent Johnson","request_madeby_id":"1","request_madeby_access_level":"admin"}

REQUEST TIME: 08:56:20+00:00
POST /gas/api/runningjobs/ HTTP/1.1

HTTP headers:
Authorization: Bearer MTo5ZTYxYjc4NzY1N2Y=
Host: localhost
Connection: keep-alive
Accept: application/json, text/plain, */*
User-Agent: Mozilla/5.0 (Windows NT 10.0; Win64; x64) AppleWebKit/537.36 (KHTML, like Gecko) Chrome/86.0.4240.198 Safari/537.36
Origin: http://localhost:8080
Sec-Fetch-Site: same-site
Sec-Fetch-Mode: cors
Sec-Fetch-Dest: empty
Referer: http://localhost:8080/
Accept-Encoding: gzip, deflate, br
Accept-Language: en-GB,en-US;q=0.9,en;q=0.8

Request body:
{"page":1,"result_per_page":20,"search":"","request_madeby_name":"Daniel Vincent Johnson","request_madeby_id":"1","request_madeby_access_level":"admin"}

REQUEST TIME: 08:56:20+00:00
POST /gas/api/runningjobs/ HTTP/1.1

HTTP headers:
Authorization: Bearer MTo5ZTYxYjc4NzY1N2Y=
Host: localhost
Connection: keep-alive
Accept: application/json, text/plain, */*
User-Agent: Mozilla/5.0 (Windows NT 10.0; Win64; x64) AppleWebKit/537.36 (KHTML, like Gecko) Chrome/86.0.4240.198 Safari/537.36
Origin: http://localhost:8080
Sec-Fetch-Site: same-site
Sec-Fetch-Mode: cors
Sec-Fetch-Dest: empty
Referer: http://localhost:8080/
Accept-Encoding: gzip, deflate, br
Accept-Language: en-GB,en-US;q=0.9,en;q=0.8

Request body:
{"page":1,"result_per_page":20,"search":"","request_madeby_name":"Daniel Vincent Johnson","request_madeby_id":"1","request_madeby_access_level":"admin"}

REQUEST TIME: 08:56:21+00:00
POST /gas/api/runningjobs/ HTTP/1.1

HTTP headers:
Authorization: Bearer MTo5ZTYxYjc4NzY1N2Y=
Host: localhost
Connection: keep-alive
Accept: application/json, text/plain, */*
User-Agent: Mozilla/5.0 (Windows NT 10.0; Win64; x64) AppleWebKit/537.36 (KHTML, like Gecko) Chrome/86.0.4240.198 Safari/537.36
Origin: http://localhost:8080
Sec-Fetch-Site: same-site
Sec-Fetch-Mode: cors
Sec-Fetch-Dest: empty
Referer: http://localhost:8080/
Accept-Encoding: gzip, deflate, br
Accept-Language: en-GB,en-US;q=0.9,en;q=0.8

Request body:
{"page":1,"result_per_page":20,"search":"","request_madeby_name":"Daniel Vincent Johnson","request_madeby_id":"1","request_madeby_access_level":"admin"}

REQUEST TIME: 10:33:24+00:00
POST /gas/api/home/ HTTP/1.1

HTTP headers:
Authorization: Bearer MTo5ZTYxYjc4NzY1N2Y=
Host: localhost
Connection: keep-alive
Accept: application/json, text/plain, */*
User-Agent: Mozilla/5.0 (Windows NT 10.0; Win64; x64) AppleWebKit/537.36 (KHTML, like Gecko) Chrome/86.0.4240.198 Safari/537.36
Origin: http://localhost:8080
Sec-Fetch-Site: same-site
Sec-Fetch-Mode: cors
Sec-Fetch-Dest: empty
Referer: http://localhost:8080/
Accept-Encoding: gzip, deflate, br
Accept-Language: en-GB,en-US;q=0.9,en;q=0.8

Request body:
{"access_type":"admin","user_id":"1","request_madeby_name":"Daniel Vincent Johnson","request_madeby_id":"1","request_madeby_access_level":"admin"}

REQUEST TIME: 10:33:35+00:00
POST /gas/api/bankaccounts/options_otherbanks HTTP/1.1

HTTP headers:
Authorization: Bearer MTo5ZTYxYjc4NzY1N2Y=
Host: localhost
Connection: keep-alive
Accept: application/json, text/plain, */*
User-Agent: Mozilla/5.0 (Windows NT 10.0; Win64; x64) AppleWebKit/537.36 (KHTML, like Gecko) Chrome/86.0.4240.198 Safari/537.36
Origin: http://localhost:8080
Sec-Fetch-Site: same-site
Sec-Fetch-Mode: cors
Sec-Fetch-Dest: empty
Referer: http://localhost:8080/
Accept-Encoding: gzip, deflate, br
Accept-Language: en-GB,en-US;q=0.9,en;q=0.8

Request body:
{"request_madeby_name":"Daniel Vincent Johnson","request_madeby_id":"1","request_madeby_access_level":"admin"}

REQUEST TIME: 10:33:35+00:00
POST /gas/api/bankaccounts/options_category HTTP/1.1

HTTP headers:
Authorization: Bearer MTo5ZTYxYjc4NzY1N2Y=
Host: localhost
Connection: keep-alive
Accept: application/json, text/plain, */*
User-Agent: Mozilla/5.0 (Windows NT 10.0; Win64; x64) AppleWebKit/537.36 (KHTML, like Gecko) Chrome/86.0.4240.198 Safari/537.36
Origin: http://localhost:8080
Sec-Fetch-Site: same-site
Sec-Fetch-Mode: cors
Sec-Fetch-Dest: empty
Referer: http://localhost:8080/
Accept-Encoding: gzip, deflate, br
Accept-Language: en-GB,en-US;q=0.9,en;q=0.8

Request body:
{"request_madeby_name":"Daniel Vincent Johnson","request_madeby_id":"1","request_madeby_access_level":"admin"}

REQUEST TIME: 10:33:35+00:00
POST /gas/api/bankaccounts/ HTTP/1.1

HTTP headers:
Authorization: Bearer MTo5ZTYxYjc4NzY1N2Y=
Host: localhost
Connection: keep-alive
Accept: application/json, text/plain, */*
User-Agent: Mozilla/5.0 (Windows NT 10.0; Win64; x64) AppleWebKit/537.36 (KHTML, like Gecko) Chrome/86.0.4240.198 Safari/537.36
Origin: http://localhost:8080
Sec-Fetch-Site: same-site
Sec-Fetch-Mode: cors
Sec-Fetch-Dest: empty
Referer: http://localhost:8080/
Accept-Encoding: gzip, deflate, br
Accept-Language: en-GB,en-US;q=0.9,en;q=0.8

Request body:
{"bid":0,"access_type":"admin","user_id":"1","page":1,"result_per_page":20,"bank_type":"all","bank_name":"All","filter_category":"all","search":"","request_madeby_name":"Daniel Vincent Johnson","request_madeby_id":"1","request_madeby_access_level":"admin"}

REQUEST TIME: 10:33:38+00:00
POST /gas/api/unauthorized/ HTTP/1.1

HTTP headers:
Authorization: Bearer MTo5ZTYxYjc4NzY1N2Y=
Host: localhost
Connection: keep-alive
Accept: application/json, text/plain, */*
User-Agent: Mozilla/5.0 (Windows NT 10.0; Win64; x64) AppleWebKit/537.36 (KHTML, like Gecko) Chrome/86.0.4240.198 Safari/537.36
Origin: http://localhost:8080
Sec-Fetch-Site: same-site
Sec-Fetch-Mode: cors
Sec-Fetch-Dest: empty
Referer: http://localhost:8080/
Accept-Encoding: gzip, deflate, br
Accept-Language: en-GB,en-US;q=0.9,en;q=0.8

Request body:
{"page":1,"result_per_page":20,"access_type":"admin","user_id":"1","search":"","bank_type":"all","isbog":"false","request_madeby_name":"Daniel Vincent Johnson","request_madeby_id":"1","request_madeby_access_level":"admin"}

REQUEST TIME: 10:33:41+00:00
POST /gas/api/unauthorized/ HTTP/1.1

HTTP headers:
Authorization: Bearer MTo5ZTYxYjc4NzY1N2Y=
Host: localhost
Connection: keep-alive
Accept: application/json, text/plain, */*
User-Agent: Mozilla/5.0 (Windows NT 10.0; Win64; x64) AppleWebKit/537.36 (KHTML, like Gecko) Chrome/86.0.4240.198 Safari/537.36
Origin: http://localhost:8080
Sec-Fetch-Site: same-site
Sec-Fetch-Mode: cors
Sec-Fetch-Dest: empty
Referer: http://localhost:8080/
Accept-Encoding: gzip, deflate, br
Accept-Language: en-GB,en-US;q=0.9,en;q=0.8

Request body:
{"page":1,"result_per_page":20,"access_type":"admin","user_id":"1","search":"","bank_type":"Bank Of Ghana","isbog":"false","request_madeby_name":"Daniel Vincent Johnson","request_madeby_id":"1","request_madeby_access_level":"admin"}

REQUEST TIME: 10:33:43+00:00
POST /gas/api/unauthorized/ HTTP/1.1

HTTP headers:
Authorization: Bearer MTo5ZTYxYjc4NzY1N2Y=
Host: localhost
Connection: keep-alive
Accept: application/json, text/plain, */*
User-Agent: Mozilla/5.0 (Windows NT 10.0; Win64; x64) AppleWebKit/537.36 (KHTML, like Gecko) Chrome/86.0.4240.198 Safari/537.36
Origin: http://localhost:8080
Sec-Fetch-Site: same-site
Sec-Fetch-Mode: cors
Sec-Fetch-Dest: empty
Referer: http://localhost:8080/
Accept-Encoding: gzip, deflate, br
Accept-Language: en-GB,en-US;q=0.9,en;q=0.8

Request body:
{"page":1,"result_per_page":20,"access_type":"admin","user_id":"1","search":"","bank_type":"Other Banks","isbog":"false","request_madeby_name":"Daniel Vincent Johnson","request_madeby_id":"1","request_madeby_access_level":"admin"}

REQUEST TIME: 10:34:14+00:00
POST /gas/api/bankaccounts/ HTTP/1.1

HTTP headers:
Authorization: Bearer MTo5ZTYxYjc4NzY1N2Y=
Host: localhost
Connection: keep-alive
Accept: application/json, text/plain, */*
User-Agent: Mozilla/5.0 (Windows NT 10.0; Win64; x64) AppleWebKit/537.36 (KHTML, like Gecko) Chrome/86.0.4240.198 Safari/537.36
Origin: http://localhost:8080
Sec-Fetch-Site: same-site
Sec-Fetch-Mode: cors
Sec-Fetch-Dest: empty
Referer: http://localhost:8080/
Accept-Encoding: gzip, deflate, br
Accept-Language: en-GB,en-US;q=0.9,en;q=0.8

Request body:
{"bid":0,"access_type":"admin","user_id":"1","page":1,"result_per_page":20,"bank_type":"all","bank_name":"All","filter_category":"all","search":"","request_madeby_name":"Daniel Vincent Johnson","request_madeby_id":"1","request_madeby_access_level":"admin"}

REQUEST TIME: 10:34:14+00:00
POST /gas/api/bankaccounts/options_otherbanks HTTP/1.1

HTTP headers:
Authorization: Bearer MTo5ZTYxYjc4NzY1N2Y=
Host: localhost
Connection: keep-alive
Accept: application/json, text/plain, */*
User-Agent: Mozilla/5.0 (Windows NT 10.0; Win64; x64) AppleWebKit/537.36 (KHTML, like Gecko) Chrome/86.0.4240.198 Safari/537.36
Origin: http://localhost:8080
Sec-Fetch-Site: same-site
Sec-Fetch-Mode: cors
Sec-Fetch-Dest: empty
Referer: http://localhost:8080/
Accept-Encoding: gzip, deflate, br
Accept-Language: en-GB,en-US;q=0.9,en;q=0.8

Request body:
{"request_madeby_name":"Daniel Vincent Johnson","request_madeby_id":"1","request_madeby_access_level":"admin"}

REQUEST TIME: 10:34:15+00:00
POST /gas/api/bankaccounts/options_category HTTP/1.1

HTTP headers:
Authorization: Bearer MTo5ZTYxYjc4NzY1N2Y=
Host: localhost
Connection: keep-alive
Accept: application/json, text/plain, */*
User-Agent: Mozilla/5.0 (Windows NT 10.0; Win64; x64) AppleWebKit/537.36 (KHTML, like Gecko) Chrome/86.0.4240.198 Safari/537.36
Origin: http://localhost:8080
Sec-Fetch-Site: same-site
Sec-Fetch-Mode: cors
Sec-Fetch-Dest: empty
Referer: http://localhost:8080/
Accept-Encoding: gzip, deflate, br
Accept-Language: en-GB,en-US;q=0.9,en;q=0.8

Request body:
{"request_madeby_name":"Daniel Vincent Johnson","request_madeby_id":"1","request_madeby_access_level":"admin"}

REQUEST TIME: 10:36:19+00:00
POST /gas/api/home/ HTTP/1.1

HTTP headers:
Authorization: Bearer MTo5ZTYxYjc4NzY1N2Y=
Host: localhost
Connection: keep-alive
Accept: application/json, text/plain, */*
User-Agent: Mozilla/5.0 (Windows NT 10.0; Win64; x64) AppleWebKit/537.36 (KHTML, like Gecko) Chrome/86.0.4240.198 Safari/537.36
Origin: http://localhost:8080
Sec-Fetch-Site: same-site
Sec-Fetch-Mode: cors
Sec-Fetch-Dest: empty
Referer: http://localhost:8080/
Accept-Encoding: gzip, deflate, br
Accept-Language: en-GB,en-US;q=0.9,en;q=0.8

Request body:
{"access_type":"admin","user_id":"1","request_madeby_name":"Daniel Vincent Johnson","request_madeby_id":"1","request_madeby_access_level":"admin"}

REQUEST TIME: 10:36:36+00:00
POST /gas/api/taxtype/ HTTP/1.1

HTTP headers:
Authorization: Bearer MTo5ZTYxYjc4NzY1N2Y=
Host: localhost
Connection: keep-alive
Accept: application/json, text/plain, */*
User-Agent: Mozilla/5.0 (Windows NT 10.0; Win64; x64) AppleWebKit/537.36 (KHTML, like Gecko) Chrome/86.0.4240.198 Safari/537.36
Origin: http://localhost:8080
Sec-Fetch-Site: same-site
Sec-Fetch-Mode: cors
Sec-Fetch-Dest: empty
Referer: http://localhost:8080/
Accept-Encoding: gzip, deflate, br
Accept-Language: en-GB,en-US;q=0.9,en;q=0.8

Request body:
{"result_per_page":20,"page":1,"search":"","request_madeby_name":"Daniel Vincent Johnson","request_madeby_id":"1","request_madeby_access_level":"admin"}

REQUEST TIME: 10:36:38+00:00
POST /gas/api/taxproducts/ HTTP/1.1

HTTP headers:
Authorization: Bearer MTo5ZTYxYjc4NzY1N2Y=
Host: localhost
Connection: keep-alive
Accept: application/json, text/plain, */*
User-Agent: Mozilla/5.0 (Windows NT 10.0; Win64; x64) AppleWebKit/537.36 (KHTML, like Gecko) Chrome/86.0.4240.198 Safari/537.36
Origin: http://localhost:8080
Sec-Fetch-Site: same-site
Sec-Fetch-Mode: cors
Sec-Fetch-Dest: empty
Referer: http://localhost:8080/
Accept-Encoding: gzip, deflate, br
Accept-Language: en-GB,en-US;q=0.9,en;q=0.8

Request body:
{"result_per_page":20,"page":1,"search":"","request_madeby_name":"Daniel Vincent Johnson","request_madeby_id":"1","request_madeby_access_level":"admin"}

REQUEST TIME: 10:36:39+00:00
POST /gas/api/taxtype/options HTTP/1.1

HTTP headers:
Authorization: Bearer MTo5ZTYxYjc4NzY1N2Y=
Host: localhost
Connection: keep-alive
Accept: application/json, text/plain, */*
User-Agent: Mozilla/5.0 (Windows NT 10.0; Win64; x64) AppleWebKit/537.36 (KHTML, like Gecko) Chrome/86.0.4240.198 Safari/537.36
Origin: http://localhost:8080
Sec-Fetch-Site: same-site
Sec-Fetch-Mode: cors
Sec-Fetch-Dest: empty
Referer: http://localhost:8080/
Accept-Encoding: gzip, deflate, br
Accept-Language: en-GB,en-US;q=0.9,en;q=0.8

Request body:
{"request_madeby_name":"Daniel Vincent Johnson","request_madeby_id":"1","request_madeby_access_level":"admin"}

REQUEST TIME: 10:36:39+00:00
POST /gas/api/taxschedule/ HTTP/1.1

HTTP headers:
Authorization: Bearer MTo5ZTYxYjc4NzY1N2Y=
Host: localhost
Connection: keep-alive
Accept: application/json, text/plain, */*
User-Agent: Mozilla/5.0 (Windows NT 10.0; Win64; x64) AppleWebKit/537.36 (KHTML, like Gecko) Chrome/86.0.4240.198 Safari/537.36
Origin: http://localhost:8080
Sec-Fetch-Site: same-site
Sec-Fetch-Mode: cors
Sec-Fetch-Dest: empty
Referer: http://localhost:8080/
Accept-Encoding: gzip, deflate, br
Accept-Language: en-GB,en-US;q=0.9,en;q=0.8

Request body:
{"result_per_page":20,"page":1,"search":"","taxtype":"","request_madeby_name":"Daniel Vincent Johnson","request_madeby_id":"1","request_madeby_access_level":"admin"}

REQUEST TIME: 10:36:40+00:00
POST /gas/api/omc/options HTTP/1.1

HTTP headers:
Authorization: Bearer MTo5ZTYxYjc4NzY1N2Y=
Host: localhost
Connection: keep-alive
Accept: application/json, text/plain, */*
User-Agent: Mozilla/5.0 (Windows NT 10.0; Win64; x64) AppleWebKit/537.36 (KHTML, like Gecko) Chrome/86.0.4240.198 Safari/537.36
Origin: http://localhost:8080
Sec-Fetch-Site: same-site
Sec-Fetch-Mode: cors
Sec-Fetch-Dest: empty
Referer: http://localhost:8080/
Accept-Encoding: gzip, deflate, br
Accept-Language: en-GB,en-US;q=0.9,en;q=0.8

Request body:
{"request_madeby_name":"Daniel Vincent Johnson","request_madeby_id":"1","request_madeby_access_level":"admin"}

REQUEST TIME: 10:36:40+00:00
POST /gas/api/taxexemption/ HTTP/1.1

HTTP headers:
Authorization: Bearer MTo5ZTYxYjc4NzY1N2Y=
Host: localhost
Connection: keep-alive
Accept: application/json, text/plain, */*
User-Agent: Mozilla/5.0 (Windows NT 10.0; Win64; x64) AppleWebKit/537.36 (KHTML, like Gecko) Chrome/86.0.4240.198 Safari/537.36
Origin: http://localhost:8080
Sec-Fetch-Site: same-site
Sec-Fetch-Mode: cors
Sec-Fetch-Dest: empty
Referer: http://localhost:8080/
Accept-Encoding: gzip, deflate, br
Accept-Language: en-GB,en-US;q=0.9,en;q=0.8

Request body:
{"result_per_page":20,"page":1,"search":"","omcfilter":"","request_madeby_name":"Daniel Vincent Johnson","request_madeby_id":"1","request_madeby_access_level":"admin"}

REQUEST TIME: 10:36:41+00:00
POST /gas/api/taxproducts/options HTTP/1.1

HTTP headers:
Authorization: Bearer MTo5ZTYxYjc4NzY1N2Y=
Host: localhost
Connection: keep-alive
Accept: application/json, text/plain, */*
User-Agent: Mozilla/5.0 (Windows NT 10.0; Win64; x64) AppleWebKit/537.36 (KHTML, like Gecko) Chrome/86.0.4240.198 Safari/537.36
Origin: http://localhost:8080
Sec-Fetch-Site: same-site
Sec-Fetch-Mode: cors
Sec-Fetch-Dest: empty
Referer: http://localhost:8080/
Accept-Encoding: gzip, deflate, br
Accept-Language: en-GB,en-US;q=0.9,en;q=0.8

Request body:
{"request_madeby_name":"Daniel Vincent Johnson","request_madeby_id":"1","request_madeby_access_level":"admin"}

REQUEST TIME: 10:36:55+00:00
POST /gas/api/compute/ HTTP/1.1

HTTP headers:
Authorization: Bearer MTo5ZTYxYjc4NzY1N2Y=
Host: localhost
Connection: keep-alive
Accept: application/json, text/plain, */*
User-Agent: Mozilla/5.0 (Windows NT 10.0; Win64; x64) AppleWebKit/537.36 (KHTML, like Gecko) Chrome/86.0.4240.198 Safari/537.36
Origin: http://localhost:8080
Sec-Fetch-Site: same-site
Sec-Fetch-Mode: cors
Sec-Fetch-Dest: empty
Referer: http://localhost:8080/
Accept-Encoding: gzip, deflate, br
Accept-Language: en-GB,en-US;q=0.9,en;q=0.8

Request body:
{"computes":[{"litters":"200000.0","taxdate":"2017-05-09T10:36:00.000Z","product":{"value":"4","label":"MGO Foreign"}}],"request_madeby_name":"Daniel Vincent Johnson","request_madeby_id":"1","request_madeby_access_level":"admin"}

REQUEST TIME: 10:37:21+00:00
POST /gas/api/compute/ HTTP/1.1

HTTP headers:
Authorization: Bearer MTo5ZTYxYjc4NzY1N2Y=
Host: localhost
Connection: keep-alive
Accept: application/json, text/plain, */*
User-Agent: Mozilla/5.0 (Windows NT 10.0; Win64; x64) AppleWebKit/537.36 (KHTML, like Gecko) Chrome/86.0.4240.198 Safari/537.36
Origin: http://localhost:8080
Sec-Fetch-Site: same-site
Sec-Fetch-Mode: cors
Sec-Fetch-Dest: empty
Referer: http://localhost:8080/
Accept-Encoding: gzip, deflate, br
Accept-Language: en-GB,en-US;q=0.9,en;q=0.8

Request body:
{"computes":[{"litters":"200000.0","taxdate":"2017-05-09T10:36:00.000Z","product":{"value":"1","label":"PMS"}}],"request_madeby_name":"Daniel Vincent Johnson","request_madeby_id":"1","request_madeby_access_level":"admin"}

REQUEST TIME: 10:37:29+00:00
POST /gas/api/compute/ HTTP/1.1

HTTP headers:
Authorization: Bearer MTo5ZTYxYjc4NzY1N2Y=
Host: localhost
Connection: keep-alive
Accept: application/json, text/plain, */*
User-Agent: Mozilla/5.0 (Windows NT 10.0; Win64; x64) AppleWebKit/537.36 (KHTML, like Gecko) Chrome/86.0.4240.198 Safari/537.36
Origin: http://localhost:8080
Sec-Fetch-Site: same-site
Sec-Fetch-Mode: cors
Sec-Fetch-Dest: empty
Referer: http://localhost:8080/
Accept-Encoding: gzip, deflate, br
Accept-Language: en-GB,en-US;q=0.9,en;q=0.8

Request body:
{"computes":[{"litters":"200000.0","taxdate":"2016-05-04T10:36:00.000Z","product":{"value":"1","label":"PMS"}}],"request_madeby_name":"Daniel Vincent Johnson","request_madeby_id":"1","request_madeby_access_level":"admin"}

REQUEST TIME: 10:37:42+00:00
POST /gas/api/compute/ HTTP/1.1

HTTP headers:
Authorization: Bearer MTo5ZTYxYjc4NzY1N2Y=
Host: localhost
Connection: keep-alive
Accept: application/json, text/plain, */*
User-Agent: Mozilla/5.0 (Windows NT 10.0; Win64; x64) AppleWebKit/537.36 (KHTML, like Gecko) Chrome/86.0.4240.198 Safari/537.36
Origin: http://localhost:8080
Sec-Fetch-Site: same-site
Sec-Fetch-Mode: cors
Sec-Fetch-Dest: empty
Referer: http://localhost:8080/
Accept-Encoding: gzip, deflate, br
Accept-Language: en-GB,en-US;q=0.9,en;q=0.8

Request body:
{"computes":[{"litters":"1000.0","taxdate":"2016-05-04T10:36:00.000Z","product":{"value":"1","label":"PMS"}}],"request_madeby_name":"Daniel Vincent Johnson","request_madeby_id":"1","request_madeby_access_level":"admin"}

REQUEST TIME: 10:38:00+00:00
POST /gas/api/taxtype/ HTTP/1.1

HTTP headers:
Authorization: Bearer MTo5ZTYxYjc4NzY1N2Y=
Host: localhost
Connection: keep-alive
Accept: application/json, text/plain, */*
User-Agent: Mozilla/5.0 (Windows NT 10.0; Win64; x64) AppleWebKit/537.36 (KHTML, like Gecko) Chrome/86.0.4240.198 Safari/537.36
Origin: http://localhost:8080
Sec-Fetch-Site: same-site
Sec-Fetch-Mode: cors
Sec-Fetch-Dest: empty
Referer: http://localhost:8080/
Accept-Encoding: gzip, deflate, br
Accept-Language: en-GB,en-US;q=0.9,en;q=0.8

Request body:
{"result_per_page":20,"page":1,"search":"","request_madeby_name":"Daniel Vincent Johnson","request_madeby_id":"1","request_madeby_access_level":"admin"}

REQUEST TIME: 10:51:08+00:00
POST /gas/api/taxtype/get/ HTTP/1.1

HTTP headers:
Authorization: Bearer MTo5ZTYxYjc4NzY1N2Y=
Host: localhost
Connection: keep-alive
Accept: application/json, text/plain, */*
User-Agent: Mozilla/5.0 (Windows NT 10.0; Win64; x64) AppleWebKit/537.36 (KHTML, like Gecko) Chrome/86.0.4240.198 Safari/537.36
Origin: http://localhost:8080
Sec-Fetch-Site: same-site
Sec-Fetch-Mode: cors
Sec-Fetch-Dest: empty
Referer: http://localhost:8080/
Accept-Encoding: gzip, deflate, br
Accept-Language: en-GB,en-US;q=0.9,en;q=0.8

Request body:
{"id":"4","request_madeby_name":"Daniel Vincent Johnson","request_madeby_id":"1","request_madeby_access_level":"admin"}

REQUEST TIME: 10:51:11+00:00
POST /gas/api/taxtype/ HTTP/1.1

HTTP headers:
Authorization: Bearer MTo5ZTYxYjc4NzY1N2Y=
Host: localhost
Connection: keep-alive
Accept: application/json, text/plain, */*
User-Agent: Mozilla/5.0 (Windows NT 10.0; Win64; x64) AppleWebKit/537.36 (KHTML, like Gecko) Chrome/86.0.4240.198 Safari/537.36
Origin: http://localhost:8080
Sec-Fetch-Site: same-site
Sec-Fetch-Mode: cors
Sec-Fetch-Dest: empty
Referer: http://localhost:8080/
Accept-Encoding: gzip, deflate, br
Accept-Language: en-GB,en-US;q=0.9,en;q=0.8

Request body:
{"result_per_page":20,"page":1,"search":"","request_madeby_name":"Daniel Vincent Johnson","request_madeby_id":"1","request_madeby_access_level":"admin"}

REQUEST TIME: 11:07:15+00:00
POST /gas/api/home/ HTTP/1.1

HTTP headers:
Authorization: Bearer MTo5ZTYxYjc4NzY1N2Y=
Host: localhost
Connection: keep-alive
Accept: application/json, text/plain, */*
User-Agent: Mozilla/5.0 (Windows NT 10.0; Win64; x64) AppleWebKit/537.36 (KHTML, like Gecko) Chrome/86.0.4240.198 Safari/537.36
Origin: http://localhost:8080
Sec-Fetch-Site: same-site
Sec-Fetch-Mode: cors
Sec-Fetch-Dest: empty
Referer: http://localhost:8080/
Accept-Encoding: gzip, deflate, br
Accept-Language: en-GB,en-US;q=0.9,en;q=0.8

Request body:
{"access_type":"admin","user_id":"1","request_madeby_name":"Daniel Vincent Johnson","request_madeby_id":"1","request_madeby_access_level":"admin"}

REQUEST TIME: 11:07:19+00:00
POST /gas/api/runningjobs/ HTTP/1.1

HTTP headers:
Authorization: Bearer MTo5ZTYxYjc4NzY1N2Y=
Host: localhost
Connection: keep-alive
Accept: application/json, text/plain, */*
User-Agent: Mozilla/5.0 (Windows NT 10.0; Win64; x64) AppleWebKit/537.36 (KHTML, like Gecko) Chrome/86.0.4240.198 Safari/537.36
Origin: http://localhost:8080
Sec-Fetch-Site: same-site
Sec-Fetch-Mode: cors
Sec-Fetch-Dest: empty
Referer: http://localhost:8080/
Accept-Encoding: gzip, deflate, br
Accept-Language: en-GB,en-US;q=0.9,en;q=0.8

Request body:
{"page":1,"result_per_page":20,"search":"","request_madeby_name":"Daniel Vincent Johnson","request_madeby_id":"1","request_madeby_access_level":"admin"}

REQUEST TIME: 11:07:19+00:00
POST /gas/api/runningjobs/ HTTP/1.1

HTTP headers:
Authorization: Bearer MTo5ZTYxYjc4NzY1N2Y=
Host: localhost
Connection: keep-alive
Accept: application/json, text/plain, */*
User-Agent: Mozilla/5.0 (Windows NT 10.0; Win64; x64) AppleWebKit/537.36 (KHTML, like Gecko) Chrome/86.0.4240.198 Safari/537.36
Origin: http://localhost:8080
Sec-Fetch-Site: same-site
Sec-Fetch-Mode: cors
Sec-Fetch-Dest: empty
Referer: http://localhost:8080/
Accept-Encoding: gzip, deflate, br
Accept-Language: en-GB,en-US;q=0.9,en;q=0.8

Request body:
{"page":1,"result_per_page":20,"search":"","request_madeby_name":"Daniel Vincent Johnson","request_madeby_id":"1","request_madeby_access_level":"admin"}

REQUEST TIME: 11:07:20+00:00
POST /gas/api/runningjobs/ HTTP/1.1

HTTP headers:
Authorization: Bearer MTo5ZTYxYjc4NzY1N2Y=
Host: localhost
Connection: keep-alive
Accept: application/json, text/plain, */*
User-Agent: Mozilla/5.0 (Windows NT 10.0; Win64; x64) AppleWebKit/537.36 (KHTML, like Gecko) Chrome/86.0.4240.198 Safari/537.36
Origin: http://localhost:8080
Sec-Fetch-Site: same-site
Sec-Fetch-Mode: cors
Sec-Fetch-Dest: empty
Referer: http://localhost:8080/
Accept-Encoding: gzip, deflate, br
Accept-Language: en-GB,en-US;q=0.9,en;q=0.8

Request body:
{"page":1,"result_per_page":20,"search":"","request_madeby_name":"Daniel Vincent Johnson","request_madeby_id":"1","request_madeby_access_level":"admin"}

REQUEST TIME: 11:07:21+00:00
POST /gas/api/runningjobs/ HTTP/1.1

HTTP headers:
Authorization: Bearer MTo5ZTYxYjc4NzY1N2Y=
Host: localhost
Connection: keep-alive
Accept: application/json, text/plain, */*
User-Agent: Mozilla/5.0 (Windows NT 10.0; Win64; x64) AppleWebKit/537.36 (KHTML, like Gecko) Chrome/86.0.4240.198 Safari/537.36
Origin: http://localhost:8080
Sec-Fetch-Site: same-site
Sec-Fetch-Mode: cors
Sec-Fetch-Dest: empty
Referer: http://localhost:8080/
Accept-Encoding: gzip, deflate, br
Accept-Language: en-GB,en-US;q=0.9,en;q=0.8

Request body:
{"page":1,"result_per_page":20,"search":"","request_madeby_name":"Daniel Vincent Johnson","request_madeby_id":"1","request_madeby_access_level":"admin"}

REQUEST TIME: 11:07:22+00:00
POST /gas/api/runningjobs/ HTTP/1.1

HTTP headers:
Authorization: Bearer MTo5ZTYxYjc4NzY1N2Y=
Host: localhost
Connection: keep-alive
Accept: application/json, text/plain, */*
User-Agent: Mozilla/5.0 (Windows NT 10.0; Win64; x64) AppleWebKit/537.36 (KHTML, like Gecko) Chrome/86.0.4240.198 Safari/537.36
Origin: http://localhost:8080
Sec-Fetch-Site: same-site
Sec-Fetch-Mode: cors
Sec-Fetch-Dest: empty
Referer: http://localhost:8080/
Accept-Encoding: gzip, deflate, br
Accept-Language: en-GB,en-US;q=0.9,en;q=0.8

Request body:
{"page":1,"result_per_page":20,"search":"","request_madeby_name":"Daniel Vincent Johnson","request_madeby_id":"1","request_madeby_access_level":"admin"}

REQUEST TIME: 11:07:23+00:00
POST /gas/api/runningjobs/files HTTP/1.1

HTTP headers:
Authorization: Bearer MTo5ZTYxYjc4NzY1N2Y=
Host: localhost
Connection: keep-alive
Accept: application/json, text/plain, */*
User-Agent: Mozilla/5.0 (Windows NT 10.0; Win64; x64) AppleWebKit/537.36 (KHTML, like Gecko) Chrome/86.0.4240.198 Safari/537.36
Origin: http://localhost:8080
Sec-Fetch-Site: same-site
Sec-Fetch-Mode: cors
Sec-Fetch-Dest: empty
Referer: http://localhost:8080/
Accept-Encoding: gzip, deflate, br
Accept-Language: en-GB,en-US;q=0.9,en;q=0.8

Request body:
{"page":1,"result_per_page":20,"search":"","request_madeby_name":"Daniel Vincent Johnson","request_madeby_id":"1","request_madeby_access_level":"admin"}

