REQUEST TIME: 12:45:22+00:00
POST /gas/omc-api/users/ HTTP/1.1

HTTP headers:
Authorization: Bearer MTo3YWQ0MjMzZDQzMTg=
Host: localhost
User-Agent: Mozilla/5.0 (Windows NT 10.0; Win64; x64; rv:86.0) Gecko/20100101 Firefox/86.0
Accept: application/json, text/plain, */*
Accept-Language: en-US,en;q=0.5
Accept-Encoding: gzip, deflate
Origin: http://localhost:8080
Connection: keep-alive
Referer: http://localhost:8080/accounts/users

Request body:
{"result_per_page":20,"page":1,"search":"","request_madeby_name":"Daniel Vincent Johnson","request_madeby_id":"1","request_madeby_access_level":"admin"}

REQUEST TIME: 12:45:31+00:00
POST /gas/omc-api/users/ HTTP/1.1

HTTP headers:
Authorization: Bearer MTo5YzFhMmFmZWViYjE=
Host: localhost
User-Agent: Mozilla/5.0 (Windows NT 10.0; Win64; x64; rv:86.0) Gecko/20100101 Firefox/86.0
Accept: application/json, text/plain, */*
Accept-Language: en-US,en;q=0.5
Accept-Encoding: gzip, deflate
Origin: http://localhost:8080
Connection: keep-alive
Referer: http://localhost:8080/accounts/users

Request body:
{"result_per_page":20,"page":1,"search":"","request_madeby_name":"Daniel Vincent Johnson","request_madeby_id":"1","request_madeby_access_level":"admin"}

REQUEST TIME: 12:45:34+00:00
POST /gas/omc-api/users/get/ HTTP/1.1

HTTP headers:
Authorization: Bearer MTo5YzFhMmFmZWViYjE=
Host: localhost
User-Agent: Mozilla/5.0 (Windows NT 10.0; Win64; x64; rv:86.0) Gecko/20100101 Firefox/86.0
Accept: application/json, text/plain, */*
Accept-Language: en-US,en;q=0.5
Accept-Encoding: gzip, deflate
Origin: http://localhost:8080
Connection: keep-alive
Referer: http://localhost:8080/accounts/users/1/view

Request body:
{"id":"1","request_madeby_name":"Daniel Vincent Johnson","request_madeby_id":"1","request_madeby_access_level":"admin"}

REQUEST TIME: 12:45:36+00:00
POST /gas/omc-api/users/get/ HTTP/1.1

HTTP headers:
Authorization: Bearer MTo5YzFhMmFmZWViYjE=
Host: localhost
User-Agent: Mozilla/5.0 (Windows NT 10.0; Win64; x64; rv:86.0) Gecko/20100101 Firefox/86.0
Accept: application/json, text/plain, */*
Accept-Language: en-US,en;q=0.5
Accept-Encoding: gzip, deflate
Origin: http://localhost:8080
Connection: keep-alive
Referer: http://localhost:8080/accounts/users/1

Request body:
{"id":"1","request_madeby_name":"Daniel Vincent Johnson","request_madeby_id":"1","request_madeby_access_level":"admin"}

REQUEST TIME: 12:45:36+00:00
POST /gas/omc-api/users/options HTTP/1.1

HTTP headers:
Authorization: Bearer MTo5YzFhMmFmZWViYjE=
Host: localhost
User-Agent: Mozilla/5.0 (Windows NT 10.0; Win64; x64; rv:86.0) Gecko/20100101 Firefox/86.0
Accept: application/json, text/plain, */*
Accept-Language: en-US,en;q=0.5
Accept-Encoding: gzip, deflate
Origin: http://localhost:8080
Connection: keep-alive
Referer: http://localhost:8080/accounts/users/1

Request body:
{"request_madeby_name":"Daniel Vincent Johnson","request_madeby_id":"1","request_madeby_access_level":"admin"}

REQUEST TIME: 12:45:39+00:00
POST /gas/omc-api/users/update/ HTTP/1.1

HTTP headers:
Authorization: Bearer MTo5YzFhMmFmZWViYjE=
Host: localhost
User-Agent: Mozilla/5.0 (Windows NT 10.0; Win64; x64; rv:86.0) Gecko/20100101 Firefox/86.0
Accept: application/json, text/plain, */*
Accept-Language: en-US,en;q=0.5
Accept-Encoding: gzip, deflate
Origin: http://localhost:8080
Connection: keep-alive
Referer: http://localhost:8080/accounts/users/1

Request body:
{"id":"1","username":"dsaved","fullname":"Daniel Vincent Johnson","organization":0,"email":"dsaved8291@gmail.com","phone":"0543848378","user_type":"system","access_level":"admin","password":"admin","photo":"http://localhost/gas/api/uploads/image/20201106d2c1dfbf5d07f661ec454a151115b91856.png","baseurl":"/","pages":["Home","Revenue","Regimes","Petroleume","Accounts","BDC users","OMC users","System Users","System User Role","Petroleume Home","Tax","Tax Type","Tax Products","Tax Schedule","Exemptions","Compute Tax Schedule","OMCs","Reconcile","SML - NPA Reconcilations","NPA - ICOMS Reconcilations","NPA - NPA Reconcilations","NPA","NPA Reconcilation Reports","NPA Daily Liftings","ICOMS (CEPS)","ICOMS Declearations","ICOMS Payments","ICOMS Differences","SML","SML Daily Liftings","Banks","Accounts (Bank)","Organizations","Bank Accounts","Bank Account","Account Categories","Audit Logs","Audit Responses","Revenue Bank Accounts","Unauthorized","Unauthorized Bank of Ghana","Unauthorized Other Banks","Unauthorized Hidden Transactions","Accounts","OMC Organization Manage","Assets","Confirmed Assets","Disposed Assets","New Assets","Transfered Assets","Unknown Assets","Projects","GOG COA","Institutes","Funding","Organization","Location","Natural Accounts","Assets Validation","Assets Validations List","Assets Validations Completed","Reports","Petroleum Home","Regimes","Petroleum","OMC","All OMC","Fall Out Receipts","Reconcilation Log","OMC","National Summary","Reconciled Receipts","Unreconciled Receipts","Surcharges"],"role":"1","request_madeby_name":"Daniel Vincent Johnson","request_madeby_id":"1","request_madeby_access_level":"admin"}

REQUEST TIME: 12:45:52+00:00
POST /gas/omc-api/home/ HTTP/1.1

HTTP headers:
Authorization: Bearer MTo0NjlhMmY3MDc5YjE=
Host: localhost
User-Agent: Mozilla/5.0 (Windows NT 10.0; Win64; x64; rv:86.0) Gecko/20100101 Firefox/86.0
Accept: application/json, text/plain, */*
Accept-Language: en-US,en;q=0.5
Accept-Encoding: gzip, deflate
Origin: http://localhost:8080
Connection: keep-alive
Referer: http://localhost:8080/revenue

Request body:
{"access_type":"admin","user_id":"1","request_madeby_name":"Daniel Vincent Johnson","request_madeby_id":"1","request_madeby_access_level":"admin"}

REQUEST TIME: 12:45:54+00:00
POST /gas/omc-api/bankaccounts/options_otherbanks HTTP/1.1

HTTP headers:
Authorization: Bearer MTo0NjlhMmY3MDc5YjE=
Host: localhost
User-Agent: Mozilla/5.0 (Windows NT 10.0; Win64; x64; rv:86.0) Gecko/20100101 Firefox/86.0
Accept: application/json, text/plain, */*
Accept-Language: en-US,en;q=0.5
Accept-Encoding: gzip, deflate
Origin: http://localhost:8080
Connection: keep-alive
Referer: http://localhost:8080/revenue/surcharge

Request body:
{"request_madeby_name":"Daniel Vincent Johnson","request_madeby_id":"1","request_madeby_access_level":"admin"}

REQUEST TIME: 12:45:55+00:00
POST /gas/omc-api/bankaccounts/options_category HTTP/1.1

HTTP headers:
Authorization: Bearer MTo0NjlhMmY3MDc5YjE=
Host: localhost
User-Agent: Mozilla/5.0 (Windows NT 10.0; Win64; x64; rv:86.0) Gecko/20100101 Firefox/86.0
Accept: application/json, text/plain, */*
Accept-Language: en-US,en;q=0.5
Accept-Encoding: gzip, deflate
Origin: http://localhost:8080
Connection: keep-alive
Referer: http://localhost:8080/revenue/surcharge

Request body:
{"request_madeby_name":"Daniel Vincent Johnson","request_madeby_id":"1","request_madeby_access_level":"admin"}

REQUEST TIME: 12:45:55+00:00
POST /gas/omc-api/bankaccounts/ HTTP/1.1

HTTP headers:
Authorization: Bearer MTo0NjlhMmY3MDc5YjE=
Host: localhost
User-Agent: Mozilla/5.0 (Windows NT 10.0; Win64; x64; rv:86.0) Gecko/20100101 Firefox/86.0
Accept: application/json, text/plain, */*
Accept-Language: en-US,en;q=0.5
Accept-Encoding: gzip, deflate
Origin: http://localhost:8080
Connection: keep-alive
Referer: http://localhost:8080/revenue/surcharge

Request body:
{"bid":0,"access_type":"admin","user_id":"1","page":1,"result_per_page":20,"bank_type":"all","bank_name":"All","filter_category":"all","search":"","request_madeby_name":"Daniel Vincent Johnson","request_madeby_id":"1","request_madeby_access_level":"admin"}

REQUEST TIME: 12:48:36+00:00
POST /gas/omc-api/bankaccounts/options_category HTTP/1.1

HTTP headers:
Authorization: Bearer MTo0NjlhMmY3MDc5YjE=
Host: localhost
User-Agent: Mozilla/5.0 (Windows NT 10.0; Win64; x64; rv:86.0) Gecko/20100101 Firefox/86.0
Accept: application/json, text/plain, */*
Accept-Language: en-US,en;q=0.5
Accept-Encoding: gzip, deflate
Origin: http://localhost:8080
Connection: keep-alive
Referer: http://localhost:8080/revenue/surcharge

Request body:
{"request_madeby_name":"Daniel Vincent Johnson","request_madeby_id":"1","request_madeby_access_level":"admin"}

REQUEST TIME: 12:48:36+00:00
POST /gas/omc-api/bankaccounts/options_otherbanks HTTP/1.1

HTTP headers:
Authorization: Bearer MTo0NjlhMmY3MDc5YjE=
Host: localhost
User-Agent: Mozilla/5.0 (Windows NT 10.0; Win64; x64; rv:86.0) Gecko/20100101 Firefox/86.0
Accept: application/json, text/plain, */*
Accept-Language: en-US,en;q=0.5
Accept-Encoding: gzip, deflate
Origin: http://localhost:8080
Connection: keep-alive
Referer: http://localhost:8080/revenue/surcharge

Request body:
{"request_madeby_name":"Daniel Vincent Johnson","request_madeby_id":"1","request_madeby_access_level":"admin"}

all","search":"","request_madeby_name":"Daniel Vincent Johnson","request_madeby_id":"1","request_madeby_access_level":"admin"}

REQUEST TIME: 12:48:40+00:00
POST /gas/omc-api/bankaccounts/options_category HTTP/1.1

HTTP headers:
Authorization: Bearer MTo0NjlhMmY3MDc5YjE=
Host: localhost
User-Agent: Mozilla/5.0 (Windows NT 10.0; Win64; x64; rv:86.0) Gecko/20100101 Firefox/86.0
Accept: application/json, text/plain, */*
Accept-Language: en-US,en;q=0.5
Accept-Encoding: gzip, deflate
Origin: http://localhost:8080
Connection: keep-alive
Referer: http://localhost:8080/revenue/surcharge

Request body:
{"request_madeby_name":"Daniel Vincent Johnson","request_madeby_id":"1","request_madeby_access_level":"admin"}

REQUEST TIME: 12:48:40+00:00
POST /gas/omc-api/bankaccounts/options_otherbanks HTTP/1.1

HTTP headers:
Authorization: Bearer MTo0NjlhMmY3MDc5YjE=
Host: localhost
User-Agent: Mozilla/5.0 (Windows NT 10.0; Win64; x64; rv:86.0) Gecko/20100101 Firefox/86.0
Accept: application/json, text/plain, */*
Accept-Language: en-US,en;q=0.5
Accept-Encoding: gzip, deflate
Origin: http://localhost:8080
Connection: keep-alive
Referer: http://localhost:8080/revenue/surcharge

Request body:
{"request_madeby_name":"Daniel Vincent Johnson","request_madeby_id":"1","request_madeby_access_level":"admin"}

REQUEST TIME: 12:48:40+00:00
POST /gas/omc-api/bankaccounts/ HTTP/1.1

HTTP headers:
Authorization: Bearer MTo0NjlhMmY3MDc5YjE=
Host: localhost
User-Agent: Mozilla/5.0 (Windows NT 10.0; Win64; x64; rv:86.0) Gecko/20100101 Firefox/86.0
Accept: application/json, text/plain, */*
Accept-Language: en-US,en;q=0.5
Accept-Encoding: gzip, deflate
Origin: http://localhost:8080
Connection: keep-alive
Referer: http://localhost:8080/revenue/surcharge

Request body:
{"bid":0,"access_type":"admin","user_id":"1","page":1,"result_per_page":20,"bank_type":"all","bank_name":"All","filter_category":"all","search":"","request_madeby_name":"Daniel Vincent Johnson","request_madeby_id":"1","request_madeby_access_level":"admin"}

REQUEST TIME: 12:48:48+00:00
POST /gas/omc-api/bankaccounts/options_otherbanks HTTP/1.1

HTTP headers:
Authorization: Bearer MTo0NjlhMmY3MDc5YjE=
Host: localhost
User-Agent: Mozilla/5.0 (Windows NT 10.0; Win64; x64; rv:86.0) Gecko/20100101 Firefox/86.0
Accept: application/json, text/plain, */*
Accept-Language: en-US,en;q=0.5
Accept-Encoding: gzip, deflate
Origin: http://localhost:8080
Connection: keep-alive
Referer: http://localhost:8080/revenue/surcharge

Request body:
{"request_madeby_name":"Daniel Vincent Johnson","request_madeby_id":"1","request_madeby_access_level":"admin"}

REQUEST TIME: 12:48:48+00:00
POST /gas/omc-api/bankaccounts/options_category HTTP/1.1

HTTP headers:
Authorization: Bearer MTo0NjlhMmY3MDc5YjE=
Host: localhost
User-Agent: Mozilla/5.0 (Windows NT 10.0; Win64; x64; rv:86.0) Gecko/20100101 Firefox/86.0
Accept: application/json, text/plain, */*
Accept-Language: en-US,en;q=0.5
Accept-Encoding: gzip, deflate
Origin: http://localhost:8080
Connection: keep-alive
Referer: http://localhost:8080/revenue/surcharge

Request body:
{"request_madeby_name":"Daniel Vincent Johnson","request_madeby_id":"1","request_madeby_access_level":"admin"}

REQUEST TIME: 12:48:48+00:00
POST /gas/omc-api/bankaccounts/ HTTP/1.1

HTTP headers:
Authorization: Bearer MTo0NjlhMmY3MDc5YjE=
Host: localhost
User-Agent: Mozilla/5.0 (Windows NT 10.0; Win64; x64; rv:86.0) Gecko/20100101 Firefox/86.0
Accept: application/json, text/plain, */*
Accept-Language: en-US,en;q=0.5
Accept-Encoding: gzip, deflate
Origin: http://localhost:8080
Connection: keep-alive
Referer: http://localhost:8080/revenue/surcharge

Request body:
{"bid":0,"access_type":"admin","user_id":"1","page":1,"result_per_page":20,"bank_type":"all","bank_name":"All","filter_category":"all","search":"","request_madeby_name":"Daniel Vincent Johnson","request_madeby_id":"1","request_madeby_access_level":"admin"}

REQUEST TIME: 12:48:52+00:00
POST /gas/omc-api/bankaccounts/options_otherbanks HTTP/1.1

HTTP headers:
Authorization: Bearer MTo0NjlhMmY3MDc5YjE=
Host: localhost
User-Agent: Mozilla/5.0 (Windows NT 10.0; Win64; x64; rv:86.0) Gecko/20100101 Firefox/86.0
Accept: application/json, text/plain, */*
Accept-Language: en-US,en;q=0.5
Accept-Encoding: gzip, deflate
Origin: http://localhost:8080
Connection: keep-alive
Referer: http://localhost:8080/revenue/surcharge

Request body:
{"request_madeby_name":"Daniel Vincent Johnson","request_madeby_id":"1","request_madeby_access_level":"admin"}

REQUEST TIME: 12:48:52+00:00
POST /gas/omc-api/bankaccounts/options_category HTTP/1.1

HTTP headers:
Authorization: Bearer MTo0NjlhMmY3MDc5YjE=
Host: localhost
User-Agent: Mozilla/5.0 (Windows NT 10.0; Win64; x64; rv:86.0) Gecko/20100101 Firefox/86.0
Accept: application/json, text/plain, */*
Accept-Language: en-US,en;q=0.5
Accept-Encoding: gzip, deflate
Origin: http://localhost:8080
Connection: keep-alive
Referer: http://localhost:8080/revenue/surcharge

Request body:
{"request_madeby_name":"Daniel Vincent Johnson","request_madeby_id":"1","request_madeby_access_level":"admin"}

REQUEST TIME: 12:48:52+00:00
POST /gas/omc-api/bankaccounts/ HTTP/1.1

HTTP headers:
Authorization: Bearer MTo0NjlhMmY3MDc5YjE=
Host: localhost
User-Agent: Mozilla/5.0 (Windows NT 10.0; Win64; x64; rv:86.0) Gecko/20100101 Firefox/86.0
Accept: application/json, text/plain, */*
Accept-Language: en-US,en;q=0.5
Accept-Encoding: gzip, deflate
Origin: http://localhost:8080
Connection: keep-alive
Referer: http://localhost:8080/revenue/surcharge

Request body:
{"bid":0,"access_type":"admin","user_id":"1","page":1,"result_per_page":20,"bank_type":"all","bank_name":"All","filter_category":"all","search":"","request_madeby_name":"Daniel Vincent Johnson","request_madeby_id":"1","request_madeby_access_level":"admin"}

REQUEST TIME: 12:49:01+00:00
POST /gas/omc-api/bankaccounts/options_category HTTP/1.1

HTTP headers:
Authorization: Bearer MTo0NjlhMmY3MDc5YjE=
Host: localhost
User-Agent: Mozilla/5.0 (Windows NT 10.0; Win64; x64; rv:86.0) Gecko/20100101 Firefox/86.0
Accept: application/json, text/plain, */*
Accept-Language: en-US,en;q=0.5
Accept-Encoding: gzip, deflate
Origin: http://localhost:8080
Connection: keep-alive
Referer: http://localhost:8080/revenue/surcharge

Request body:
{"request_madeby_name":"Daniel Vincent Johnson","request_madeby_id":"1","request_madeby_access_level":"admin"}



REQUEST TIME: 12:49:01+00:00
POST /gas/omc-api/bankaccounts/ HTTP/1.1

HTTP headers:
Authorization: Bearer MTo0NjlhMmY3MDc5YjE=
Host: localhost
User-Agent: Mozilla/5.0 (Windows NT 10.0; Win64; x64; rv:86.0) Gecko/20100101 Firefox/86.0
Accept: application/json, text/plain, */*
Accept-Language: en-US,en;q=0.5
Accept-Encoding: gzip, deflate
Origin: http://localhost:8080
Connection: keep-alive
Referer: http://localhost:8080/revenue/surcharge

Request body:
{"bid":0,"access_type":"admin","user_id":"1","page":1,"result_per_page":20,"bank_type":"all","bank_name":"All","filter_category":"all","search":"","request_madeby_name":"Daniel Vincent Johnson","request_madeby_id":"1","request_madeby_access_level":"admin"}

REQUEST TIME: 12:49:39+00:00
POST /gas/omc-api/bankaccounts/options_otherbanks HTTP/1.1

HTTP headers:
Authorization: Bearer MTo0NjlhMmY3MDc5YjE=
Host: localhost
User-Agent: Mozilla/5.0 (Windows NT 10.0; Win64; x64; rv:86.0) Gecko/20100101 Firefox/86.0
Accept: application/json, text/plain, */*
Accept-Language: en-US,en;q=0.5
Accept-Encoding: gzip, deflate
Origin: http://localhost:8080
Connection: keep-alive
Referer: http://localhost:8080/revenue/surcharge

Request body:
{"request_madeby_name":"Daniel Vincent Johnson","request_madeby_id":"1","request_madeby_access_level":"admin"}

REQUEST TIME: 12:49:39+00:00
POST /gas/omc-api/bankaccounts/ HTTP/1.1

HTTP headers:
Authorization: Bearer MTo0NjlhMmY3MDc5YjE=
Host: localhost
User-Agent: Mozilla/5.0 (Windows NT 10.0; Win64; x64; rv:86.0) Gecko/20100101 Firefox/86.0
Accept: application/json, text/plain, */*
Accept-Language: en-US,en;q=0.5
Accept-Encoding: gzip, deflate
Origin: http://localhost:8080
Connection: keep-alive
Referer: http://localhost:8080/revenue/surcharge

Request body:
{"bid":0,"access_type":"admin","user_id":"1","page":1,"result_per_page":20,"bank_type":"all","bank_name":"All","filter_category":"all","search":"","request_madeby_name":"Daniel Vincent Johnson","request_madeby_id":"1","request_madeby_access_level":"admin"}

REQUEST TIME: 12:49:39+00:00
POST /gas/omc-api/bankaccounts/options_category HTTP/1.1

HTTP headers:
Authorization: Bearer MTo0NjlhMmY3MDc5YjE=
Host: localhost
User-Agent: Mozilla/5.0 (Windows NT 10.0; Win64; x64; rv:86.0) Gecko/20100101 Firefox/86.0
Accept: application/json, text/plain, */*
Accept-Language: en-US,en;q=0.5
Accept-Encoding: gzip, deflate
Origin: http://localhost:8080
Connection: keep-alive
Referer: http://localhost:8080/revenue/surcharge

Request body:
{"request_madeby_name":"Daniel Vincent Johnson","request_madeby_id":"1","request_madeby_access_level":"admin"}

REQUEST TIME: 12:49:49+00:00
POST /gas/omc-api/bankaccounts/options_category HTTP/1.1

HTTP headers:
Authorization: Bearer MTo0NjlhMmY3MDc5YjE=
Host: localhost
User-Agent: Mozilla/5.0 (Windows NT 10.0; Win64; x64; rv:86.0) Gecko/20100101 Firefox/86.0
Accept: application/json, text/plain, */*
Accept-Language: en-US,en;q=0.5
Accept-Encoding: gzip, deflate
Origin: http://localhost:8080
Connection: keep-alive
Referer: http://localhost:8080/revenue/surcharge

Request body:
{"request_madeby_name":"Daniel Vincent Johnson","request_madeby_id":"1","request_madeby_access_level":"admin"}

REQUEST TIME: 12:49:49+00:00
POST /gas/omc-api/bankaccounts/options_otherbanks HTTP/1.1

HTTP headers:
Authorization: Bearer MTo0NjlhMmY3MDc5YjE=
Host: localhost
User-Agent: Mozilla/5.0 (Windows NT 10.0; Win64; x64; rv:86.0) Gecko/20100101 Firefox/86.0
Accept: application/json, text/plain, */*
Accept-Language: en-US,en;q=0.5
Accept-Encoding: gzip, deflate
Origin: http://localhost:8080
Connection: keep-alive
Referer: http://localhost:8080/revenue/surcharge

Request body:
{"request_madeby_name":"Daniel Vincent Johnson","request_madeby_id":"1","request_madeby_access_level":"admin"}

REQUEST TIME: 12:49:49+00:00
POST /gas/omc-api/bankaccounts/ HTTP/1.1

HTTP headers:
Authorization: Bearer MTo0NjlhMmY3MDc5YjE=
Host: localhost
User-Agent: Mozilla/5.0 (Windows NT 10.0; Win64; x64; rv:86.0) Gecko/20100101 Firefox/86.0
Accept: application/json, text/plain, */*
Accept-Language: en-US,en;q=0.5
Accept-Encoding: gzip, deflate
Origin: http://localhost:8080
Connection: keep-alive
Referer: http://localhost:8080/revenue/surcharge

Request body:
{"bid":0,"access_type":"admin","user_id":"1","page":1,"result_per_page":20,"bank_type":"all","bank_name":"All","filter_category":"all","search":"","request_madeby_name":"Daniel Vincent Johnson","request_madeby_id":"1","request_madeby_access_level":"admin"}

REQUEST TIME: 12:49:57+00:00
POST /gas/omc-api/bankaccounts/options_category HTTP/1.1

HTTP headers:
Authorization: Bearer MTo0NjlhMmY3MDc5YjE=
Host: localhost
User-Agent: Mozilla/5.0 (Windows NT 10.0; Win64; x64; rv:86.0) Gecko/20100101 Firefox/86.0
Accept: application/json, text/plain, */*
Accept-Language: en-US,en;q=0.5
Accept-Encoding: gzip, deflate
Origin: http://localhost:8080
Connection: keep-alive
Referer: http://localhost:8080/revenue/surcharge

Request body:
{"request_madeby_name":"Daniel Vincent Johnson","request_madeby_id":"1","request_madeby_access_level":"admin"}

REQUEST TIME: 12:49:57+00:00
POST /gas/omc-api/bankaccounts/options_otherbanks HTTP/1.1

HTTP headers:
Authorization: Bearer MTo0NjlhMmY3MDc5YjE=
Host: localhost
User-Agent: Mozilla/5.0 (Windows NT 10.0; Win64; x64; rv:86.0) Gecko/20100101 Firefox/86.0
Accept: application/json, text/plain, */*
Accept-Language: en-US,en;q=0.5
Accept-Encoding: gzip, deflate
Origin: http://localhost:8080
Connection: keep-alive
Referer: http://localhost:8080/revenue/surcharge

Request body:
{"request_madeby_name":"Daniel Vincent Johnson","request_madeby_id":"1","request_madeby_access_level":"admin"}

REQUEST TIME: 12:49:57+00:00
POST /gas/omc-api/bankaccounts/ HTTP/1.1

HTTP headers:
Authorization: Bearer MTo0NjlhMmY3MDc5YjE=
Host: localhost
User-Agent: Mozilla/5.0 (Windows NT 10.0; Win64; x64; rv:86.0) Gecko/20100101 Firefox/86.0
Accept: application/json, text/plain, */*
Accept-Language: en-US,en;q=0.5
Accept-Encoding: gzip, deflate
Origin: http://localhost:8080
Connection: keep-alive
Referer: http://localhost:8080/revenue/surcharge

Request body:
{"bid":0,"access_type":"admin","user_id":"1","page":1,"result_per_page":20,"bank_type":"all","bank_name":"All","filter_category":"all","search":"","request_madeby_name":"Daniel Vincent Johnson","request_madeby_id":"1","request_madeby_access_level":"admin"}

REQUEST TIME: 12:50:00+00:00
POST /gas/omc-api/bankaccounts/options_otherbanks HTTP/1.1

HTTP headers:
Authorization: Bearer MTo0NjlhMmY3MDc5YjE=
Host: localhost
User-Agent: Mozilla/5.0 (Windows NT 10.0; Win64; x64; rv:86.0) Gecko/20100101 Firefox/86.0
Accept: application/json, text/plain, */*
Accept-Language: en-US,en;q=0.5
Accept-Encoding: gzip, deflate
Origin: http://localhost:8080
Connection: keep-alive
Referer: http://localhost:8080/revenue/surcharge

Request body:
{"request_madeby_name":"Daniel Vincent Johnson","request_madeby_id":"1","request_madeby_access_level":"admin"}

REQUEST TIME: 12:50:00+00:00
POST /gas/omc-api/bankaccounts/options_category HTTP/1.1

HTTP headers:
Authorization: Bearer MTo0NjlhMmY3MDc5YjE=
Host: localhost
User-Agent: Mozilla/5.0 (Windows NT 10.0; Win64; x64; rv:86.0) Gecko/20100101 Firefox/86.0
Accept: application/json, text/plain, */*
Accept-Language: en-US,en;q=0.5
Accept-Encoding: gzip, deflate
Origin: http://localhost:8080
Connection: keep-alive
Referer: http://localhost:8080/revenue/surcharge

Request body:
{"request_madeby_name":"Daniel Vincent Johnson","request_madeby_id":"1","request_madeby_access_level":"admin"}

REQUEST TIME: 12:50:00+00:00
POST /gas/omc-api/bankaccounts/ HTTP/1.1

HTTP headers:
Authorization: Bearer MTo0NjlhMmY3MDc5YjE=
Host: localhost
User-Agent: Mozilla/5.0 (Windows NT 10.0; Win64; x64; rv:86.0) Gecko/20100101 Firefox/86.0
Accept: application/json, text/plain, */*
Accept-Language: en-US,en;q=0.5
Accept-Encoding: gzip, deflate
Origin: http://localhost:8080
Connection: keep-alive
Referer: http://localhost:8080/revenue/surcharge

Request body:
{"bid":0,"access_type":"admin","user_id":"1","page":1,"result_per_page":20,"bank_type":"all","bank_name":"All","filter_category":"all","search":"","request_madeby_name":"Daniel Vincent Johnson","request_madeby_id":"1","request_madeby_access_level":"admin"}

REQUEST TIME: 12:50:16+00:00
POST /gas/omc-api/bankaccounts/options_category HTTP/1.1

HTTP headers:
Authorization: Bearer MTo0NjlhMmY3MDc5YjE=
Host: localhost
User-Agent: Mozilla/5.0 (Windows NT 10.0; Win64; x64; rv:86.0) Gecko/20100101 Firefox/86.0
Accept: application/json, text/plain, */*
Accept-Language: en-US,en;q=0.5
Accept-Encoding: gzip, deflate
Origin: http://localhost:8080
Connection: keep-alive
Referer: http://localhost:8080/revenue/surcharge

Request body:
{"request_madeby_name":"Daniel Vincent Johnson","request_madeby_id":"1","request_madeby_access_level":"admin"}

REQUEST TIME: 12:50:16+00:00
POST /gas/omc-api/bankaccounts/options_otherbanks HTTP/1.1

HTTP headers:
Authorization: Bearer MTo0NjlhMmY3MDc5YjE=
Host: localhost
User-Agent: Mozilla/5.0 (Windows NT 10.0; Win64; x64; rv:86.0) Gecko/20100101 Firefox/86.0
Accept: application/json, text/plain, */*
Accept-Language: en-US,en;q=0.5
Accept-Encoding: gzip, deflate
Origin: http://localhost:8080
Connection: keep-alive
Referer: http://localhost:8080/revenue/surcharge

Request body:
{"request_madeby_name":"Daniel Vincent Johnson","request_madeby_id":"1","request_madeby_access_level":"admin"}

REQUEST TIME: 12:50:16+00:00
POST /gas/omc-api/bankaccounts/ HTTP/1.1

HTTP headers:
Authorization: Bearer MTo0NjlhMmY3MDc5YjE=
Host: localhost
User-Agent: Mozilla/5.0 (Windows NT 10.0; Win64; x64; rv:86.0) Gecko/20100101 Firefox/86.0
Accept: application/json, text/plain, */*
Accept-Language: en-US,en;q=0.5
Accept-Encoding: gzip, deflate
Origin: http://localhost:8080
Connection: keep-alive
Referer: http://localhost:8080/revenue/surcharge

Request body:
{"bid":0,"access_type":"admin","user_id":"1","page":1,"result_per_page":20,"bank_type":"all","bank_name":"All","filter_category":"all","search":"","request_madeby_name":"Daniel Vincent Johnson","request_madeby_id":"1","request_madeby_access_level":"admin"}

REQUEST TIME: 12:50:20+00:00
POST /gas/omc-api/bankaccounts/options_otherbanks HTTP/1.1

HTTP headers:
Authorization: Bearer MTo0NjlhMmY3MDc5YjE=
Host: localhost
User-Agent: Mozilla/5.0 (Windows NT 10.0; Win64; x64; rv:86.0) Gecko/20100101 Firefox/86.0
Accept: application/json, text/plain, */*
Accept-Language: en-US,en;q=0.5
Accept-Encoding: gzip, deflate
Origin: http://localhost:8080
Connection: keep-alive
Referer: http://localhost:8080/revenue/surcharge

Request body:
{"request_madeby_name":"Daniel Vincent Johnson","request_madeby_id":"1","request_madeby_access_level":"admin"}

REQUEST TIME: 12:50:20+00:00
POST /gas/omc-api/bankaccounts/ HTTP/1.1

HTTP headers:
Authorization: Bearer MTo0NjlhMmY3MDc5YjE=
Host: localhost
User-Agent: Mozilla/5.0 (Windows NT 10.0; Win64; x64; rv:86.0) Gecko/20100101 Firefox/86.0
Accept: application/json, text/plain, */*
Accept-Language: en-US,en;q=0.5
Accept-Encoding: gzip, deflate
Origin: http://localhost:8080
Connection: keep-alive
Referer: http://localhost:8080/revenue/surcharge

Request body:
{"bid":0,"access_type":"admin","user_id":"1","page":1,"result_per_page":20,"bank_type":"all","bank_name":"All","filter_category":"all","search":"","request_madeby_name":"Daniel Vincent Johnson","request_madeby_id":"1","request_madeby_access_level":"admin"}

REQUEST TIME: 12:50:20+00:00
POST /gas/omc-api/bankaccounts/options_category HTTP/1.1

HTTP headers:
Authorization: Bearer MTo0NjlhMmY3MDc5YjE=
Host: localhost
User-Agent: Mozilla/5.0 (Windows NT 10.0; Win64; x64; rv:86.0) Gecko/20100101 Firefox/86.0
Accept: application/json, text/plain, */*
Accept-Language: en-US,en;q=0.5
Accept-Encoding: gzip, deflate
Origin: http://localhost:8080
Connection: keep-alive
Referer: http://localhost:8080/revenue/surcharge

Request body:
{"request_madeby_name":"Daniel Vincent Johnson","request_madeby_id":"1","request_madeby_access_level":"admin"}

REQUEST TIME: 12:50:33+00:00
POST /gas/omc-api/bankaccounts/options_category HTTP/1.1

HTTP headers:
Authorization: Bearer MTo0NjlhMmY3MDc5YjE=
Host: localhost
User-Agent: Mozilla/5.0 (Windows NT 10.0; Win64; x64; rv:86.0) Gecko/20100101 Firefox/86.0
Accept: application/json, text/plain, */*
Accept-Language: en-US,en;q=0.5
Accept-Encoding: gzip, deflate
Origin: http://localhost:8080
Connection: keep-alive
Referer: http://localhost:8080/revenue/surcharge

Request body:
{"request_madeby_name":"Daniel Vincent Johnson","request_madeby_id":"1","request_madeby_access_level":"admin"}

REQUEST TIME: 12:50:33+00:00
POST /gas/omc-api/bankaccounts/options_otherbanks HTTP/1.1

HTTP headers:
Authorization: Bearer MTo0NjlhMmY3MDc5YjE=
Host: localhost
User-Agent: Mozilla/5.0 (Windows NT 10.0; Win64; x64; rv:86.0) Gecko/20100101 Firefox/86.0
Accept: application/json, text/plain, */*
Accept-Language: en-US,en;q=0.5
Accept-Encoding: gzip, deflate
Origin: http://localhost:8080
Connection: keep-alive
Referer: http://localhost:8080/revenue/surcharge

Request body:
{"request_madeby_name":"Daniel Vincent Johnson","request_madeby_id":"1","request_madeby_access_level":"admin"}

REQUEST TIME: 12:50:33+00:00
POST /gas/omc-api/bankaccounts/ HTTP/1.1

HTTP headers:
Authorization: Bearer MTo0NjlhMmY3MDc5YjE=
Host: localhost
User-Agent: Mozilla/5.0 (Windows NT 10.0; Win64; x64; rv:86.0) Gecko/20100101 Firefox/86.0
Accept: application/json, text/plain, */*
Accept-Language: en-US,en;q=0.5
Accept-Encoding: gzip, deflate
Origin: http://localhost:8080
Connection: keep-alive
Referer: http://localhost:8080/revenue/surcharge

Request body:
{"bid":0,"access_type":"admin","user_id":"1","page":1,"result_per_page":20,"bank_type":"all","bank_name":"All","filter_category":"all","search":"","request_madeby_name":"Daniel Vincent Johnson","request_madeby_id":"1","request_madeby_access_level":"admin"}

REQUEST TIME: 12:50:57+00:00
POST /gas/omc-api/bankaccounts/options_category HTTP/1.1

HTTP headers:
Authorization: Bearer MTo0NjlhMmY3MDc5YjE=
Host: localhost
User-Agent: Mozilla/5.0 (Windows NT 10.0; Win64; x64; rv:86.0) Gecko/20100101 Firefox/86.0
Accept: application/json, text/plain, */*
Accept-Language: en-US,en;q=0.5
Accept-Encoding: gzip, deflate
Origin: http://localhost:8080
Connection: keep-alive
Referer: http://localhost:8080/revenue/surcharge

Request body:
{"request_madeby_name":"Daniel Vincent Johnson","request_madeby_id":"1","request_madeby_access_level":"admin"}

REQUEST TIME: 12:50:57+00:00
POST /gas/omc-api/bankaccounts/ HTTP/1.1

HTTP headers:
Authorization: Bearer MTo0NjlhMmY3MDc5YjE=
Host: localhost
User-Agent: Mozilla/5.0 (Windows NT 10.0; Win64; x64; rv:86.0) Gecko/20100101 Firefox/86.0
Accept: application/json, text/plain, */*
Accept-Language: en-US,en;q=0.5
Accept-Encoding: gzip, deflate
Origin: http://localhost:8080
Connection: keep-alive
Referer: http://localhost:8080/revenue/surcharge

Request body:
{"bid":0,"access_type":"admin","user_id":"1","page":1,"result_per_page":20,"bank_type":"all","bank_name":"All","filter_category":"all","search":"","request_madeby_name":"Daniel Vincent Johnson","request_madeby_id":"1","request_madeby_access_level":"admin"}

REQUEST TIME: 12:50:57+00:00
POST /gas/omc-api/bankaccounts/options_otherbanks HTTP/1.1

HTTP headers:
Authorization: Bearer MTo0NjlhMmY3MDc5YjE=
Host: localhost
User-Agent: Mozilla/5.0 (Windows NT 10.0; Win64; x64; rv:86.0) Gecko/20100101 Firefox/86.0
Accept: application/json, text/plain, */*
Accept-Language: en-US,en;q=0.5
Accept-Encoding: gzip, deflate
Origin: http://localhost:8080
Connection: keep-alive
Referer: http://localhost:8080/revenue/surcharge

Request body:
{"request_madeby_name":"Daniel Vincent Johnson","request_madeby_id":"1","request_madeby_access_level":"admin"}

REQUEST TIME: 12:51:07+00:00
POST /gas/omc-api/bankaccounts/options_category HTTP/1.1

HTTP headers:
Authorization: Bearer MTo0NjlhMmY3MDc5YjE=
Host: localhost
User-Agent: Mozilla/5.0 (Windows NT 10.0; Win64; x64; rv:86.0) Gecko/20100101 Firefox/86.0
Accept: application/json, text/plain, */*
Accept-Language: en-US,en;q=0.5
Accept-Encoding: gzip, deflate
Origin: http://localhost:8080
Connection: keep-alive
Referer: http://localhost:8080/revenue/surcharge

Request body:
{"request_madeby_name":"Daniel Vincent Johnson","request_madeby_id":"1","request_madeby_access_level":"admin"}

REQUEST TIME: 12:51:07+00:00
POST /gas/omc-api/bankaccounts/options_otherbanks HTTP/1.1

HTTP headers:
Authorization: Bearer MTo0NjlhMmY3MDc5YjE=
Host: localhost
User-Agent: Mozilla/5.0 (Windows NT 10.0; Win64; x64; rv:86.0) Gecko/20100101 Firefox/86.0
Accept: application/json, text/plain, */*
Accept-Language: en-US,en;q=0.5
Accept-Encoding: gzip, deflate
Origin: http://localhost:8080
Connection: keep-alive
Referer: http://localhost:8080/revenue/surcharge

Request body:
{"request_madeby_name":"Daniel Vincent Johnson","request_madeby_id":"1","request_madeby_access_level":"admin"}

REQUEST TIME: 12:51:07+00:00
POST /gas/omc-api/bankaccounts/ HTTP/1.1

HTTP headers:
Authorization: Bearer MTo0NjlhMmY3MDc5YjE=
Host: localhost
User-Agent: Mozilla/5.0 (Windows NT 10.0; Win64; x64; rv:86.0) Gecko/20100101 Firefox/86.0
Accept: application/json, text/plain, */*
Accept-Language: en-US,en;q=0.5
Accept-Encoding: gzip, deflate
Origin: http://localhost:8080
Connection: keep-alive
Referer: http://localhost:8080/revenue/surcharge

Request body:
{"bid":0,"access_type":"admin","user_id":"1","page":1,"result_per_page":20,"bank_type":"all","bank_name":"All","filter_category":"all","search":"","request_madeby_name":"Daniel Vincent Johnson","request_madeby_id":"1","request_madeby_access_level":"admin"}

REQUEST TIME: 12:51:13+00:00
POST /gas/omc-api/bankaccounts/options_otherbanks HTTP/1.1

HTTP headers:
Authorization: Bearer MTo0NjlhMmY3MDc5YjE=
Host: localhost
User-Agent: Mozilla/5.0 (Windows NT 10.0; Win64; x64; rv:86.0) Gecko/20100101 Firefox/86.0
Accept: application/json, text/plain, */*
Accept-Language: en-US,en;q=0.5
Accept-Encoding: gzip, deflate
Origin: http://localhost:8080
Connection: keep-alive
Referer: http://localhost:8080/revenue/surcharge

Request body:
{"request_madeby_name":"Daniel Vincent Johnson","request_madeby_id":"1","request_madeby_access_level":"admin"}

REQUEST TIME: 12:51:13+00:00
POST /gas/omc-api/bankaccounts/options_category HTTP/1.1

HTTP headers:
Authorization: Bearer MTo0NjlhMmY3MDc5YjE=
Host: localhost
User-Agent: Mozilla/5.0 (Windows NT 10.0; Win64; x64; rv:86.0) Gecko/20100101 Firefox/86.0
Accept: application/json, text/plain, */*
Accept-Language: en-US,en;q=0.5
Accept-Encoding: gzip, deflate
Origin: http://localhost:8080
Connection: keep-alive
Referer: http://localhost:8080/revenue/surcharge

Request body:
{"request_madeby_name":"Daniel Vincent Johnson","request_madeby_id":"1","request_madeby_access_level":"admin"}

REQUEST TIME: 12:51:13+00:00
POST /gas/omc-api/bankaccounts/ HTTP/1.1

HTTP headers:
Authorization: Bearer MTo0NjlhMmY3MDc5YjE=
Host: localhost
User-Agent: Mozilla/5.0 (Windows NT 10.0; Win64; x64; rv:86.0) Gecko/20100101 Firefox/86.0
Accept: application/json, text/plain, */*
Accept-Language: en-US,en;q=0.5
Accept-Encoding: gzip, deflate
Origin: http://localhost:8080
Connection: keep-alive
Referer: http://localhost:8080/revenue/surcharge

Request body:
{"bid":0,"access_type":"admin","user_id":"1","page":1,"result_per_page":20,"bank_type":"all","bank_name":"All","filter_category":"all","search":"","request_madeby_name":"Daniel Vincent Johnson","request_madeby_id":"1","request_madeby_access_level":"admin"}

REQUEST TIME: 12:51:23+00:00
POST /gas/omc-api/bankaccounts/options_category HTTP/1.1

HTTP headers:
Authorization: Bearer MTo0NjlhMmY3MDc5YjE=
Host: localhost
User-Agent: Mozilla/5.0 (Windows NT 10.0; Win64; x64; rv:86.0) Gecko/20100101 Firefox/86.0
Accept: application/json, text/plain, */*
Accept-Language: en-US,en;q=0.5
Accept-Encoding: gzip, deflate
Origin: http://localhost:8080
Connection: keep-alive
Referer: http://localhost:8080/revenue/surcharge

Request body:
{"request_madeby_name":"Daniel Vincent Johnson","request_madeby_id":"1","request_madeby_access_level":"admin"}

REQUEST TIME: 12:51:23+00:00
POST /gas/omc-api/bankaccounts/ HTTP/1.1

HTTP headers:
Authorization: Bearer MTo0NjlhMmY3MDc5YjE=
Host: localhost
User-Agent: Mozilla/5.0 (Windows NT 10.0; Win64; x64; rv:86.0) Gecko/20100101 Firefox/86.0
Accept: application/json, text/plain, */*
Accept-Language: en-US,en;q=0.5
Accept-Encoding: gzip, deflate
Origin: http://localhost:8080
Connection: keep-alive
Referer: http://localhost:8080/revenue/surcharge

Request body:
{"bid":0,"access_type":"admin","user_id":"1","page":1,"result_per_page":20,"bank_type":"all","bank_name":"All","filter_category":"all","search":"","request_madeby_name":"Daniel Vincent Johnson","request_madeby_id":"1","request_madeby_access_level":"admin"}

REQUEST TIME: 12:51:23+00:00
POST /gas/omc-api/bankaccounts/options_otherbanks HTTP/1.1

HTTP headers:
Authorization: Bearer MTo0NjlhMmY3MDc5YjE=
Host: localhost
User-Agent: Mozilla/5.0 (Windows NT 10.0; Win64; x64; rv:86.0) Gecko/20100101 Firefox/86.0
Accept: application/json, text/plain, */*
Accept-Language: en-US,en;q=0.5
Accept-Encoding: gzip, deflate
Origin: http://localhost:8080
Connection: keep-alive
Referer: http://localhost:8080/revenue/surcharge

Request body:
{"request_madeby_name":"Daniel Vincent Johnson","request_madeby_id":"1","request_madeby_access_level":"admin"}

REQUEST TIME: 12:52:59+00:00
POST /gas/omc-api/home/ HTTP/1.1

HTTP headers:
Authorization: Bearer MTo0NjlhMmY3MDc5YjE=
Host: localhost
User-Agent: Mozilla/5.0 (Windows NT 10.0; Win64; x64; rv:86.0) Gecko/20100101 Firefox/86.0
Accept: application/json, text/plain, */*
Accept-Language: en-US,en;q=0.5
Accept-Encoding: gzip, deflate
Origin: http://localhost:8080
Connection: keep-alive
Referer: http://localhost:8080/revenue
Cache-Control: max-age=0

Request body:
{"access_type":"admin","user_id":"1","request_madeby_name":"Daniel Vincent Johnson","request_madeby_id":"1","request_madeby_access_level":"admin"}

REQUEST TIME: 12:53:06+00:00
POST /gas/omc-api/users/ HTTP/1.1

HTTP headers:
Authorization: Bearer MTo0NjlhMmY3MDc5YjE=
Host: localhost
User-Agent: Mozilla/5.0 (Windows NT 10.0; Win64; x64; rv:86.0) Gecko/20100101 Firefox/86.0
Accept: application/json, text/plain, */*
Accept-Language: en-US,en;q=0.5
Accept-Encoding: gzip, deflate
Origin: http://localhost:8080
Connection: keep-alive
Referer: http://localhost:8080/accounts/users

Request body:
{"result_per_page":20,"page":1,"search":"","request_madeby_name":"Daniel Vincent Johnson","request_madeby_id":"1","request_madeby_access_level":"admin"}

REQUEST TIME: 12:53:09+00:00
POST /gas/omc-api/users/options HTTP/1.1

HTTP headers:
Authorization: Bearer MTo0NjlhMmY3MDc5YjE=
Host: localhost
User-Agent: Mozilla/5.0 (Windows NT 10.0; Win64; x64; rv:86.0) Gecko/20100101 Firefox/86.0
Accept: application/json, text/plain, */*
Accept-Language: en-US,en;q=0.5
Accept-Encoding: gzip, deflate
Origin: http://localhost:8080
Connection: keep-alive
Referer: http://localhost:8080/accounts/users/1

Request body:
{"request_madeby_name":"Daniel Vincent Johnson","request_madeby_id":"1","request_madeby_access_level":"admin"}

REQUEST TIME: 12:53:09+00:00
POST /gas/omc-api/users/get/ HTTP/1.1

HTTP headers:
Authorization: Bearer MTo0NjlhMmY3MDc5YjE=
Host: localhost
User-Agent: Mozilla/5.0 (Windows NT 10.0; Win64; x64; rv:86.0) Gecko/20100101 Firefox/86.0
Accept: application/json, text/plain, */*
Accept-Language: en-US,en;q=0.5
Accept-Encoding: gzip, deflate
Origin: http://localhost:8080
Connection: keep-alive
Referer: http://localhost:8080/accounts/users/1

Request body:
{"id":"1","request_madeby_name":"Daniel Vincent Johnson","request_madeby_id":"1","request_madeby_access_level":"admin"}

REQUEST TIME: 12:53:21+00:00
POST /gas/omc-api/users/update/ HTTP/1.1

HTTP headers:
Authorization: Bearer MTo0NjlhMmY3MDc5YjE=
Host: localhost
User-Agent: Mozilla/5.0 (Windows NT 10.0; Win64; x64; rv:86.0) Gecko/20100101 Firefox/86.0
Accept: application/json, text/plain, */*
Accept-Language: en-US,en;q=0.5
Accept-Encoding: gzip, deflate
Origin: http://localhost:8080
Connection: keep-alive
Referer: http://localhost:8080/accounts/users/1

Request body:
{"id":"1","username":"dsaved","fullname":"Daniel Vincent Johnson","organization":0,"email":"dsaved8291@gmail.com","phone":"0543848378","user_type":"system","access_level":"admin","password":"admin","photo":"http://localhost/gas/api/uploads/image/20201106d2c1dfbf5d07f661ec454a151115b91856.png","baseurl":"/","pages":["Home","Revenue","Regimes","Petroleume","Accounts","BDC users","OMC users","System Users","System User Role","Petroleume Home","Tax","Tax Type","Tax Products","Tax Schedule","Exemptions","Compute Tax Schedule","OMCs","Reconcile","SML - NPA Reconcilations","NPA - ICOMS Reconcilations","NPA - NPA Reconcilations","NPA","NPA Reconcilation Reports","NPA Daily Liftings","ICOMS (CEPS)","ICOMS Declearations","ICOMS Payments","ICOMS Differences","SML","SML Daily Liftings","Banks","Accounts (Bank)","Organizations","Bank Accounts","Bank Account","Account Categories","Audit Logs","Audit Responses","Revenue Bank Accounts","Unauthorized","Unauthorized Bank of Ghana","Unauthorized Other Banks","Unauthorized Hidden Transactions","Accounts","OMC Organization Manage","Assets","Confirmed Assets","Disposed Assets","New Assets","Transfered Assets","Unknown Assets","Projects","GOG COA","Institutes","Funding","Organization","Location","Natural Accounts","Assets Validation","Assets Validations List","Assets Validations Completed","Reports","Petroleum Home","Regimes","Petroleum","OMC","All OMC","Fall Out Receipts","Reconcilation Log","OMC","National Summary","Reconciled Receipts","Unreconciled Receipts","Surcharges","Rates","Penalty"],"role":"1","request_madeby_name":"Daniel Vincent Johnson","request_madeby_id":"1","request_madeby_access_level":"admin"}

REQUEST TIME: 12:53:29+00:00
POST /gas/omc-api/home/ HTTP/1.1

HTTP headers:
Authorization: Bearer MTo0N2VlMmJiNjdlMDQ=
Host: localhost
User-Agent: Mozilla/5.0 (Windows NT 10.0; Win64; x64; rv:86.0) Gecko/20100101 Firefox/86.0
Accept: application/json, text/plain, */*
Accept-Language: en-US,en;q=0.5
Accept-Encoding: gzip, deflate
Origin: http://localhost:8080
Connection: keep-alive
Referer: http://localhost:8080/revenue

Request body:
{"access_type":"admin","user_id":"1","request_madeby_name":"Daniel Vincent Johnson","request_madeby_id":"1","request_madeby_access_level":"admin"}

REQUEST TIME: 12:53:33+00:00
POST /gas/omc-api/bankaccounts/options_otherbanks HTTP/1.1

HTTP headers:
Authorization: Bearer MTo0N2VlMmJiNjdlMDQ=
Host: localhost
User-Agent: Mozilla/5.0 (Windows NT 10.0; Win64; x64; rv:86.0) Gecko/20100101 Firefox/86.0
Accept: application/json, text/plain, */*
Accept-Language: en-US,en;q=0.5
Accept-Encoding: gzip, deflate
Origin: http://localhost:8080
Connection: keep-alive
Referer: http://localhost:8080/revenue/rates

Request body:
{"request_madeby_name":"Daniel Vincent Johnson","request_madeby_id":"1","request_madeby_access_level":"admin"}

REQUEST TIME: 12:53:33+00:00
POST /gas/omc-api/bankaccounts/options_category HTTP/1.1

HTTP headers:
Authorization: Bearer MTo0N2VlMmJiNjdlMDQ=
Host: localhost
User-Agent: Mozilla/5.0 (Windows NT 10.0; Win64; x64; rv:86.0) Gecko/20100101 Firefox/86.0
Accept: application/json, text/plain, */*
Accept-Language: en-US,en;q=0.5
Accept-Encoding: gzip, deflate
Origin: http://localhost:8080
Connection: keep-alive
Referer: http://localhost:8080/revenue/rates

Request body:
{"request_madeby_name":"Daniel Vincent Johnson","request_madeby_id":"1","request_madeby_access_level":"admin"}

REQUEST TIME: 12:53:33+00:00
POST /gas/omc-api/bankaccounts/ HTTP/1.1

HTTP headers:
Authorization: Bearer MTo0N2VlMmJiNjdlMDQ=
Host: localhost
User-Agent: Mozilla/5.0 (Windows NT 10.0; Win64; x64; rv:86.0) Gecko/20100101 Firefox/86.0
Accept: application/json, text/plain, */*
Accept-Language: en-US,en;q=0.5
Accept-Encoding: gzip, deflate
Origin: http://localhost:8080
Connection: keep-alive
Referer: http://localhost:8080/revenue/rates

Request body:
{"bid":0,"access_type":"admin","user_id":"1","page":1,"result_per_page":20,"bank_type":"all","bank_name":"All","filter_category":"all","search":"","request_madeby_name":"Daniel Vincent Johnson","request_madeby_id":"1","request_madeby_access_level":"admin"}

REQUEST TIME: 12:57:48+00:00
POST /gas/omc-api/bankaccounts/options_otherbanks HTTP/1.1

HTTP headers:
Authorization: Bearer MTo0N2VlMmJiNjdlMDQ=
Host: localhost
User-Agent: Mozilla/5.0 (Windows NT 10.0; Win64; x64; rv:86.0) Gecko/20100101 Firefox/86.0
Accept: application/json, text/plain, */*
Accept-Language: en-US,en;q=0.5
Accept-Encoding: gzip, deflate
Origin: http://localhost:8080
Connection: keep-alive
Referer: http://localhost:8080/revenue/penalty
Cache-Control: max-age=0

Request body:
{"request_madeby_name":"Daniel Vincent Johnson","request_madeby_id":"1","request_madeby_access_level":"admin"}

REQUEST TIME: 12:57:48+00:00
POST /gas/omc-api/bankaccounts/options_category HTTP/1.1

HTTP headers:
Authorization: Bearer MTo0N2VlMmJiNjdlMDQ=
Host: localhost
User-Agent: Mozilla/5.0 (Windows NT 10.0; Win64; x64; rv:86.0) Gecko/20100101 Firefox/86.0
Accept: application/json, text/plain, */*
Accept-Language: en-US,en;q=0.5
Accept-Encoding: gzip, deflate
Origin: http://localhost:8080
Connection: keep-alive
Referer: http://localhost:8080/revenue/penalty
Cache-Control: max-age=0

Request body:
{"request_madeby_name":"Daniel Vincent Johnson","request_madeby_id":"1","request_madeby_access_level":"admin"}

REQUEST TIME: 12:57:48+00:00
POST /gas/omc-api/bankaccounts/ HTTP/1.1

HTTP headers:
Authorization: Bearer MTo0N2VlMmJiNjdlMDQ=
Host: localhost
User-Agent: Mozilla/5.0 (Windows NT 10.0; Win64; x64; rv:86.0) Gecko/20100101 Firefox/86.0
Accept: application/json, text/plain, */*
Accept-Language: en-US,en;q=0.5
Accept-Encoding: gzip, deflate
Origin: http://localhost:8080
Connection: keep-alive
Referer: http://localhost:8080/revenue/penalty
Cache-Control: max-age=0

Request body:
{"bid":0,"access_type":"admin","user_id":"1","page":1,"result_per_page":20,"bank_type":"all","bank_name":"All","filter_category":"all","search":"","request_madeby_name":"Daniel Vincent Johnson","request_madeby_id":"1","request_madeby_access_level":"admin"}

REQUEST TIME: 13:00:12+00:00
POST /gas/omc-api/bankaccounts/options_otherbanks HTTP/1.1

HTTP headers:
Authorization: Bearer MTo0N2VlMmJiNjdlMDQ=
Host: localhost
User-Agent: Mozilla/5.0 (Windows NT 10.0; Win64; x64; rv:86.0) Gecko/20100101 Firefox/86.0
Accept: application/json, text/plain, */*
Accept-Language: en-US,en;q=0.5
Accept-Encoding: gzip, deflate
Origin: http://localhost:8080
Connection: keep-alive
Referer: http://localhost:8080/revenue/penalty
Cache-Control: max-age=0

Request body:
{"request_madeby_name":"Daniel Vincent Johnson","request_madeby_id":"1","request_madeby_access_level":"admin"}

REQUEST TIME: 13:00:12+00:00
POST /gas/omc-api/bankaccounts/ HTTP/1.1

HTTP headers:
Authorization: Bearer MTo0N2VlMmJiNjdlMDQ=
Host: localhost
User-Agent: Mozilla/5.0 (Windows NT 10.0; Win64; x64; rv:86.0) Gecko/20100101 Firefox/86.0
Accept: application/json, text/plain, */*
Accept-Language: en-US,en;q=0.5
Accept-Encoding: gzip, deflate
Origin: http://localhost:8080
Connection: keep-alive
Referer: http://localhost:8080/revenue/penalty
Cache-Control: max-age=0

Request body:
{"bid":0,"access_type":"admin","user_id":"1","page":1,"result_per_page":20,"bank_type":"all","bank_name":"All","filter_category":"all","search":"","request_madeby_name":"Daniel Vincent Johnson","request_madeby_id":"1","request_madeby_access_level":"admin"}

REQUEST TIME: 13:00:12+00:00
POST /gas/omc-api/bankaccounts/options_category HTTP/1.1

HTTP headers:
Authorization: Bearer MTo0N2VlMmJiNjdlMDQ=
Host: localhost
User-Agent: Mozilla/5.0 (Windows NT 10.0; Win64; x64; rv:86.0) Gecko/20100101 Firefox/86.0
Accept: application/json, text/plain, */*
Accept-Language: en-US,en;q=0.5
Accept-Encoding: gzip, deflate
Origin: http://localhost:8080
Connection: keep-alive
Referer: http://localhost:8080/revenue/penalty
Cache-Control: max-age=0

Request body:
{"request_madeby_name":"Daniel Vincent Johnson","request_madeby_id":"1","request_madeby_access_level":"admin"}

REQUEST TIME: 13:00:58+00:00
POST /gas/omc-api/bankaccounts/options_otherbanks HTTP/1.1

HTTP headers:
Authorization: Bearer MTo0N2VlMmJiNjdlMDQ=
Host: localhost
User-Agent: Mozilla/5.0 (Windows NT 10.0; Win64; x64; rv:86.0) Gecko/20100101 Firefox/86.0
Accept: application/json, text/plain, */*
Accept-Language: en-US,en;q=0.5
Accept-Encoding: gzip, deflate
Origin: http://localhost:8080
Connection: keep-alive
Referer: http://localhost:8080/revenue/penalty
Cache-Control: max-age=0

Request body:
{"request_madeby_name":"Daniel Vincent Johnson","request_madeby_id":"1","request_madeby_access_level":"admin"}

all","search":"","request_madeby_name":"Daniel Vincent Johnson","request_madeby_id":"1","request_madeby_access_level":"admin"}

REQUEST TIME: 13:02:28+00:00
POST /gas/omc-api/bankaccounts/ HTTP/1.1

HTTP headers:
Authorization: Bearer MTo0N2VlMmJiNjdlMDQ=
Host: localhost
User-Agent: Mozilla/5.0 (Windows NT 10.0; Win64; x64; rv:86.0) Gecko/20100101 Firefox/86.0
Accept: application/json, text/plain, */*
Accept-Language: en-US,en;q=0.5
Accept-Encoding: gzip, deflate
Origin: http://localhost:8080
Connection: keep-alive
Referer: http://localhost:8080/revenue/penalty
Cache-Control: max-age=0

Request body:
{"bid":0,"access_type":"admin","user_id":"1","page":1,"result_per_page":20,"bank_type":"all","bank_name":"All","filter_category":"all","search":"","request_madeby_name":"Daniel Vincent Johnson","request_madeby_id":"1","request_madeby_access_level":"admin"}

REQUEST TIME: 13:02:28+00:00
POST /gas/omc-api/bankaccounts/options_category HTTP/1.1

HTTP headers:
Authorization: Bearer MTo0N2VlMmJiNjdlMDQ=
Host: localhost
User-Agent: Mozilla/5.0 (Windows NT 10.0; Win64; x64; rv:86.0) Gecko/20100101 Firefox/86.0
Accept: application/json, text/plain, */*
Accept-Language: en-US,en;q=0.5
Accept-Encoding: gzip, deflate
Origin: http://localhost:8080
Connection: keep-alive
Referer: http://localhost:8080/revenue/penalty
Cache-Control: max-age=0

Request body:
{"request_madeby_name":"Daniel Vincent Johnson","request_madeby_id":"1","request_madeby_access_level":"admin"}

REQUEST TIME: 13:02:28+00:00
POST /gas/omc-api/bankaccounts/options_otherbanks HTTP/1.1

HTTP headers:
Authorization: Bearer MTo0N2VlMmJiNjdlMDQ=
Host: localhost
User-Agent: Mozilla/5.0 (Windows NT 10.0; Win64; x64; rv:86.0) Gecko/20100101 Firefox/86.0
Accept: application/json, text/plain, */*
Accept-Language: en-US,en;q=0.5
Accept-Encoding: gzip, deflate
Origin: http://localhost:8080
Connection: keep-alive
Referer: http://localhost:8080/revenue/penalty
Cache-Control: max-age=0

Request body:
{"request_madeby_name":"Daniel Vincent Johnson","request_madeby_id":"1","request_madeby_access_level":"admin"}

REQUEST TIME: 13:03:46+00:00
POST /gas/omc-api/bankaccounts/options_otherbanks HTTP/1.1

HTTP headers:
Authorization: Bearer MTo0N2VlMmJiNjdlMDQ=
Host: localhost
User-Agent: Mozilla/5.0 (Windows NT 10.0; Win64; x64; rv:86.0) Gecko/20100101 Firefox/86.0
Accept: application/json, text/plain, */*
Accept-Language: en-US,en;q=0.5
Accept-Encoding: gzip, deflate
Origin: http://localhost:8080
Connection: keep-alive
Referer: http://localhost:8080/revenue/penalty
Cache-Control: max-age=0

Request body:
{"request_madeby_name":"Daniel Vincent Johnson","request_madeby_id":"1","request_madeby_access_level":"admin"}

REQUEST TIME: 13:04:39+00:00
POST /gas/omc-api/bankaccounts/options_otherbanks HTTP/1.1

HTTP headers:
Authorization: Bearer MTo0N2VlMmJiNjdlMDQ=
Host: localhost
User-Agent: Mozilla/5.0 (Windows NT 10.0; Win64; x64; rv:86.0) Gecko/20100101 Firefox/86.0
Accept: application/json, text/plain, */*
Accept-Language: en-US,en;q=0.5
Accept-Encoding: gzip, deflate
Origin: http://localhost:8080
Connection: keep-alive
Referer: http://localhost:8080/revenue/penalty
Cache-Control: max-age=0

Request body:
{"request_madeby_name":"Daniel Vincent Johnson","request_madeby_id":"1","request_madeby_access_level":"admin"}

REQUEST TIME: 13:04:39+00:00
POST /gas/omc-api/bankaccounts/ HTTP/1.1

HTTP headers:
Authorization: Bearer MTo0N2VlMmJiNjdlMDQ=
Host: localhost
User-Agent: Mozilla/5.0 (Windows NT 10.0; Win64; x64; rv:86.0) Gecko/20100101 Firefox/86.0
Accept: application/json, text/plain, */*
Accept-Language: en-US,en;q=0.5
Accept-Encoding: gzip, deflate
Origin: http://localhost:8080
Connection: keep-alive
Referer: http://localhost:8080/revenue/penalty
Cache-Control: max-age=0

Request body:
{"bid":0,"access_type":"admin","user_id":"1","page":1,"result_per_page":20,"bank_type":"all","bank_name":"All","filter_category":"all","search":"","request_madeby_name":"Daniel Vincent Johnson","request_madeby_id":"1","request_madeby_access_level":"admin"}

REQUEST TIME: 13:04:40+00:00
POST /gas/omc-api/bankaccounts/options_otherbanks HTTP/1.1

HTTP headers:
Authorization: Bearer MTo0N2VlMmJiNjdlMDQ=
Host: localhost
User-Agent: Mozilla/5.0 (Windows NT 10.0; Win64; x64; rv:86.0) Gecko/20100101 Firefox/86.0
Accept: application/json, text/plain, */*
Accept-Language: en-US,en;q=0.5
Accept-Encoding: gzip, deflate
Origin: http://localhost:8080
Connection: keep-alive
Referer: http://localhost:8080/revenue/penalty
Cache-Control: max-age=0

Request body:
{"request_madeby_name":"Daniel Vincent Johnson","request_madeby_id":"1","request_madeby_access_level":"admin"}

REQUEST TIME: 13:04:40+00:00
POST /gas/omc-api/bankaccounts/options_category HTTP/1.1

HTTP headers:
Authorization: Bearer MTo0N2VlMmJiNjdlMDQ=
Host: localhost
User-Agent: Mozilla/5.0 (Windows NT 10.0; Win64; x64; rv:86.0) Gecko/20100101 Firefox/86.0
Accept: application/json, text/plain, */*
Accept-Language: en-US,en;q=0.5
Accept-Encoding: gzip, deflate
Origin: http://localhost:8080
Connection: keep-alive
Referer: http://localhost:8080/revenue/penalty
Cache-Control: max-age=0

Request body:
{"request_madeby_name":"Daniel Vincent Johnson","request_madeby_id":"1","request_madeby_access_level":"admin"}

REQUEST TIME: 13:04:40+00:00
POST /gas/omc-api/bankaccounts/ HTTP/1.1

HTTP headers:
Authorization: Bearer MTo0N2VlMmJiNjdlMDQ=
Host: localhost
User-Agent: Mozilla/5.0 (Windows NT 10.0; Win64; x64; rv:86.0) Gecko/20100101 Firefox/86.0
Accept: application/json, text/plain, */*
Accept-Language: en-US,en;q=0.5
Accept-Encoding: gzip, deflate
Origin: http://localhost:8080
Connection: keep-alive
Referer: http://localhost:8080/revenue/penalty
Cache-Control: max-age=0

Request body:
{"bid":0,"access_type":"admin","user_id":"1","page":1,"result_per_page":20,"bank_type":"all","bank_name":"All","filter_category":"all","search":"","request_madeby_name":"Daniel Vincent Johnson","request_madeby_id":"1","request_madeby_access_level":"admin"}

REQUEST TIME: 13:05:19+00:00
POST /gas/omc-api/taxschedule/ HTTP/1.1

HTTP headers:
Authorization: Bearer MTo0N2VlMmJiNjdlMDQ=
Host: localhost
User-Agent: Mozilla/5.0 (Windows NT 10.0; Win64; x64; rv:86.0) Gecko/20100101 Firefox/86.0
Accept: application/json, text/plain, */*
Accept-Language: en-US,en;q=0.5
Accept-Encoding: gzip, deflate
Origin: http://localhost:8080
Connection: keep-alive
Referer: http://localhost:8080/revenue/rates

Request body:
{"result_per_page":20,"page":1,"search":"","taxtype":"","request_madeby_name":"Daniel Vincent Johnson","request_madeby_id":"1","request_madeby_access_level":"admin"}

REQUEST TIME: 13:05:19+00:00
POST /gas/omc-api/taxtype/options HTTP/1.1

HTTP headers:
Authorization: Bearer MTo0N2VlMmJiNjdlMDQ=
Host: localhost
User-Agent: Mozilla/5.0 (Windows NT 10.0; Win64; x64; rv:86.0) Gecko/20100101 Firefox/86.0
Accept: application/json, text/plain, */*
Accept-Language: en-US,en;q=0.5
Accept-Encoding: gzip, deflate
Origin: http://localhost:8080
Connection: keep-alive
Referer: http://localhost:8080/revenue/rates

Request body:
{"request_madeby_name":"Daniel Vincent Johnson","request_madeby_id":"1","request_madeby_access_level":"admin"}

REQUEST TIME: 13:05:56+00:00
POST /gas/omc-api/taxschedule/ HTTP/1.1

HTTP headers:
Authorization: Bearer MTo0N2VlMmJiNjdlMDQ=
Host: localhost
User-Agent: Mozilla/5.0 (Windows NT 10.0; Win64; x64; rv:86.0) Gecko/20100101 Firefox/86.0
Accept: application/json, text/plain, */*
Accept-Language: en-US,en;q=0.5
Accept-Encoding: gzip, deflate
Origin: http://localhost:8080
Connection: keep-alive
Referer: http://localhost:8080/revenue/rates

Request body:
{"result_per_page":20,"page":1,"search":"","taxtype":"","request_madeby_name":"Daniel Vincent Johnson","request_madeby_id":"1","request_madeby_access_level":"admin"}

REQUEST TIME: 13:06:33+00:00
POST /gas/omc-api/taxschedule/ HTTP/1.1

HTTP headers:
Authorization: Bearer MTo0N2VlMmJiNjdlMDQ=
Host: localhost
User-Agent: Mozilla/5.0 (Windows NT 10.0; Win64; x64; rv:86.0) Gecko/20100101 Firefox/86.0
Accept: application/json, text/plain, */*
Accept-Language: en-US,en;q=0.5
Accept-Encoding: gzip, deflate
Origin: http://localhost:8080
Connection: keep-alive
Referer: http://localhost:8080/revenue/rates

Request body:
{"result_per_page":20,"page":1,"search":"","taxtype":"","request_madeby_name":"Daniel Vincent Johnson","request_madeby_id":"1","request_madeby_access_level":"admin"}

REQUEST TIME: 13:07:48+00:00
POST /gas/omc-api/taxproducts/options HTTP/1.1

HTTP headers:
Authorization: Bearer MTo0N2VlMmJiNjdlMDQ=
Host: localhost
User-Agent: Mozilla/5.0 (Windows NT 10.0; Win64; x64; rv:86.0) Gecko/20100101 Firefox/86.0
Accept: application/json, text/plain, */*
Accept-Language: en-US,en;q=0.5
Accept-Encoding: gzip, deflate
Origin: http://localhost:8080
Connection: keep-alive
Referer: http://localhost:8080/revenue/rates/add

Request body:
{"request_madeby_name":"Daniel Vincent Johnson","request_madeby_id":"1","request_madeby_access_level":"admin"}

REQUEST TIME: 13:17:34+00:00
POST /gas/omc-api/taxschedule/ HTTP/1.1

HTTP headers:
Authorization: Bearer MTo0N2VlMmJiNjdlMDQ=
Host: localhost
User-Agent: Mozilla/5.0 (Windows NT 10.0; Win64; x64; rv:86.0) Gecko/20100101 Firefox/86.0
Accept: application/json, text/plain, */*
Accept-Language: en-US,en;q=0.5
Accept-Encoding: gzip, deflate
Origin: http://localhost:8080
Connection: keep-alive
Referer: http://localhost:8080/revenue/rates

Request body:
{"result_per_page":20,"page":1,"search":"","taxtype":"","request_madeby_name":"Daniel Vincent Johnson","request_madeby_id":"1","request_madeby_access_level":"admin"}

REQUEST TIME: 13:18:33+00:00
POST /gas/omc-api/taxschedule/ HTTP/1.1

HTTP headers:
Authorization: Bearer MTo0N2VlMmJiNjdlMDQ=
Host: localhost
User-Agent: Mozilla/5.0 (Windows NT 10.0; Win64; x64; rv:86.0) Gecko/20100101 Firefox/86.0
Accept: application/json, text/plain, */*
Accept-Language: en-US,en;q=0.5
Accept-Encoding: gzip, deflate
Origin: http://localhost:8080
Connection: keep-alive
Referer: http://localhost:8080/revenue/rates

Request body:
{"result_per_page":20,"page":1,"search":"","taxtype":"","request_madeby_name":"Daniel Vincent Johnson","request_madeby_id":"1","request_madeby_access_level":"admin"}

REQUEST TIME: 13:24:36+00:00
POST /gas/omc-api/taxschedule/ HTTP/1.1

HTTP headers:
Authorization: Bearer MTo0N2VlMmJiNjdlMDQ=
Host: localhost
User-Agent: Mozilla/5.0 (Windows NT 10.0; Win64; x64; rv:86.0) Gecko/20100101 Firefox/86.0
Accept: application/json, text/plain, */*
Accept-Language: en-US,en;q=0.5
Accept-Encoding: gzip, deflate
Origin: http://localhost:8080
Connection: keep-alive
Referer: http://localhost:8080/revenue/rates

Request body:
{"result_per_page":20,"page":1,"search":"","taxtype":"","request_madeby_name":"Daniel Vincent Johnson","request_madeby_id":"1","request_madeby_access_level":"admin"}

REQUEST TIME: 13:25:08+00:00
POST /gas/omc-api/surcharge/ HTTP/1.1

HTTP headers:
Authorization: Bearer MTo0N2VlMmJiNjdlMDQ=
Host: localhost
User-Agent: Mozilla/5.0 (Windows NT 10.0; Win64; x64; rv:86.0) Gecko/20100101 Firefox/86.0
Accept: application/json, text/plain, */*
Accept-Language: en-US,en;q=0.5
Accept-Encoding: gzip, deflate
Origin: http://localhost:8080
Connection: keep-alive
Referer: http://localhost:8080/revenue/rates

Request body:
{"result_per_page":20,"page":1,"search":"","taxtype":"","request_madeby_name":"Daniel Vincent Johnson","request_madeby_id":"1","request_madeby_access_level":"admin"}

REQUEST TIME: 13:25:20+00:00
POST /gas/omc-api/surcharge/ HTTP/1.1

HTTP headers:
Authorization: Bearer MTo0N2VlMmJiNjdlMDQ=
Host: localhost
User-Agent: Mozilla/5.0 (Windows NT 10.0; Win64; x64; rv:86.0) Gecko/20100101 Firefox/86.0
Accept: application/json, text/plain, */*
Accept-Language: en-US,en;q=0.5
Accept-Encoding: gzip, deflate
Origin: http://localhost:8080
Connection: keep-alive
Referer: http://localhost:8080/revenue/rates

Request body:
{"result_per_page":20,"page":1,"search":"","taxtype":"","request_madeby_name":"Daniel Vincent Johnson","request_madeby_id":"1","request_madeby_access_level":"admin"}

REQUEST TIME: 13:25:24+00:00
POST /gas/omc-api/surcharge/ HTTP/1.1

HTTP headers:
Authorization: Bearer MTo0N2VlMmJiNjdlMDQ=
Host: localhost
User-Agent: Mozilla/5.0 (Windows NT 10.0; Win64; x64; rv:86.0) Gecko/20100101 Firefox/86.0
Accept: application/json, text/plain, */*
Accept-Language: en-US,en;q=0.5
Accept-Encoding: gzip, deflate
Origin: http://localhost:8080
Connection: keep-alive
Referer: http://localhost:8080/revenue/rates

Request body:
{"result_per_page":20,"page":1,"search":"","taxtype":"","request_madeby_name":"Daniel Vincent Johnson","request_madeby_id":"1","request_madeby_access_level":"admin"}

REQUEST TIME: 13:25:49+00:00
POST /gas/omc-api/surcharge/ HTTP/1.1

HTTP headers:
Authorization: Bearer MTo0N2VlMmJiNjdlMDQ=
Host: localhost
User-Agent: Mozilla/5.0 (Windows NT 10.0; Win64; x64; rv:86.0) Gecko/20100101 Firefox/86.0
Accept: application/json, text/plain, */*
Accept-Language: en-US,en;q=0.5
Accept-Encoding: gzip, deflate
Origin: http://localhost:8080
Connection: keep-alive
Referer: http://localhost:8080/revenue/rates

Request body:
{"result_per_page":20,"page":1,"search":"","taxtype":"","request_madeby_name":"Daniel Vincent Johnson","request_madeby_id":"1","request_madeby_access_level":"admin"}

REQUEST TIME: 13:25:57+00:00
POST /gas/omc-api/surcharge/ HTTP/1.1

HTTP headers:
Authorization: Bearer MTo0N2VlMmJiNjdlMDQ=
Host: localhost
User-Agent: Mozilla/5.0 (Windows NT 10.0; Win64; x64; rv:86.0) Gecko/20100101 Firefox/86.0
Accept: application/json, text/plain, */*
Accept-Language: en-US,en;q=0.5
Accept-Encoding: gzip, deflate
Origin: http://localhost:8080
Connection: keep-alive
Referer: http://localhost:8080/revenue/rates

Request body:
{"result_per_page":20,"page":1,"search":"","taxtype":"","request_madeby_name":"Daniel Vincent Johnson","request_madeby_id":"1","request_madeby_access_level":"admin"}

REQUEST TIME: 13:26:04+00:00
POST /gas/omc-api/surcharge/get/ HTTP/1.1

HTTP headers:
Authorization: Bearer MTo0N2VlMmJiNjdlMDQ=
Host: localhost
User-Agent: Mozilla/5.0 (Windows NT 10.0; Win64; x64; rv:86.0) Gecko/20100101 Firefox/86.0
Accept: application/json, text/plain, */*
Accept-Language: en-US,en;q=0.5
Accept-Encoding: gzip, deflate
Origin: http://localhost:8080
Connection: keep-alive
Referer: http://localhost:8080/revenue/rates/add

Request body:
{"request_madeby_name":"Daniel Vincent Johnson","request_madeby_id":"1","request_madeby_access_level":"admin"}

REQUEST TIME: 13:26:31+00:00
POST /gas/omc-api/surcharge/get/ HTTP/1.1

HTTP headers:
Authorization: Bearer MTo0N2VlMmJiNjdlMDQ=
Host: localhost
User-Agent: Mozilla/5.0 (Windows NT 10.0; Win64; x64; rv:86.0) Gecko/20100101 Firefox/86.0
Accept: application/json, text/plain, */*
Accept-Language: en-US,en;q=0.5
Accept-Encoding: gzip, deflate
Origin: http://localhost:8080
Connection: keep-alive
Referer: http://localhost:8080/revenue/rates/add

Request body:
{"request_madeby_name":"Daniel Vincent Johnson","request_madeby_id":"1","request_madeby_access_level":"admin"}

REQUEST TIME: 13:26:44+00:00
POST /gas/omc-api/surcharge/get/ HTTP/1.1

HTTP headers:
Authorization: Bearer MTo0N2VlMmJiNjdlMDQ=
Host: localhost
User-Agent: Mozilla/5.0 (Windows NT 10.0; Win64; x64; rv:86.0) Gecko/20100101 Firefox/86.0
Accept: application/json, text/plain, */*
Accept-Language: en-US,en;q=0.5
Accept-Encoding: gzip, deflate
Origin: http://localhost:8080
Connection: keep-alive
Referer: http://localhost:8080/revenue/rates/add

Request body:
{"request_madeby_name":"Daniel Vincent Johnson","request_madeby_id":"1","request_madeby_access_level":"admin"}

REQUEST TIME: 13:26:56+00:00
POST /gas/omc-api/surcharge/get/ HTTP/1.1

HTTP headers:
Authorization: Bearer MTo0N2VlMmJiNjdlMDQ=
Host: localhost
User-Agent: Mozilla/5.0 (Windows NT 10.0; Win64; x64; rv:86.0) Gecko/20100101 Firefox/86.0
Accept: application/json, text/plain, */*
Accept-Language: en-US,en;q=0.5
Accept-Encoding: gzip, deflate
Origin: http://localhost:8080
Connection: keep-alive
Referer: http://localhost:8080/revenue/rates/add

Request body:
{"request_madeby_name":"Daniel Vincent Johnson","request_madeby_id":"1","request_madeby_access_level":"admin"}

REQUEST TIME: 13:27:08+00:00
POST /gas/omc-api/surcharge/get/ HTTP/1.1

HTTP headers:
Authorization: Bearer MTo0N2VlMmJiNjdlMDQ=
Host: localhost
User-Agent: Mozilla/5.0 (Windows NT 10.0; Win64; x64; rv:86.0) Gecko/20100101 Firefox/86.0
Accept: application/json, text/plain, */*
Accept-Language: en-US,en;q=0.5
Accept-Encoding: gzip, deflate
Origin: http://localhost:8080
Connection: keep-alive
Referer: http://localhost:8080/revenue/rates/add

Request body:
{"request_madeby_name":"Daniel Vincent Johnson","request_madeby_id":"1","request_madeby_access_level":"admin"}

REQUEST TIME: 13:27:22+00:00
POST /gas/omc-api/surcharge/get/ HTTP/1.1

HTTP headers:
Authorization: Bearer MTo0N2VlMmJiNjdlMDQ=
Host: localhost
User-Agent: Mozilla/5.0 (Windows NT 10.0; Win64; x64; rv:86.0) Gecko/20100101 Firefox/86.0
Accept: application/json, text/plain, */*
Accept-Language: en-US,en;q=0.5
Accept-Encoding: gzip, deflate
Origin: http://localhost:8080
Connection: keep-alive
Referer: http://localhost:8080/revenue/rates/add

Request body:
{"request_madeby_name":"Daniel Vincent Johnson","request_madeby_id":"1","request_madeby_access_level":"admin"}

REQUEST TIME: 13:27:30+00:00
POST /gas/omc-api/surcharge/get/ HTTP/1.1

HTTP headers:
Authorization: Bearer MTo0N2VlMmJiNjdlMDQ=
Host: localhost
User-Agent: Mozilla/5.0 (Windows NT 10.0; Win64; x64; rv:86.0) Gecko/20100101 Firefox/86.0
Accept: application/json, text/plain, */*
Accept-Language: en-US,en;q=0.5
Accept-Encoding: gzip, deflate
Origin: http://localhost:8080
Connection: keep-alive
Referer: http://localhost:8080/revenue/rates/add

Request body:
{"request_madeby_name":"Daniel Vincent Johnson","request_madeby_id":"1","request_madeby_access_level":"admin"}

REQUEST TIME: 13:27:46+00:00
POST /gas/omc-api/surcharge/get/ HTTP/1.1

HTTP headers:
Authorization: Bearer MTo0N2VlMmJiNjdlMDQ=
Host: localhost
User-Agent: Mozilla/5.0 (Windows NT 10.0; Win64; x64; rv:86.0) Gecko/20100101 Firefox/86.0
Accept: application/json, text/plain, */*
Accept-Language: en-US,en;q=0.5
Accept-Encoding: gzip, deflate
Origin: http://localhost:8080
Connection: keep-alive
Referer: http://localhost:8080/revenue/rates/add

Request body:
{"request_madeby_name":"Daniel Vincent Johnson","request_madeby_id":"1","request_madeby_access_level":"admin"}

REQUEST TIME: 13:27:52+00:00
POST /gas/omc-api/surcharge/get/ HTTP/1.1

HTTP headers:
Authorization: Bearer MTo0N2VlMmJiNjdlMDQ=
Host: localhost
User-Agent: Mozilla/5.0 (Windows NT 10.0; Win64; x64; rv:86.0) Gecko/20100101 Firefox/86.0
Accept: application/json, text/plain, */*
Accept-Language: en-US,en;q=0.5
Accept-Encoding: gzip, deflate
Origin: http://localhost:8080
Connection: keep-alive
Referer: http://localhost:8080/revenue/rates/add

Request body:
{"request_madeby_name":"Daniel Vincent Johnson","request_madeby_id":"1","request_madeby_access_level":"admin"}

REQUEST TIME: 13:27:58+00:00
POST /gas/omc-api/surcharge/get/ HTTP/1.1

HTTP headers:
Authorization: Bearer MTo0N2VlMmJiNjdlMDQ=
Host: localhost
User-Agent: Mozilla/5.0 (Windows NT 10.0; Win64; x64; rv:86.0) Gecko/20100101 Firefox/86.0
Accept: application/json, text/plain, */*
Accept-Language: en-US,en;q=0.5
Accept-Encoding: gzip, deflate
Origin: http://localhost:8080
Connection: keep-alive
Referer: http://localhost:8080/revenue/rates/add

Request body:
{"request_madeby_name":"Daniel Vincent Johnson","request_madeby_id":"1","request_madeby_access_level":"admin"}

REQUEST TIME: 13:28:08+00:00
POST /gas/omc-api/surcharge/get/ HTTP/1.1

HTTP headers:
Authorization: Bearer MTo0N2VlMmJiNjdlMDQ=
Host: localhost
User-Agent: Mozilla/5.0 (Windows NT 10.0; Win64; x64; rv:86.0) Gecko/20100101 Firefox/86.0
Accept: application/json, text/plain, */*
Accept-Language: en-US,en;q=0.5
Accept-Encoding: gzip, deflate
Origin: http://localhost:8080
Connection: keep-alive
Referer: http://localhost:8080/revenue/rates/add

Request body:
{"request_madeby_name":"Daniel Vincent Johnson","request_madeby_id":"1","request_madeby_access_level":"admin"}

REQUEST TIME: 13:28:14+00:00
POST /gas/omc-api/surcharge/get/ HTTP/1.1

HTTP headers:
Authorization: Bearer MTo0N2VlMmJiNjdlMDQ=
Host: localhost
User-Agent: Mozilla/5.0 (Windows NT 10.0; Win64; x64; rv:86.0) Gecko/20100101 Firefox/86.0
Accept: application/json, text/plain, */*
Accept-Language: en-US,en;q=0.5
Accept-Encoding: gzip, deflate
Origin: http://localhost:8080
Connection: keep-alive
Referer: http://localhost:8080/revenue/rates/add

Request body:
{"request_madeby_name":"Daniel Vincent Johnson","request_madeby_id":"1","request_madeby_access_level":"admin"}

REQUEST TIME: 13:28:18+00:00
POST /gas/omc-api/surcharge/ HTTP/1.1

HTTP headers:
Authorization: Bearer MTo0N2VlMmJiNjdlMDQ=
Host: localhost
User-Agent: Mozilla/5.0 (Windows NT 10.0; Win64; x64; rv:86.0) Gecko/20100101 Firefox/86.0
Accept: application/json, text/plain, */*
Accept-Language: en-US,en;q=0.5
Accept-Encoding: gzip, deflate
Origin: http://localhost:8080
Connection: keep-alive
Referer: http://localhost:8080/revenue/rates

Request body:
{"result_per_page":20,"page":1,"search":"","taxtype":"","request_madeby_name":"Daniel Vincent Johnson","request_madeby_id":"1","request_madeby_access_level":"admin"}

REQUEST TIME: 13:28:20+00:00
POST /gas/omc-api/surcharge/get/ HTTP/1.1

HTTP headers:
Authorization: Bearer MTo0N2VlMmJiNjdlMDQ=
Host: localhost
User-Agent: Mozilla/5.0 (Windows NT 10.0; Win64; x64; rv:86.0) Gecko/20100101 Firefox/86.0
Accept: application/json, text/plain, */*
Accept-Language: en-US,en;q=0.5
Accept-Encoding: gzip, deflate
Origin: http://localhost:8080
Connection: keep-alive
Referer: http://localhost:8080/revenue/rates/add

Request body:
{"request_madeby_name":"Daniel Vincent Johnson","request_madeby_id":"1","request_madeby_access_level":"admin"}

REQUEST TIME: 13:29:07+00:00
POST /gas/omc-api/surcharge/get/ HTTP/1.1

HTTP headers:
Authorization: Bearer MTo0N2VlMmJiNjdlMDQ=
Host: localhost
User-Agent: Mozilla/5.0 (Windows NT 10.0; Win64; x64; rv:86.0) Gecko/20100101 Firefox/86.0
Accept: application/json, text/plain, */*
Accept-Language: en-US,en;q=0.5
Accept-Encoding: gzip, deflate
Origin: http://localhost:8080
Connection: keep-alive
Referer: http://localhost:8080/revenue/rates/add

Request body:
{"id":0,"request_madeby_name":"Daniel Vincent Johnson","request_madeby_id":"1","request_madeby_access_level":"admin"}

REQUEST TIME: 13:29:18+00:00
POST /gas/omc-api/surcharge/ HTTP/1.1

HTTP headers:
Authorization: Bearer MTo0N2VlMmJiNjdlMDQ=
Host: localhost
User-Agent: Mozilla/5.0 (Windows NT 10.0; Win64; x64; rv:86.0) Gecko/20100101 Firefox/86.0
Accept: application/json, text/plain, */*
Accept-Language: en-US,en;q=0.5
Accept-Encoding: gzip, deflate
Origin: http://localhost:8080
Connection: keep-alive
Referer: http://localhost:8080/revenue/rates

Request body:
{"result_per_page":20,"page":1,"search":"","taxtype":"","request_madeby_name":"Daniel Vincent Johnson","request_madeby_id":"1","request_madeby_access_level":"admin"}

REQUEST TIME: 13:29:24+00:00
POST /gas/omc-api/surcharge/ HTTP/1.1

HTTP headers:
Authorization: Bearer MTo0N2VlMmJiNjdlMDQ=
Host: localhost
User-Agent: Mozilla/5.0 (Windows NT 10.0; Win64; x64; rv:86.0) Gecko/20100101 Firefox/86.0
Accept: application/json, text/plain, */*
Accept-Language: en-US,en;q=0.5
Accept-Encoding: gzip, deflate
Origin: http://localhost:8080
Connection: keep-alive
Referer: http://localhost:8080/revenue/rates

Request body:
{"result_per_page":20,"page":1,"search":"","taxtype":"","request_madeby_name":"Daniel Vincent Johnson","request_madeby_id":"1","request_madeby_access_level":"admin"}

REQUEST TIME: 13:29:34+00:00
POST /gas/omc-api/surcharge/ HTTP/1.1

HTTP headers:
Authorization: Bearer MTo0N2VlMmJiNjdlMDQ=
Host: localhost
User-Agent: Mozilla/5.0 (Windows NT 10.0; Win64; x64; rv:86.0) Gecko/20100101 Firefox/86.0
Accept: application/json, text/plain, */*
Accept-Language: en-US,en;q=0.5
Accept-Encoding: gzip, deflate
Origin: http://localhost:8080
Connection: keep-alive
Referer: http://localhost:8080/revenue/rates

Request body:
{"result_per_page":20,"page":1,"search":"","taxtype":"","request_madeby_name":"Daniel Vincent Johnson","request_madeby_id":"1","request_madeby_access_level":"admin"}

REQUEST TIME: 13:29:58+00:00
POST /gas/omc-api/surcharge/ HTTP/1.1

HTTP headers:
Authorization: Bearer MTo0N2VlMmJiNjdlMDQ=
Host: localhost
User-Agent: Mozilla/5.0 (Windows NT 10.0; Win64; x64; rv:86.0) Gecko/20100101 Firefox/86.0
Accept: application/json, text/plain, */*
Accept-Language: en-US,en;q=0.5
Accept-Encoding: gzip, deflate
Origin: http://localhost:8080
Connection: keep-alive
Referer: http://localhost:8080/revenue/rates

Request body:
{"result_per_page":20,"page":1,"search":"","taxtype":"","request_madeby_name":"Daniel Vincent Johnson","request_madeby_id":"1","request_madeby_access_level":"admin"}

REQUEST TIME: 13:31:21+00:00
POST /gas/omc-api/surcharge/ HTTP/1.1

HTTP headers:
Authorization: Bearer MTo0N2VlMmJiNjdlMDQ=
Host: localhost
User-Agent: Mozilla/5.0 (Windows NT 10.0; Win64; x64; rv:86.0) Gecko/20100101 Firefox/86.0
Accept: application/json, text/plain, */*
Accept-Language: en-US,en;q=0.5
Accept-Encoding: gzip, deflate
Origin: http://localhost:8080
Connection: keep-alive
Referer: http://localhost:8080/revenue/rates

Request body:
{"result_per_page":20,"page":1,"search":"","taxtype":"","request_madeby_name":"Daniel Vincent Johnson","request_madeby_id":"1","request_madeby_access_level":"admin"}

REQUEST TIME: 13:33:41+00:00
POST /gas/omc-api/surcharge/get/ HTTP/1.1

HTTP headers:
Authorization: Bearer MTo0N2VlMmJiNjdlMDQ=
Host: localhost
User-Agent: Mozilla/5.0 (Windows NT 10.0; Win64; x64; rv:86.0) Gecko/20100101 Firefox/86.0
Accept: application/json, text/plain, */*
Accept-Language: en-US,en;q=0.5
Accept-Encoding: gzip, deflate
Origin: http://localhost:8080
Connection: keep-alive
Referer: http://localhost:8080/revenue/rates/6
Cache-Control: max-age=0

Request body:
{"id":"6","request_madeby_name":"Daniel Vincent Johnson","request_madeby_id":"1","request_madeby_access_level":"admin"}

REQUEST TIME: 13:33:47+00:00
POST /gas/omc-api/surcharge/ HTTP/1.1

HTTP headers:
Authorization: Bearer MTo0N2VlMmJiNjdlMDQ=
Host: localhost
User-Agent: Mozilla/5.0 (Windows NT 10.0; Win64; x64; rv:86.0) Gecko/20100101 Firefox/86.0
Accept: application/json, text/plain, */*
Accept-Language: en-US,en;q=0.5
Accept-Encoding: gzip, deflate
Origin: http://localhost:8080
Connection: keep-alive
Referer: http://localhost:8080/revenue/rates

Request body:
{"result_per_page":20,"page":1,"search":"","taxtype":"","request_madeby_name":"Daniel Vincent Johnson","request_madeby_id":"1","request_madeby_access_level":"admin"}

REQUEST TIME: 13:33:51+00:00
POST /gas/omc-api/surcharge/get/ HTTP/1.1

HTTP headers:
Authorization: Bearer MTo0N2VlMmJiNjdlMDQ=
Host: localhost
User-Agent: Mozilla/5.0 (Windows NT 10.0; Win64; x64; rv:86.0) Gecko/20100101 Firefox/86.0
Accept: application/json, text/plain, */*
Accept-Language: en-US,en;q=0.5
Accept-Encoding: gzip, deflate
Origin: http://localhost:8080
Connection: keep-alive
Referer: http://localhost:8080/revenue/rates/8

Request body:
{"id":"8","request_madeby_name":"Daniel Vincent Johnson","request_madeby_id":"1","request_madeby_access_level":"admin"}

REQUEST TIME: 13:33:58+00:00
POST /gas/omc-api/surcharge/ HTTP/1.1

HTTP headers:
Authorization: Bearer MTo0N2VlMmJiNjdlMDQ=
Host: localhost
User-Agent: Mozilla/5.0 (Windows NT 10.0; Win64; x64; rv:86.0) Gecko/20100101 Firefox/86.0
Accept: application/json, text/plain, */*
Accept-Language: en-US,en;q=0.5
Accept-Encoding: gzip, deflate
Origin: http://localhost:8080
Connection: keep-alive
Referer: http://localhost:8080/revenue/rates

Request body:
{"result_per_page":20,"page":1,"search":"","taxtype":"","request_madeby_name":"Daniel Vincent Johnson","request_madeby_id":"1","request_madeby_access_level":"admin"}

REQUEST TIME: 13:34:00+00:00
POST /gas/omc-api/surcharge/get/ HTTP/1.1

HTTP headers:
Authorization: Bearer MTo0N2VlMmJiNjdlMDQ=
Host: localhost
User-Agent: Mozilla/5.0 (Windows NT 10.0; Win64; x64; rv:86.0) Gecko/20100101 Firefox/86.0
Accept: application/json, text/plain, */*
Accept-Language: en-US,en;q=0.5
Accept-Encoding: gzip, deflate
Origin: http://localhost:8080
Connection: keep-alive
Referer: http://localhost:8080/revenue/rates/10

Request body:
{"id":"10","request_madeby_name":"Daniel Vincent Johnson","request_madeby_id":"1","request_madeby_access_level":"admin"}

REQUEST TIME: 13:34:03+00:00
POST /gas/omc-api/surcharge/ HTTP/1.1

HTTP headers:
Authorization: Bearer MTo0N2VlMmJiNjdlMDQ=
Host: localhost
User-Agent: Mozilla/5.0 (Windows NT 10.0; Win64; x64; rv:86.0) Gecko/20100101 Firefox/86.0
Accept: application/json, text/plain, */*
Accept-Language: en-US,en;q=0.5
Accept-Encoding: gzip, deflate
Origin: http://localhost:8080
Connection: keep-alive
Referer: http://localhost:8080/revenue/rates

Request body:
{"result_per_page":20,"page":1,"search":"","taxtype":"","request_madeby_name":"Daniel Vincent Johnson","request_madeby_id":"1","request_madeby_access_level":"admin"}

REQUEST TIME: 13:34:37+00:00
POST /gas/omc-api/surcharge/add HTTP/1.1

HTTP headers:
Authorization: Bearer MTo0N2VlMmJiNjdlMDQ=
Host: localhost
User-Agent: Mozilla/5.0 (Windows NT 10.0; Win64; x64; rv:86.0) Gecko/20100101 Firefox/86.0
Accept: application/json, text/plain, */*
Accept-Language: en-US,en;q=0.5
Accept-Encoding: gzip, deflate
Origin: http://localhost:8080
Connection: keep-alive
Referer: http://localhost:8080/revenue/rates/add

Request body:
{"name":"Test Six","rate":"0.125421","date_from":"2021-01-01T13:34:00.000Z","date_to":"2021-12-31T13:34:00.000Z","request_madeby_name":"Daniel Vincent Johnson","request_madeby_id":"1","request_madeby_access_level":"admin"}

REQUEST TIME: 13:38:15+00:00
POST /gas/omc-api/surcharge/add HTTP/1.1

HTTP headers:
Authorization: Bearer MTo0N2VlMmJiNjdlMDQ=
Host: localhost
User-Agent: Mozilla/5.0 (Windows NT 10.0; Win64; x64; rv:86.0) Gecko/20100101 Firefox/86.0
Accept: application/json, text/plain, */*
Accept-Language: en-US,en;q=0.5
Accept-Encoding: gzip, deflate
Origin: http://localhost:8080
Connection: keep-alive
Referer: http://localhost:8080/revenue/rates/add

Request body:
{"name":"Test Seven","rate":"0.0012452","date_from":"2020-01-01T13:37:00.000Z","date_to":"2020-12-31T13:37:00.000Z","request_madeby_name":"Daniel Vincent Johnson","request_madeby_id":"1","request_madeby_access_level":"admin"}

REQUEST TIME: 13:39:01+00:00
POST /gas/omc-api/surcharge/add HTTP/1.1

HTTP headers:
Authorization: Bearer MTo0N2VlMmJiNjdlMDQ=
Host: localhost
User-Agent: Mozilla/5.0 (Windows NT 10.0; Win64; x64; rv:86.0) Gecko/20100101 Firefox/86.0
Accept: application/json, text/plain, */*
Accept-Language: en-US,en;q=0.5
Accept-Encoding: gzip, deflate
Origin: http://localhost:8080
Connection: keep-alive
Referer: http://localhost:8080/revenue/rates/add

Request body:
{"name":"Test Eight","rate":"0.1245001","date_from":"2019-01-01T13:38:00.000Z","date_to":"2019-12-31T13:38:00.000Z","request_madeby_name":"Daniel Vincent Johnson","request_madeby_id":"1","request_madeby_access_level":"admin"}

REQUEST TIME: 13:39:03+00:00
POST /gas/omc-api/surcharge/ HTTP/1.1

HTTP headers:
Authorization: Bearer MTo0N2VlMmJiNjdlMDQ=
Host: localhost
User-Agent: Mozilla/5.0 (Windows NT 10.0; Win64; x64; rv:86.0) Gecko/20100101 Firefox/86.0
Accept: application/json, text/plain, */*
Accept-Language: en-US,en;q=0.5
Accept-Encoding: gzip, deflate
Origin: http://localhost:8080
Connection: keep-alive
Referer: http://localhost:8080/revenue/rates

Request body:
{"result_per_page":20,"page":1,"search":"","taxtype":"","request_madeby_name":"Daniel Vincent Johnson","request_madeby_id":"1","request_madeby_access_level":"admin"}

REQUEST TIME: 13:39:54+00:00
POST /gas/omc-api/surcharge/ HTTP/1.1

HTTP headers:
Authorization: Bearer MTo0N2VlMmJiNjdlMDQ=
Host: localhost
User-Agent: Mozilla/5.0 (Windows NT 10.0; Win64; x64; rv:86.0) Gecko/20100101 Firefox/86.0
Accept: application/json, text/plain, */*
Accept-Language: en-US,en;q=0.5
Accept-Encoding: gzip, deflate
Origin: http://localhost:8080
Connection: keep-alive
Referer: http://localhost:8080/revenue/rates

Request body:
{"result_per_page":20,"page":1,"search":"test","taxtype":"","request_madeby_name":"Daniel Vincent Johnson","request_madeby_id":"1","request_madeby_access_level":"admin"}

REQUEST TIME: 13:39:57+00:00
POST /gas/omc-api/surcharge/ HTTP/1.1

HTTP headers:
Authorization: Bearer MTo0N2VlMmJiNjdlMDQ=
Host: localhost
User-Agent: Mozilla/5.0 (Windows NT 10.0; Win64; x64; rv:86.0) Gecko/20100101 Firefox/86.0
Accept: application/json, text/plain, */*
Accept-Language: en-US,en;q=0.5
Accept-Encoding: gzip, deflate
Origin: http://localhost:8080
Connection: keep-alive
Referer: http://localhost:8080/revenue/rates

Request body:
{"result_per_page":20,"page":1,"search":"test eight","taxtype":"","request_madeby_name":"Daniel Vincent Johnson","request_madeby_id":"1","request_madeby_access_level":"admin"}

REQUEST TIME: 13:40:07+00:00
POST /gas/omc-api/surcharge/ HTTP/1.1

HTTP headers:
Authorization: Bearer MTo0N2VlMmJiNjdlMDQ=
Host: localhost
User-Agent: Mozilla/5.0 (Windows NT 10.0; Win64; x64; rv:86.0) Gecko/20100101 Firefox/86.0
Accept: application/json, text/plain, */*
Accept-Language: en-US,en;q=0.5
Accept-Encoding: gzip, deflate
Origin: http://localhost:8080
Connection: keep-alive
Referer: http://localhost:8080/revenue/rates

Request body:
{"result_per_page":20,"page":1,"search":"","taxtype":"","request_madeby_name":"Daniel Vincent Johnson","request_madeby_id":"1","request_madeby_access_level":"admin"}

REQUEST TIME: 13:40:11+00:00
POST /gas/omc-api/bankaccounts/options_otherbanks HTTP/1.1

HTTP headers:
Authorization: Bearer MTo0N2VlMmJiNjdlMDQ=
Host: localhost
User-Agent: Mozilla/5.0 (Windows NT 10.0; Win64; x64; rv:86.0) Gecko/20100101 Firefox/86.0
Accept: application/json, text/plain, */*
Accept-Language: en-US,en;q=0.5
Accept-Encoding: gzip, deflate
Origin: http://localhost:8080
Connection: keep-alive
Referer: http://localhost:8080/revenue/penalty

Request body:
{"request_madeby_name":"Daniel Vincent Johnson","request_madeby_id":"1","request_madeby_access_level":"admin"}

REQUEST TIME: 13:40:11+00:00
POST /gas/omc-api/bankaccounts/options_category HTTP/1.1

HTTP headers:
Authorization: Bearer MTo0N2VlMmJiNjdlMDQ=
Host: localhost
User-Agent: Mozilla/5.0 (Windows NT 10.0; Win64; x64; rv:86.0) Gecko/20100101 Firefox/86.0
Accept: application/json, text/plain, */*
Accept-Language: en-US,en;q=0.5
Accept-Encoding: gzip, deflate
Origin: http://localhost:8080
Connection: keep-alive
Referer: http://localhost:8080/revenue/penalty

Request body:
{"request_madeby_name":"Daniel Vincent Johnson","request_madeby_id":"1","request_madeby_access_level":"admin"}

REQUEST TIME: 13:40:11+00:00
POST /gas/omc-api/bankaccounts/ HTTP/1.1

HTTP headers:
Authorization: Bearer MTo0N2VlMmJiNjdlMDQ=
Host: localhost
User-Agent: Mozilla/5.0 (Windows NT 10.0; Win64; x64; rv:86.0) Gecko/20100101 Firefox/86.0
Accept: application/json, text/plain, */*
Accept-Language: en-US,en;q=0.5
Accept-Encoding: gzip, deflate
Origin: http://localhost:8080
Connection: keep-alive
Referer: http://localhost:8080/revenue/penalty

Request body:
{"bid":0,"access_type":"admin","user_id":"1","page":1,"result_per_page":20,"bank_type":"all","bank_name":"All","filter_category":"all","search":"","request_madeby_name":"Daniel Vincent Johnson","request_madeby_id":"1","request_madeby_access_level":"admin"}

REQUEST TIME: 13:40:13+00:00
POST /gas/omc-api/surcharge/ HTTP/1.1

HTTP headers:
Authorization: Bearer MTo0N2VlMmJiNjdlMDQ=
Host: localhost
User-Agent: Mozilla/5.0 (Windows NT 10.0; Win64; x64; rv:86.0) Gecko/20100101 Firefox/86.0
Accept: application/json, text/plain, */*
Accept-Language: en-US,en;q=0.5
Accept-Encoding: gzip, deflate
Origin: http://localhost:8080
Connection: keep-alive
Referer: http://localhost:8080/revenue/rates

Request body:
{"result_per_page":20,"page":1,"search":"","taxtype":"","request_madeby_name":"Daniel Vincent Johnson","request_madeby_id":"1","request_madeby_access_level":"admin"}

