REQUEST TIME: 18:24:29+00:00
POST /gas/api/home/ HTTP/1.1

HTTP headers:
Authorization: Bearer MToxYzQwZjNmYTE5NDc=
Host: localhost
Connection: keep-alive
Accept: application/json, text/plain, */*
Origin: http://localhost:8080
Sec-Fetch-Dest: empty
User-Agent: Mozilla/5.0 (Windows NT 10.0; Win64; x64) AppleWebKit/537.36 (KHTML, like Gecko) GAS/4.0.0 Chrome/80.0.3987.163 Electron/8.5.5 Safari/537.36
Sec-Fetch-Site: same-site
Sec-Fetch-Mode: cors
Referer: http://localhost:8080/revenue
Accept-Encoding: gzip, deflate, br
Accept-Language: en-US

Request body:
{"access_type":"admin","user_id":"1","request_madeby_name":"Daniel Vincent Johnson","request_madeby_id":"1","request_madeby_access_level":"admin"}

REQUEST TIME: 18:24:34+00:00
POST /gas/api/bankaccounts/ HTTP/1.1

HTTP headers:
Authorization: Bearer MToxYzQwZjNmYTE5NDc=
Host: localhost
Connection: keep-alive
Accept: application/json, text/plain, */*
Origin: http://localhost:8080
Sec-Fetch-Dest: empty
User-Agent: Mozilla/5.0 (Windows NT 10.0; Win64; x64) AppleWebKit/537.36 (KHTML, like Gecko) GAS/4.0.0 Chrome/80.0.3987.163 Electron/8.5.5 Safari/537.36
Sec-Fetch-Site: same-site
Sec-Fetch-Mode: cors
Referer: http://localhost:8080/revenue/accounts
Accept-Encoding: gzip, deflate, br
Accept-Language: en-US

Request body:
{"bid":0,"access_type":"admin","user_id":"1","page":1,"result_per_page":20,"bank_type":"all","bank_name":"All","filter_category":"all","search":"","request_madeby_name":"Daniel Vincent Johnson","request_madeby_id":"1","request_madeby_access_level":"admin"}

REQUEST TIME: 18:24:34+00:00
POST /gas/api/bankaccounts/options_category HTTP/1.1

HTTP headers:
Authorization: Bearer MToxYzQwZjNmYTE5NDc=
Host: localhost
Connection: keep-alive
Accept: application/json, text/plain, */*
Origin: http://localhost:8080
Sec-Fetch-Dest: empty
User-Agent: Mozilla/5.0 (Windows NT 10.0; Win64; x64) AppleWebKit/537.36 (KHTML, like Gecko) GAS/4.0.0 Chrome/80.0.3987.163 Electron/8.5.5 Safari/537.36
Sec-Fetch-Site: same-site
Sec-Fetch-Mode: cors
Referer: http://localhost:8080/revenue/accounts
Accept-Encoding: gzip, deflate, br
Accept-Language: en-US

Request body:
{"request_madeby_name":"Daniel Vincent Johnson","request_madeby_id":"1","request_madeby_access_level":"admin"}

REQUEST TIME: 18:24:34+00:00
POST /gas/api/bankaccounts/options_otherbanks HTTP/1.1

HTTP headers:
Authorization: Bearer MToxYzQwZjNmYTE5NDc=
Host: localhost
Connection: keep-alive
Accept: application/json, text/plain, */*
Origin: http://localhost:8080
Sec-Fetch-Dest: empty
User-Agent: Mozilla/5.0 (Windows NT 10.0; Win64; x64) AppleWebKit/537.36 (KHTML, like Gecko) GAS/4.0.0 Chrome/80.0.3987.163 Electron/8.5.5 Safari/537.36
Sec-Fetch-Site: same-site
Sec-Fetch-Mode: cors
Referer: http://localhost:8080/revenue/accounts
Accept-Encoding: gzip, deflate, br
Accept-Language: en-US

Request body:
{"request_madeby_name":"Daniel Vincent Johnson","request_madeby_id":"1","request_madeby_access_level":"admin"}

REQUEST TIME: 18:24:36+00:00
POST /gas/api/unauthorized/ HTTP/1.1

HTTP headers:
Authorization: Bearer MToxYzQwZjNmYTE5NDc=
Host: localhost
Connection: keep-alive
Accept: application/json, text/plain, */*
Origin: http://localhost:8080
Sec-Fetch-Dest: empty
User-Agent: Mozilla/5.0 (Windows NT 10.0; Win64; x64) AppleWebKit/537.36 (KHTML, like Gecko) GAS/4.0.0 Chrome/80.0.3987.163 Electron/8.5.5 Safari/537.36
Sec-Fetch-Site: same-site
Sec-Fetch-Mode: cors
Referer: http://localhost:8080/revenue/responses
Accept-Encoding: gzip, deflate, br
Accept-Language: en-US

Request body:
{"page":1,"result_per_page":20,"access_type":"admin","user_id":"1","search":"","bank_type":"all","isbog":"false","request_madeby_name":"Daniel Vincent Johnson","request_madeby_id":"1","request_madeby_access_level":"admin"}

REQUEST TIME: 18:24:40+00:00
POST /gas/api/unauthorized/ HTTP/1.1

HTTP headers:
Authorization: Bearer MToxYzQwZjNmYTE5NDc=
Host: localhost
Connection: keep-alive
Accept: application/json, text/plain, */*
Origin: http://localhost:8080
Sec-Fetch-Dest: empty
User-Agent: Mozilla/5.0 (Windows NT 10.0; Win64; x64) AppleWebKit/537.36 (KHTML, like Gecko) GAS/4.0.0 Chrome/80.0.3987.163 Electron/8.5.5 Safari/537.36
Sec-Fetch-Site: same-site
Sec-Fetch-Mode: cors
Referer: http://localhost:8080/revenue/unauthorized/bog
Accept-Encoding: gzip, deflate, br
Accept-Language: en-US

Request body:
{"page":1,"result_per_page":20,"access_type":"admin","user_id":"1","search":"","bank_type":"Bank Of Ghana","isbog":"false","request_madeby_name":"Daniel Vincent Johnson","request_madeby_id":"1","request_madeby_access_level":"admin"}

REQUEST TIME: 18:24:42+00:00
POST /gas/api/unauthorized/ HTTP/1.1

HTTP headers:
Authorization: Bearer MToxYzQwZjNmYTE5NDc=
Host: localhost
Connection: keep-alive
Accept: application/json, text/plain, */*
Origin: http://localhost:8080
Sec-Fetch-Dest: empty
User-Agent: Mozilla/5.0 (Windows NT 10.0; Win64; x64) AppleWebKit/537.36 (KHTML, like Gecko) GAS/4.0.0 Chrome/80.0.3987.163 Electron/8.5.5 Safari/537.36
Sec-Fetch-Site: same-site
Sec-Fetch-Mode: cors
Referer: http://localhost:8080/revenue/unauthorized/org
Accept-Encoding: gzip, deflate, br
Accept-Language: en-US

Request body:
{"page":1,"result_per_page":20,"access_type":"admin","user_id":"1","search":"","bank_type":"Other Banks","isbog":"false","request_madeby_name":"Daniel Vincent Johnson","request_madeby_id":"1","request_madeby_access_level":"admin"}

REQUEST TIME: 18:24:44+00:00
POST /gas/api/hiddenunauthorized/ HTTP/1.1

HTTP headers:
Authorization: Bearer MToxYzQwZjNmYTE5NDc=
Host: localhost
Connection: keep-alive
Accept: application/json, text/plain, */*
Origin: http://localhost:8080
Sec-Fetch-Dest: empty
User-Agent: Mozilla/5.0 (Windows NT 10.0; Win64; x64) AppleWebKit/537.36 (KHTML, like Gecko) GAS/4.0.0 Chrome/80.0.3987.163 Electron/8.5.5 Safari/537.36
Sec-Fetch-Site: same-site
Sec-Fetch-Mode: cors
Referer: http://localhost:8080/revenue/unauthorized/hidden
Accept-Encoding: gzip, deflate, br
Accept-Language: en-US

Request body:
{"page":1,"result_per_page":20,"access_type":"admin","user_id":"1","search":"","bank_type":"Other Banks","isbog":"false","request_madeby_name":"Daniel Vincent Johnson","request_madeby_id":"1","request_madeby_access_level":"admin"}

REQUEST TIME: 18:24:46+00:00
POST /gas/api/auditlogs/ HTTP/1.1

HTTP headers:
Authorization: Bearer MToxYzQwZjNmYTE5NDc=
Host: localhost
Connection: keep-alive
Accept: application/json, text/plain, */*
Origin: http://localhost:8080
Sec-Fetch-Dest: empty
User-Agent: Mozilla/5.0 (Windows NT 10.0; Win64; x64) AppleWebKit/537.36 (KHTML, like Gecko) GAS/4.0.0 Chrome/80.0.3987.163 Electron/8.5.5 Safari/537.36
Sec-Fetch-Site: same-site
Sec-Fetch-Mode: cors
Referer: http://localhost:8080/revenue/logs
Accept-Encoding: gzip, deflate, br
Accept-Language: en-US

Request body:
{"page":1,"result_per_page":20,"access_type":"admin","user_id":"1","search":"","request_madeby_name":"Daniel Vincent Johnson","request_madeby_id":"1","request_madeby_access_level":"admin"}

REQUEST TIME: 18:24:49+00:00
POST /gas/api/unauthorized/ HTTP/1.1

HTTP headers:
Authorization: Bearer MToxYzQwZjNmYTE5NDc=
Host: localhost
Connection: keep-alive
Accept: application/json, text/plain, */*
Origin: http://localhost:8080
Sec-Fetch-Dest: empty
User-Agent: Mozilla/5.0 (Windows NT 10.0; Win64; x64) AppleWebKit/537.36 (KHTML, like Gecko) GAS/4.0.0 Chrome/80.0.3987.163 Electron/8.5.5 Safari/537.36
Sec-Fetch-Site: same-site
Sec-Fetch-Mode: cors
Referer: http://localhost:8080/revenue/responses
Accept-Encoding: gzip, deflate, br
Accept-Language: en-US

Request body:
{"page":1,"result_per_page":20,"access_type":"admin","user_id":"1","search":"","bank_type":"all","isbog":"false","request_madeby_name":"Daniel Vincent Johnson","request_madeby_id":"1","request_madeby_access_level":"admin"}

REQUEST TIME: 18:24:50+00:00
POST /gas/api/bankaccounts/options_otherbanks HTTP/1.1

HTTP headers:
Authorization: Bearer MToxYzQwZjNmYTE5NDc=
Host: localhost
Connection: keep-alive
Accept: application/json, text/plain, */*
Origin: http://localhost:8080
Sec-Fetch-Dest: empty
User-Agent: Mozilla/5.0 (Windows NT 10.0; Win64; x64) AppleWebKit/537.36 (KHTML, like Gecko) GAS/4.0.0 Chrome/80.0.3987.163 Electron/8.5.5 Safari/537.36
Sec-Fetch-Site: same-site
Sec-Fetch-Mode: cors
Referer: http://localhost:8080/revenue/accounts
Accept-Encoding: gzip, deflate, br
Accept-Language: en-US

Request body:
{"request_madeby_name":"Daniel Vincent Johnson","request_madeby_id":"1","request_madeby_access_level":"admin"}

REQUEST TIME: 18:24:50+00:00
POST /gas/api/bankaccounts/ HTTP/1.1

HTTP headers:
Authorization: Bearer MToxYzQwZjNmYTE5NDc=
Host: localhost
Connection: keep-alive
Accept: application/json, text/plain, */*
Origin: http://localhost:8080
Sec-Fetch-Dest: empty
User-Agent: Mozilla/5.0 (Windows NT 10.0; Win64; x64) AppleWebKit/537.36 (KHTML, like Gecko) GAS/4.0.0 Chrome/80.0.3987.163 Electron/8.5.5 Safari/537.36
Sec-Fetch-Site: same-site
Sec-Fetch-Mode: cors
Referer: http://localhost:8080/revenue/accounts
Accept-Encoding: gzip, deflate, br
Accept-Language: en-US

Request body:
{"bid":0,"access_type":"admin","user_id":"1","page":1,"result_per_page":20,"bank_type":"all","bank_name":"All","filter_category":"all","search":"","request_madeby_name":"Daniel Vincent Johnson","request_madeby_id":"1","request_madeby_access_level":"admin"}

REQUEST TIME: 18:24:50+00:00
POST /gas/api/bankaccounts/options_category HTTP/1.1

HTTP headers:
Authorization: Bearer MToxYzQwZjNmYTE5NDc=
Host: localhost
Connection: keep-alive
Accept: application/json, text/plain, */*
Origin: http://localhost:8080
Sec-Fetch-Dest: empty
User-Agent: Mozilla/5.0 (Windows NT 10.0; Win64; x64) AppleWebKit/537.36 (KHTML, like Gecko) GAS/4.0.0 Chrome/80.0.3987.163 Electron/8.5.5 Safari/537.36
Sec-Fetch-Site: same-site
Sec-Fetch-Mode: cors
Referer: http://localhost:8080/revenue/accounts
Accept-Encoding: gzip, deflate, br
Accept-Language: en-US

Request body:
{"request_madeby_name":"Daniel Vincent Johnson","request_madeby_id":"1","request_madeby_access_level":"admin"}

REQUEST TIME: 18:24:52+00:00
POST /gas/api/home/ HTTP/1.1

HTTP headers:
Authorization: Bearer MToxYzQwZjNmYTE5NDc=
Host: localhost
Connection: keep-alive
Accept: application/json, text/plain, */*
Origin: http://localhost:8080
Sec-Fetch-Dest: empty
User-Agent: Mozilla/5.0 (Windows NT 10.0; Win64; x64) AppleWebKit/537.36 (KHTML, like Gecko) GAS/4.0.0 Chrome/80.0.3987.163 Electron/8.5.5 Safari/537.36
Sec-Fetch-Site: same-site
Sec-Fetch-Mode: cors
Referer: http://localhost:8080/revenue
Accept-Encoding: gzip, deflate, br
Accept-Language: en-US

Request body:
{"access_type":"admin","user_id":"1","request_madeby_name":"Daniel Vincent Johnson","request_madeby_id":"1","request_madeby_access_level":"admin"}

REQUEST TIME: 18:37:19+00:00
POST /gas/api/users/profile/ HTTP/1.1

HTTP headers:
Authorization: Bearer MToxYzQwZjNmYTE5NDc=
Host: localhost
Connection: keep-alive
Accept: application/json, text/plain, */*
Origin: http://localhost:8080
Sec-Fetch-Dest: empty
User-Agent: Mozilla/5.0 (Windows NT 10.0; Win64; x64) AppleWebKit/537.36 (KHTML, like Gecko) GAS/4.0.0 Chrome/80.0.3987.163 Electron/8.5.5 Safari/537.36
Sec-Fetch-Site: same-site
Sec-Fetch-Mode: cors
Referer: http://localhost:8080/accounts/profile
Accept-Encoding: gzip, deflate, br
Accept-Language: en-US

Request body:
{"id":"1","request_madeby_name":"Daniel Vincent Johnson","request_madeby_id":"1","request_madeby_access_level":"admin"}

REQUEST TIME: 18:37:25+00:00
POST /gas/api/home/ HTTP/1.1

HTTP headers:
Authorization: Bearer MToxYzQwZjNmYTE5NDc=
Host: localhost
Connection: keep-alive
Accept: application/json, text/plain, */*
Origin: http://localhost:8080
Sec-Fetch-Dest: empty
User-Agent: Mozilla/5.0 (Windows NT 10.0; Win64; x64) AppleWebKit/537.36 (KHTML, like Gecko) GAS/4.0.0 Chrome/80.0.3987.163 Electron/8.5.5 Safari/537.36
Sec-Fetch-Site: same-site
Sec-Fetch-Mode: cors
Referer: http://localhost:8080/revenue
Accept-Encoding: gzip, deflate, br
Accept-Language: en-US

Request body:
{"access_type":"admin","user_id":"1","request_madeby_name":"Daniel Vincent Johnson","request_madeby_id":"1","request_madeby_access_level":"admin"}

REQUEST TIME: 19:49:05+00:00
GET /gas/api/ HTTP/1.1

HTTP headers:
Authorization: 
Host: localhost
Connection: keep-alive
Dnt: 1
Upgrade-Insecure-Requests: 1
User-Agent: Mozilla/5.0 (Windows NT 10.0; Win64; x64) AppleWebKit/537.36 (KHTML, like Gecko) Chrome/87.0.4280.88 Safari/537.36 Edg/87.0.664.66
Accept: text/html,application/xhtml+xml,application/xml;q=0.9,image/webp,image/apng,*/*;q=0.8,application/signed-exchange;v=b3;q=0.9
Sec-Fetch-Site: none
Sec-Fetch-Mode: navigate
Sec-Fetch-Dest: document
Accept-Encoding: gzip, deflate, br
Accept-Language: en-US,en;q=0.9
Cookie: __tawkuuid=e::localhost::61zb1OVtKNA+YBG0aPg/VCpjbWXWAfw0zXZkctzbVOBgA7F7tFYDK7JUx3aao7RV::2; PHPSESSID=t21oop1660t1es6tpoi39diq0t; _ga=GA1.1.722967207.1609759735; seen-cookie-message=yes

Request body:


REQUEST TIME: 19:49:05+00:00
GET /gas/api/ HTTP/1.1

HTTP headers:
Authorization: 
Host: localhost
Connection: keep-alive
Dnt: 1
Upgrade-Insecure-Requests: 1
User-Agent: Mozilla/5.0 (Windows NT 10.0; Win64; x64) AppleWebKit/537.36 (KHTML, like Gecko) Chrome/87.0.4280.88 Safari/537.36 Edg/87.0.664.66
Accept: text/html,application/xhtml+xml,application/xml;q=0.9,image/webp,image/apng,*/*;q=0.8,application/signed-exchange;v=b3;q=0.9
Sec-Fetch-Site: none
Sec-Fetch-Mode: navigate
Sec-Fetch-Dest: document
Accept-Encoding: gzip, deflate, br
Accept-Language: en-US,en;q=0.9
Cookie: __tawkuuid=e::localhost::61zb1OVtKNA+YBG0aPg/VCpjbWXWAfw0zXZkctzbVOBgA7F7tFYDK7JUx3aao7RV::2; PHPSESSID=t21oop1660t1es6tpoi39diq0t; _ga=GA1.1.722967207.1609759735; seen-cookie-message=yes

Request body:


REQUEST TIME: 19:49:05+00:00
GET /gas/api/ HTTP/1.1

HTTP headers:
Authorization: 
Host: localhost
Connection: keep-alive
Dnt: 1
Upgrade-Insecure-Requests: 1
User-Agent: Mozilla/5.0 (Windows NT 10.0; Win64; x64) AppleWebKit/537.36 (KHTML, like Gecko) Chrome/87.0.4280.88 Safari/537.36 Edg/87.0.664.66
Accept: text/html,application/xhtml+xml,application/xml;q=0.9,image/webp,image/apng,*/*;q=0.8,application/signed-exchange;v=b3;q=0.9
Sec-Fetch-Site: none
Sec-Fetch-Mode: navigate
Sec-Fetch-Dest: document
Accept-Encoding: gzip, deflate, br
Accept-Language: en-US,en;q=0.9
Cookie: __tawkuuid=e::localhost::61zb1OVtKNA+YBG0aPg/VCpjbWXWAfw0zXZkctzbVOBgA7F7tFYDK7JUx3aao7RV::2; PHPSESSID=t21oop1660t1es6tpoi39diq0t; _ga=GA1.1.722967207.1609759735; seen-cookie-message=yes

Request body:


REQUEST TIME: 19:49:06+00:00
GET /gas/api/ HTTP/1.1

HTTP headers:
Authorization: 
Host: localhost
Connection: keep-alive
Dnt: 1
Upgrade-Insecure-Requests: 1
User-Agent: Mozilla/5.0 (Windows NT 10.0; Win64; x64) AppleWebKit/537.36 (KHTML, like Gecko) Chrome/87.0.4280.88 Safari/537.36 Edg/87.0.664.66
Accept: text/html,application/xhtml+xml,application/xml;q=0.9,image/webp,image/apng,*/*;q=0.8,application/signed-exchange;v=b3;q=0.9
Sec-Fetch-Site: none
Sec-Fetch-Mode: navigate
Sec-Fetch-Dest: document
Accept-Encoding: gzip, deflate, br
Accept-Language: en-US,en;q=0.9
Cookie: __tawkuuid=e::localhost::61zb1OVtKNA+YBG0aPg/VCpjbWXWAfw0zXZkctzbVOBgA7F7tFYDK7JUx3aao7RV::2; PHPSESSID=t21oop1660t1es6tpoi39diq0t; _ga=GA1.1.722967207.1609759735; seen-cookie-message=yes

Request body:


REQUEST TIME: 19:49:06+00:00
GET /gas/api/ HTTP/1.1

HTTP headers:
Authorization: 
Host: localhost
Connection: keep-alive
Dnt: 1
Upgrade-Insecure-Requests: 1
User-Agent: Mozilla/5.0 (Windows NT 10.0; Win64; x64) AppleWebKit/537.36 (KHTML, like Gecko) Chrome/87.0.4280.88 Safari/537.36 Edg/87.0.664.66
Accept: text/html,application/xhtml+xml,application/xml;q=0.9,image/webp,image/apng,*/*;q=0.8,application/signed-exchange;v=b3;q=0.9
Sec-Fetch-Site: none
Sec-Fetch-Mode: navigate
Sec-Fetch-Dest: document
Accept-Encoding: gzip, deflate, br
Accept-Language: en-US,en;q=0.9
Cookie: __tawkuuid=e::localhost::61zb1OVtKNA+YBG0aPg/VCpjbWXWAfw0zXZkctzbVOBgA7F7tFYDK7JUx3aao7RV::2; PHPSESSID=t21oop1660t1es6tpoi39diq0t; _ga=GA1.1.722967207.1609759735; seen-cookie-message=yes

Request body:


