REQUEST TIME: 22:05:59+00:00
POST /gas/api/users/profile/ HTTP/1.1

HTTP headers:
Authorization: Bearer MToyNDg3ODA2ZWQyOWY=
Host: localhost
Connection: keep-alive
Accept: application/json, text/plain, */*
User-Agent: Mozilla/5.0 (Windows NT 10.0; Win64; x64) AppleWebKit/537.36 (KHTML, like Gecko) Chrome/86.0.4240.198 Safari/537.36
Origin: http://localhost:8081
Sec-Fetch-Site: same-site
Sec-Fetch-Mode: cors
Sec-Fetch-Dest: empty
Referer: http://localhost:8081/
Accept-Encoding: gzip, deflate, br
Accept-Language: en-GB,en-US;q=0.9,en;q=0.8

Request body:
{"id":"1","request_madeby_name":"Daniel Vincent Johnson","request_madeby_id":"1","request_madeby_access_level":"admin"}

REQUEST TIME: 22:15:08+00:00
POST /gas/api/users/ HTTP/1.1

HTTP headers:
Authorization: Bearer MToyNDg3ODA2ZWQyOWY=
Host: localhost
Connection: keep-alive
Accept: application/json, text/plain, */*
User-Agent: Mozilla/5.0 (Windows NT 10.0; Win64; x64) AppleWebKit/537.36 (KHTML, like Gecko) Chrome/86.0.4240.198 Safari/537.36
Origin: http://localhost:8081
Sec-Fetch-Site: same-site
Sec-Fetch-Mode: cors
Sec-Fetch-Dest: empty
Referer: http://localhost:8081/
Accept-Encoding: gzip, deflate, br
Accept-Language: en-GB,en-US;q=0.9,en;q=0.8

Request body:
{"result_per_page":20,"page":1,"search":"","request_madeby_name":"Daniel Vincent Johnson","request_madeby_id":"1","request_madeby_access_level":"admin"}

REQUEST TIME: 22:15:26+00:00
POST /gas/api/users/ HTTP/1.1

HTTP headers:
Authorization: Bearer MToyNDg3ODA2ZWQyOWY=
Host: localhost
Connection: keep-alive
Accept: application/json, text/plain, */*
User-Agent: Mozilla/5.0 (Windows NT 10.0; Win64; x64) AppleWebKit/537.36 (KHTML, like Gecko) Chrome/86.0.4240.198 Safari/537.36
Origin: http://localhost:8081
Sec-Fetch-Site: same-site
Sec-Fetch-Mode: cors
Sec-Fetch-Dest: empty
Referer: http://localhost:8081/
Accept-Encoding: gzip, deflate, br
Accept-Language: en-GB,en-US;q=0.9,en;q=0.8

Request body:
{"result_per_page":20,"page":1,"search":"","request_madeby_name":"Daniel Vincent Johnson","request_madeby_id":"1","request_madeby_access_level":"admin"}

REQUEST TIME: 22:15:53+00:00
POST /gas/api/users/ HTTP/1.1

HTTP headers:
Authorization: Bearer MToyNDg3ODA2ZWQyOWY=
Host: localhost
Connection: keep-alive
Pragma: no-cache
Cache-Control: no-cache
Accept: application/json, text/plain, */*
User-Agent: Mozilla/5.0 (Windows NT 10.0; Win64; x64) AppleWebKit/537.36 (KHTML, like Gecko) Chrome/86.0.4240.198 Safari/537.36
Origin: http://localhost:8081
Sec-Fetch-Site: same-site
Sec-Fetch-Mode: cors
Sec-Fetch-Dest: empty
Referer: http://localhost:8081/
Accept-Encoding: gzip, deflate, br
Accept-Language: en-GB,en-US;q=0.9,en;q=0.8

Request body:
{"result_per_page":20,"page":1,"search":"","request_madeby_name":"Daniel Vincent Johnson","request_madeby_id":"1","request_madeby_access_level":"admin"}

REQUEST TIME: 22:15:57+00:00
POST /gas/api/users/options HTTP/1.1

HTTP headers:
Authorization: Bearer MToyNDg3ODA2ZWQyOWY=
Host: localhost
Connection: keep-alive
Accept: application/json, text/plain, */*
User-Agent: Mozilla/5.0 (Windows NT 10.0; Win64; x64) AppleWebKit/537.36 (KHTML, like Gecko) Chrome/86.0.4240.198 Safari/537.36
Origin: http://localhost:8081
Sec-Fetch-Site: same-site
Sec-Fetch-Mode: cors
Sec-Fetch-Dest: empty
Referer: http://localhost:8081/
Accept-Encoding: gzip, deflate, br
Accept-Language: en-GB,en-US;q=0.9,en;q=0.8

Request body:
{"request_madeby_name":"Daniel Vincent Johnson","request_madeby_id":"1","request_madeby_access_level":"admin"}

REQUEST TIME: 22:16:02+00:00
POST /gas/api/users/ HTTP/1.1

HTTP headers:
Authorization: Bearer MToyNDg3ODA2ZWQyOWY=
Host: localhost
Connection: keep-alive
Accept: application/json, text/plain, */*
User-Agent: Mozilla/5.0 (Windows NT 10.0; Win64; x64) AppleWebKit/537.36 (KHTML, like Gecko) Chrome/86.0.4240.198 Safari/537.36
Origin: http://localhost:8081
Sec-Fetch-Site: same-site
Sec-Fetch-Mode: cors
Sec-Fetch-Dest: empty
Referer: http://localhost:8081/
Accept-Encoding: gzip, deflate, br
Accept-Language: en-GB,en-US;q=0.9,en;q=0.8

Request body:
{"result_per_page":20,"page":1,"search":"","request_madeby_name":"Daniel Vincent Johnson","request_madeby_id":"1","request_madeby_access_level":"admin"}

REQUEST TIME: 22:30:21+00:00
POST /gas/api/users/ HTTP/1.1

HTTP headers:
Authorization: Bearer MToyNDg3ODA2ZWQyOWY=
Host: localhost
Connection: keep-alive
Accept: application/json, text/plain, */*
User-Agent: Mozilla/5.0 (Windows NT 10.0; Win64; x64) AppleWebKit/537.36 (KHTML, like Gecko) Chrome/86.0.4240.198 Safari/537.36
Origin: http://localhost:8081
Sec-Fetch-Site: same-site
Sec-Fetch-Mode: cors
Sec-Fetch-Dest: empty
Referer: http://localhost:8081/
Accept-Encoding: gzip, deflate, br
Accept-Language: en-GB,en-US;q=0.9,en;q=0.8

Request body:
{"result_per_page":20,"page":1,"search":"","request_madeby_name":"Daniel Vincent Johnson","request_madeby_id":"1","request_madeby_access_level":"admin"}

REQUEST TIME: 22:30:22+00:00
POST /gas/api/users/get_roles/ HTTP/1.1

HTTP headers:
Authorization: Bearer MToyNDg3ODA2ZWQyOWY=
Host: localhost
Connection: keep-alive
Accept: application/json, text/plain, */*
User-Agent: Mozilla/5.0 (Windows NT 10.0; Win64; x64) AppleWebKit/537.36 (KHTML, like Gecko) Chrome/86.0.4240.198 Safari/537.36
Origin: http://localhost:8081
Sec-Fetch-Site: same-site
Sec-Fetch-Mode: cors
Sec-Fetch-Dest: empty
Referer: http://localhost:8081/
Accept-Encoding: gzip, deflate, br
Accept-Language: en-GB,en-US;q=0.9,en;q=0.8

Request body:
{"result_per_page":20,"page":1,"search":"","request_madeby_name":"Daniel Vincent Johnson","request_madeby_id":"1","request_madeby_access_level":"admin"}

REQUEST TIME: 22:34:36+00:00
POST /gas/api/users/get_roles/ HTTP/1.1

HTTP headers:
Authorization: Bearer MToyNDg3ODA2ZWQyOWY=
Host: localhost
Connection: keep-alive
Accept: application/json, text/plain, */*
User-Agent: Mozilla/5.0 (Windows NT 10.0; Win64; x64) AppleWebKit/537.36 (KHTML, like Gecko) Chrome/86.0.4240.198 Safari/537.36
Origin: http://localhost:8081
Sec-Fetch-Site: same-site
Sec-Fetch-Mode: cors
Sec-Fetch-Dest: empty
Referer: http://localhost:8081/
Accept-Encoding: gzip, deflate, br
Accept-Language: en-GB,en-US;q=0.9,en;q=0.8

Request body:
{"result_per_page":20,"page":1,"search":"","request_madeby_name":"Daniel Vincent Johnson","request_madeby_id":"1","request_madeby_access_level":"admin"}

REQUEST TIME: 22:34:52+00:00
POST /gas/api/users/get_roles/ HTTP/1.1

HTTP headers:
Authorization: Bearer MToyNDg3ODA2ZWQyOWY=
Host: localhost
Connection: keep-alive
Accept: application/json, text/plain, */*
User-Agent: Mozilla/5.0 (Windows NT 10.0; Win64; x64) AppleWebKit/537.36 (KHTML, like Gecko) Chrome/86.0.4240.198 Safari/537.36
Origin: http://localhost:8081
Sec-Fetch-Site: same-site
Sec-Fetch-Mode: cors
Sec-Fetch-Dest: empty
Referer: http://localhost:8081/
Accept-Encoding: gzip, deflate, br
Accept-Language: en-GB,en-US;q=0.9,en;q=0.8

Request body:
{"result_per_page":20,"page":1,"search":"","request_madeby_name":"Daniel Vincent Johnson","request_madeby_id":"1","request_madeby_access_level":"admin"}

REQUEST TIME: 22:35:23+00:00
POST /gas/api/users/get_roles/ HTTP/1.1

HTTP headers:
Authorization: Bearer MToyNDg3ODA2ZWQyOWY=
Host: localhost
Connection: keep-alive
Accept: application/json, text/plain, */*
User-Agent: Mozilla/5.0 (Windows NT 10.0; Win64; x64) AppleWebKit/537.36 (KHTML, like Gecko) Chrome/86.0.4240.198 Safari/537.36
Origin: http://localhost:8081
Sec-Fetch-Site: same-site
Sec-Fetch-Mode: cors
Sec-Fetch-Dest: empty
Referer: http://localhost:8081/
Accept-Encoding: gzip, deflate, br
Accept-Language: en-GB,en-US;q=0.9,en;q=0.8

Request body:
{"result_per_page":20,"page":1,"search":"","request_madeby_name":"Daniel Vincent Johnson","request_madeby_id":"1","request_madeby_access_level":"admin"}

REQUEST TIME: 22:35:37+00:00
POST /gas/api/users/get_roles/ HTTP/1.1

HTTP headers:
Authorization: Bearer MToyNDg3ODA2ZWQyOWY=
Host: localhost
Connection: keep-alive
Accept: application/json, text/plain, */*
User-Agent: Mozilla/5.0 (Windows NT 10.0; Win64; x64) AppleWebKit/537.36 (KHTML, like Gecko) Chrome/86.0.4240.198 Safari/537.36
Origin: http://localhost:8081
Sec-Fetch-Site: same-site
Sec-Fetch-Mode: cors
Sec-Fetch-Dest: empty
Referer: http://localhost:8081/
Accept-Encoding: gzip, deflate, br
Accept-Language: en-GB,en-US;q=0.9,en;q=0.8

Request body:
{"result_per_page":20,"page":1,"search":"","request_madeby_name":"Daniel Vincent Johnson","request_madeby_id":"1","request_madeby_access_level":"admin"}

REQUEST TIME: 22:35:39+00:00
POST /gas/api/users/ HTTP/1.1

HTTP headers:
Authorization: Bearer MToyNDg3ODA2ZWQyOWY=
Host: localhost
Connection: keep-alive
Accept: application/json, text/plain, */*
User-Agent: Mozilla/5.0 (Windows NT 10.0; Win64; x64) AppleWebKit/537.36 (KHTML, like Gecko) Chrome/86.0.4240.198 Safari/537.36
Origin: http://localhost:8081
Sec-Fetch-Site: same-site
Sec-Fetch-Mode: cors
Sec-Fetch-Dest: empty
Referer: http://localhost:8081/
Accept-Encoding: gzip, deflate, br
Accept-Language: en-GB,en-US;q=0.9,en;q=0.8

Request body:
{"result_per_page":20,"page":1,"search":"","request_madeby_name":"Daniel Vincent Johnson","request_madeby_id":"1","request_madeby_access_level":"admin"}

REQUEST TIME: 23:02:20+00:00
POST /gas/api/users/ HTTP/1.1

HTTP headers:
Authorization: Bearer MTo2YzNhYWQ0YWQxYWU=
Host: localhost
Connection: keep-alive
Accept: application/json, text/plain, */*
User-Agent: Mozilla/5.0 (Windows NT 10.0; Win64; x64) AppleWebKit/537.36 (KHTML, like Gecko) Chrome/86.0.4240.198 Safari/537.36
Origin: http://localhost:8081
Sec-Fetch-Site: same-site
Sec-Fetch-Mode: cors
Sec-Fetch-Dest: empty
Referer: http://localhost:8081/
Accept-Encoding: gzip, deflate, br
Accept-Language: en-GB,en-US;q=0.9,en;q=0.8

Request body:
{"result_per_page":20,"page":1,"search":"","request_madeby_name":"Daniel Vincent Johnson","request_madeby_id":"1","request_madeby_access_level":"admin"}

REQUEST TIME: 23:02:24+00:00
POST /gas/api/users/options HTTP/1.1

HTTP headers:
Authorization: Bearer MTo2YzNhYWQ0YWQxYWU=
Host: localhost
Connection: keep-alive
Accept: application/json, text/plain, */*
User-Agent: Mozilla/5.0 (Windows NT 10.0; Win64; x64) AppleWebKit/537.36 (KHTML, like Gecko) Chrome/86.0.4240.198 Safari/537.36
Origin: http://localhost:8081
Sec-Fetch-Site: same-site
Sec-Fetch-Mode: cors
Sec-Fetch-Dest: empty
Referer: http://localhost:8081/
Accept-Encoding: gzip, deflate, br
Accept-Language: en-GB,en-US;q=0.9,en;q=0.8

Request body:
{"request_madeby_name":"Daniel Vincent Johnson","request_madeby_id":"1","request_madeby_access_level":"admin"}

REQUEST TIME: 23:02:24+00:00
POST /gas/api/users/get/ HTTP/1.1

HTTP headers:
Authorization: Bearer MTo2YzNhYWQ0YWQxYWU=
Host: localhost
Connection: keep-alive
Accept: application/json, text/plain, */*
User-Agent: Mozilla/5.0 (Windows NT 10.0; Win64; x64) AppleWebKit/537.36 (KHTML, like Gecko) Chrome/86.0.4240.198 Safari/537.36
Origin: http://localhost:8081
Sec-Fetch-Site: same-site
Sec-Fetch-Mode: cors
Sec-Fetch-Dest: empty
Referer: http://localhost:8081/
Accept-Encoding: gzip, deflate, br
Accept-Language: en-GB,en-US;q=0.9,en;q=0.8

Request body:
{"id":"1","request_madeby_name":"Daniel Vincent Johnson","request_madeby_id":"1","request_madeby_access_level":"admin"}

REQUEST TIME: 23:02:37+00:00
POST /gas/api/users/update/ HTTP/1.1

HTTP headers:
Authorization: Bearer MTo2YzNhYWQ0YWQxYWU=
Host: localhost
Connection: keep-alive
Accept: application/json, text/plain, */*
User-Agent: Mozilla/5.0 (Windows NT 10.0; Win64; x64) AppleWebKit/537.36 (KHTML, like Gecko) Chrome/86.0.4240.198 Safari/537.36
Origin: http://localhost:8081
Sec-Fetch-Site: same-site
Sec-Fetch-Mode: cors
Sec-Fetch-Dest: empty
Referer: http://localhost:8081/
Accept-Encoding: gzip, deflate, br
Accept-Language: en-GB,en-US;q=0.9,en;q=0.8

Request body:
{"id":"1","username":"dsaved","fullname":"Daniel Vincent Johnson","organization":0,"email":"dsaved8291@gmail.com","phone":"0543848378","user_type":"system","access_level":"admin","password":"admin","photo":"http://localhost/gas/api/uploads/image/20201106d2c1dfbf5d07f661ec454a151115b91856.png","baseurl":"/","pages":["Home","Revenue","Regimes","Petroleum","Accounts","BDC users","OMC users","System Users","System User Role","Petroleum Home","Tax","Tax Type","Tax Products","Tax Schedule","Exemptions","Compute Tax Schedule","OMCs","Reconcile","SML - NPA Reconcilations","NPA - ICOMS Reconcilations","NPA - NPA Reconcilations","NPA","NPA Reconcilation Reports","NPA Daily Liftings","ICOMS (CEPS)","ICOMS Declearations","ICOMS Payments","ICOMS Differences","SML","SML Daily Liftings","Banks","Accounts (Bank)","Organizations","Bank Accounts","Bank Account","Account Categories","Audit Logs","Audit Responses","Revenue Bank Accounts","Unauthorized","Unauthorized Bank of Ghana","Unauthorized Other Banks","Unauthorized Hidden Transactions","Accounts","OMC Organization Manage","Assets","Confirmed Assets","Disposed Assets","New Assets","Transfered Assets","Unknown Assets","Projects","GOG COA","Institutes","Funding","Organization","Location","Natural Accounts","Assets Validation","Assets Validations List","Assets Validations Completed","Reports"],"role":"1","request_madeby_name":"Daniel Vincent Johnson","request_madeby_id":"1","request_madeby_access_level":"admin"}

